[2020-10-23 08:08:08] -- [INFO ]: [cn.besbing.ServerApplication] -- Starting ServerApplication on DESKTOP-1G7K14M with PID 10472 (E:\dataloadercloud3\server\target\classes started by Administrator in E:\dataloadercloud3)
[2020-10-23 08:08:08] -- [INFO ]: [cn.besbing.ServerApplication] -- No active profile set, falling back to default profiles: default
[2020-10-23 08:08:11] -- [INFO ]: [org.apache.coyote.http11.Http11NioProtocol] -- Initializing ProtocolHandler ["http-nio-80"]
[2020-10-23 08:08:11] -- [INFO ]: [org.apache.catalina.core.StandardService] -- Starting service [Tomcat]
[2020-10-23 08:08:11] -- [INFO ]: [org.apache.catalina.core.StandardEngine] -- Starting Servlet engine: [Apache Tomcat/9.0.38]
[2020-10-23 08:08:11] -- [INFO ]: [org.apache.catalina.core.ContainerBase.[Tomcat].[localhost].[/]] -- Initializing Spring embedded WebApplicationContext
[2020-10-23 08:08:13] -- [INFO ]: [org.apache.coyote.http11.Http11NioProtocol] -- Starting ProtocolHandler ["http-nio-80"]
[2020-10-23 08:08:13] -- [INFO ]: [cn.besbing.ServerApplication] -- Started ServerApplication in 5.696 seconds (JVM running for 7.296)
[2020-10-23 08:08:14] -- [INFO ]: [org.apache.catalina.core.ContainerBase.[Tomcat].[localhost].[/]] -- Initializing Spring DispatcherServlet 'dispatcherServlet'
[2020-10-23 08:08:34] -- [INFO ]: [com.alibaba.druid.pool.DruidDataSource] -- {dataSource-1} inited
[2020-10-23 08:15:07] -- [INFO ]: [com.alibaba.druid.pool.DruidDataSource] -- {dataSource-0} closing ...
[2020-10-23 08:15:07] -- [INFO ]: [com.alibaba.druid.pool.DruidDataSource] -- {dataSource-0} closing ...
[2020-10-23 08:15:08] -- [INFO ]: [com.alibaba.druid.pool.DruidDataSource] -- {dataSource-1} closing ...
[2020-10-23 08:15:08] -- [INFO ]: [com.alibaba.druid.pool.DruidDataSource] -- {dataSource-1} closed
[2020-10-23 08:15:11] -- [INFO ]: [cn.besbing.ServerApplication] -- Starting ServerApplication on DESKTOP-1G7K14M with PID 1460 (E:\dataloadercloud3\server\target\classes started by Administrator in E:\dataloadercloud3)
[2020-10-23 08:15:11] -- [INFO ]: [cn.besbing.ServerApplication] -- No active profile set, falling back to default profiles: default
[2020-10-23 08:15:13] -- [INFO ]: [org.apache.coyote.http11.Http11NioProtocol] -- Initializing ProtocolHandler ["http-nio-80"]
[2020-10-23 08:15:13] -- [INFO ]: [org.apache.catalina.core.StandardService] -- Starting service [Tomcat]
[2020-10-23 08:15:13] -- [INFO ]: [org.apache.catalina.core.StandardEngine] -- Starting Servlet engine: [Apache Tomcat/9.0.38]
[2020-10-23 08:15:14] -- [INFO ]: [org.apache.catalina.core.ContainerBase.[Tomcat].[localhost].[/]] -- Initializing Spring embedded WebApplicationContext
[2020-10-23 08:15:15] -- [INFO ]: [org.apache.coyote.http11.Http11NioProtocol] -- Starting ProtocolHandler ["http-nio-80"]
[2020-10-23 08:15:15] -- [INFO ]: [cn.besbing.ServerApplication] -- Started ServerApplication in 4.549 seconds (JVM running for 5.215)
[2020-10-23 08:15:19] -- [INFO ]: [org.apache.catalina.core.ContainerBase.[Tomcat].[localhost].[/]] -- Initializing Spring DispatcherServlet 'dispatcherServlet'
[2020-10-23 08:15:26] -- [INFO ]: [com.alibaba.druid.pool.DruidDataSource] -- {dataSource-1} inited
[2020-10-23 08:18:11] -- [INFO ]: [cn.besbing.ServerApplication] -- Starting ServerApplication on DESKTOP-1G7K14M with PID 13856 (E:\dataloadercloud3\server\target\classes started by Administrator in E:\dataloadercloud3)
[2020-10-23 08:18:11] -- [INFO ]: [cn.besbing.ServerApplication] -- No active profile set, falling back to default profiles: default
[2020-10-23 08:18:13] -- [INFO ]: [org.apache.coyote.http11.Http11NioProtocol] -- Initializing ProtocolHandler ["http-nio-80"]
[2020-10-23 08:18:13] -- [INFO ]: [org.apache.catalina.core.StandardService] -- Starting service [Tomcat]
[2020-10-23 08:18:13] -- [INFO ]: [org.apache.catalina.core.StandardEngine] -- Starting Servlet engine: [Apache Tomcat/9.0.38]
[2020-10-23 08:18:13] -- [INFO ]: [org.apache.catalina.core.ContainerBase.[Tomcat].[localhost].[/]] -- Initializing Spring embedded WebApplicationContext
[2020-10-23 08:18:15] -- [INFO ]: [org.apache.coyote.http11.Http11NioProtocol] -- Starting ProtocolHandler ["http-nio-80"]
[2020-10-23 08:18:15] -- [INFO ]: [cn.besbing.ServerApplication] -- Started ServerApplication in 4.797 seconds (JVM running for 5.548)
[2020-10-23 08:26:13] -- [INFO ]: [cn.besbing.ServerApplication] -- Starting ServerApplication on DESKTOP-1G7K14M with PID 11552 (E:\dataloadercloud3\server\target\classes started by Administrator in E:\dataloadercloud3)
[2020-10-23 08:26:13] -- [INFO ]: [cn.besbing.ServerApplication] -- No active profile set, falling back to default profiles: default
[2020-10-23 08:26:15] -- [INFO ]: [org.apache.coyote.http11.Http11NioProtocol] -- Initializing ProtocolHandler ["http-nio-80"]
[2020-10-23 08:26:15] -- [INFO ]: [org.apache.catalina.core.StandardService] -- Starting service [Tomcat]
[2020-10-23 08:26:15] -- [INFO ]: [org.apache.catalina.core.StandardEngine] -- Starting Servlet engine: [Apache Tomcat/9.0.38]
[2020-10-23 08:26:16] -- [INFO ]: [org.apache.catalina.core.ContainerBase.[Tomcat].[localhost].[/]] -- Initializing Spring embedded WebApplicationContext
[2020-10-23 08:26:17] -- [INFO ]: [org.apache.coyote.http11.Http11NioProtocol] -- Starting ProtocolHandler ["http-nio-80"]
[2020-10-23 08:26:17] -- [INFO ]: [cn.besbing.ServerApplication] -- Started ServerApplication in 4.679 seconds (JVM running for 5.33)
[2020-10-23 08:28:53] -- [INFO ]: [org.apache.catalina.core.ContainerBase.[Tomcat].[localhost].[/]] -- Initializing Spring DispatcherServlet 'dispatcherServlet'
[2020-10-23 08:29:01] -- [INFO ]: [com.alibaba.druid.pool.DruidDataSource] -- {dataSource-1} inited
[2020-10-23 08:32:50] -- [INFO ]: [cn.besbing.ServerApplication] -- Starting ServerApplication on DESKTOP-1G7K14M with PID 2288 (E:\dataloadercloud3\server\target\classes started by Administrator in E:\dataloadercloud3)
[2020-10-23 08:32:50] -- [INFO ]: [cn.besbing.ServerApplication] -- No active profile set, falling back to default profiles: default
[2020-10-23 08:32:52] -- [INFO ]: [org.apache.coyote.http11.Http11NioProtocol] -- Initializing ProtocolHandler ["http-nio-80"]
[2020-10-23 08:32:52] -- [INFO ]: [org.apache.catalina.core.StandardService] -- Starting service [Tomcat]
[2020-10-23 08:32:52] -- [INFO ]: [org.apache.catalina.core.StandardEngine] -- Starting Servlet engine: [Apache Tomcat/9.0.38]
[2020-10-23 08:32:52] -- [INFO ]: [org.apache.catalina.core.ContainerBase.[Tomcat].[localhost].[/]] -- Initializing Spring embedded WebApplicationContext
[2020-10-23 08:32:54] -- [INFO ]: [org.apache.coyote.http11.Http11NioProtocol] -- Starting ProtocolHandler ["http-nio-80"]
[2020-10-23 08:32:54] -- [INFO ]: [cn.besbing.ServerApplication] -- Started ServerApplication in 4.492 seconds (JVM running for 5.191)
[2020-10-23 08:32:57] -- [INFO ]: [org.apache.catalina.core.ContainerBase.[Tomcat].[localhost].[/]] -- Initializing Spring DispatcherServlet 'dispatcherServlet'
[2020-10-23 08:33:07] -- [INFO ]: [com.alibaba.druid.pool.DruidDataSource] -- {dataSource-1} inited
[2020-10-23 08:36:22] -- [INFO ]: [cn.besbing.ServerApplication] -- Starting ServerApplication on DESKTOP-1G7K14M with PID 3188 (E:\dataloadercloud3\server\target\classes started by Administrator in E:\dataloadercloud3)
[2020-10-23 08:36:22] -- [INFO ]: [cn.besbing.ServerApplication] -- No active profile set, falling back to default profiles: default
[2020-10-23 08:36:25] -- [INFO ]: [org.apache.coyote.http11.Http11NioProtocol] -- Initializing ProtocolHandler ["http-nio-80"]
[2020-10-23 08:36:25] -- [INFO ]: [org.apache.catalina.core.StandardService] -- Starting service [Tomcat]
[2020-10-23 08:36:25] -- [INFO ]: [org.apache.catalina.core.StandardEngine] -- Starting Servlet engine: [Apache Tomcat/9.0.38]
[2020-10-23 08:36:25] -- [INFO ]: [org.apache.catalina.core.ContainerBase.[Tomcat].[localhost].[/]] -- Initializing Spring embedded WebApplicationContext
[2020-10-23 08:36:26] -- [INFO ]: [org.apache.coyote.http11.Http11NioProtocol] -- Starting ProtocolHandler ["http-nio-80"]
[2020-10-23 08:36:26] -- [INFO ]: [cn.besbing.ServerApplication] -- Started ServerApplication in 4.522 seconds (JVM running for 5.192)
[2020-10-23 08:36:30] -- [INFO ]: [org.apache.catalina.core.ContainerBase.[Tomcat].[localhost].[/]] -- Initializing Spring DispatcherServlet 'dispatcherServlet'
[2020-10-23 08:36:38] -- [INFO ]: [com.alibaba.druid.pool.DruidDataSource] -- {dataSource-1} inited
[2020-10-23 08:41:24] -- [INFO ]: [cn.besbing.ServerApplication] -- Starting ServerApplication on DESKTOP-1G7K14M with PID 13856 (E:\dataloadercloud3\server\target\classes started by Administrator in E:\dataloadercloud3)
[2020-10-23 08:41:24] -- [INFO ]: [cn.besbing.ServerApplication] -- No active profile set, falling back to default profiles: default
[2020-10-23 08:41:26] -- [INFO ]: [org.apache.coyote.http11.Http11NioProtocol] -- Initializing ProtocolHandler ["http-nio-80"]
[2020-10-23 08:41:26] -- [INFO ]: [org.apache.catalina.core.StandardService] -- Starting service [Tomcat]
[2020-10-23 08:41:26] -- [INFO ]: [org.apache.catalina.core.StandardEngine] -- Starting Servlet engine: [Apache Tomcat/9.0.38]
[2020-10-23 08:41:26] -- [INFO ]: [org.apache.catalina.core.ContainerBase.[Tomcat].[localhost].[/]] -- Initializing Spring embedded WebApplicationContext
[2020-10-23 08:41:27] -- [INFO ]: [org.apache.coyote.http11.Http11NioProtocol] -- Starting ProtocolHandler ["http-nio-80"]
[2020-10-23 08:41:27] -- [INFO ]: [cn.besbing.ServerApplication] -- Started ServerApplication in 4.443 seconds (JVM running for 5.1)
[2020-10-23 08:54:23] -- [INFO ]: [org.apache.catalina.core.ContainerBase.[Tomcat].[localhost].[/]] -- Initializing Spring DispatcherServlet 'dispatcherServlet'
[2020-10-23 08:54:33] -- [INFO ]: [com.alibaba.druid.pool.DruidDataSource] -- {dataSource-1} inited
[2020-10-23 08:57:31] -- [INFO ]: [cn.besbing.ServerApplication] -- Starting ServerApplication on DESKTOP-1G7K14M with PID 6380 (E:\dataloadercloud3\server\target\classes started by Administrator in E:\dataloadercloud3)
[2020-10-23 08:57:31] -- [INFO ]: [cn.besbing.ServerApplication] -- No active profile set, falling back to default profiles: default
[2020-10-23 08:57:34] -- [INFO ]: [org.apache.coyote.http11.Http11NioProtocol] -- Initializing ProtocolHandler ["http-nio-80"]
[2020-10-23 08:57:34] -- [INFO ]: [org.apache.catalina.core.StandardService] -- Starting service [Tomcat]
[2020-10-23 08:57:34] -- [INFO ]: [org.apache.catalina.core.StandardEngine] -- Starting Servlet engine: [Apache Tomcat/9.0.38]
[2020-10-23 08:57:34] -- [INFO ]: [org.apache.catalina.core.ContainerBase.[Tomcat].[localhost].[/]] -- Initializing Spring embedded WebApplicationContext
[2020-10-23 08:57:36] -- [INFO ]: [org.apache.coyote.http11.Http11NioProtocol] -- Starting ProtocolHandler ["http-nio-80"]
[2020-10-23 08:57:36] -- [INFO ]: [cn.besbing.ServerApplication] -- Started ServerApplication in 5.546 seconds (JVM running for 6.615)
[2020-10-23 08:59:02] -- [INFO ]: [com.alibaba.druid.pool.DruidDataSource] -- {dataSource-0} closing ...
[2020-10-23 08:59:02] -- [INFO ]: [com.alibaba.druid.pool.DruidDataSource] -- {dataSource-0} closing ...
[2020-10-23 08:59:02] -- [INFO ]: [com.alibaba.druid.pool.DruidDataSource] -- {dataSource-0} closing ...
[2020-10-23 08:59:08] -- [INFO ]: [cn.besbing.ServerApplication] -- Starting ServerApplication on DESKTOP-1G7K14M with PID 14240 (E:\dataloadercloud3\server\target\classes started by Administrator in E:\dataloadercloud3)
[2020-10-23 08:59:08] -- [INFO ]: [cn.besbing.ServerApplication] -- No active profile set, falling back to default profiles: default
[2020-10-23 08:59:10] -- [INFO ]: [org.apache.coyote.http11.Http11NioProtocol] -- Initializing ProtocolHandler ["http-nio-80"]
[2020-10-23 08:59:10] -- [INFO ]: [org.apache.catalina.core.StandardService] -- Starting service [Tomcat]
[2020-10-23 08:59:10] -- [INFO ]: [org.apache.catalina.core.StandardEngine] -- Starting Servlet engine: [Apache Tomcat/9.0.38]
[2020-10-23 08:59:10] -- [INFO ]: [org.apache.catalina.core.ContainerBase.[Tomcat].[localhost].[/]] -- Initializing Spring embedded WebApplicationContext
[2020-10-23 08:59:12] -- [INFO ]: [org.apache.coyote.http11.Http11NioProtocol] -- Starting ProtocolHandler ["http-nio-80"]
[2020-10-23 08:59:12] -- [INFO ]: [cn.besbing.ServerApplication] -- Started ServerApplication in 4.515 seconds (JVM running for 5.24)
[2020-10-23 08:59:14] -- [INFO ]: [org.apache.catalina.core.ContainerBase.[Tomcat].[localhost].[/]] -- Initializing Spring DispatcherServlet 'dispatcherServlet'
[2020-10-23 08:59:20] -- [INFO ]: [com.alibaba.druid.pool.DruidDataSource] -- {dataSource-1} inited
[2020-10-23 09:00:28] -- [INFO ]: [cn.besbing.ServerApplication] -- Starting ServerApplication on DESKTOP-1G7K14M with PID 8544 (E:\dataloadercloud3\server\target\classes started by Administrator in E:\dataloadercloud3)
[2020-10-23 09:00:28] -- [INFO ]: [cn.besbing.ServerApplication] -- No active profile set, falling back to default profiles: default
[2020-10-23 09:00:30] -- [INFO ]: [org.apache.coyote.http11.Http11NioProtocol] -- Initializing ProtocolHandler ["http-nio-80"]
[2020-10-23 09:00:30] -- [INFO ]: [org.apache.catalina.core.StandardService] -- Starting service [Tomcat]
[2020-10-23 09:00:30] -- [INFO ]: [org.apache.catalina.core.StandardEngine] -- Starting Servlet engine: [Apache Tomcat/9.0.38]
[2020-10-23 09:00:30] -- [INFO ]: [org.apache.catalina.core.ContainerBase.[Tomcat].[localhost].[/]] -- Initializing Spring embedded WebApplicationContext
[2020-10-23 09:00:31] -- [INFO ]: [org.apache.coyote.http11.Http11NioProtocol] -- Starting ProtocolHandler ["http-nio-80"]
[2020-10-23 09:00:31] -- [INFO ]: [cn.besbing.ServerApplication] -- Started ServerApplication in 4.413 seconds (JVM running for 5.066)
[2020-10-23 09:00:36] -- [INFO ]: [org.apache.catalina.core.ContainerBase.[Tomcat].[localhost].[/]] -- Initializing Spring DispatcherServlet 'dispatcherServlet'
[2020-10-23 09:00:43] -- [INFO ]: [com.alibaba.druid.pool.DruidDataSource] -- {dataSource-1} inited
[2020-10-23 09:09:11] -- [INFO ]: [cn.besbing.ServerApplication] -- Starting ServerApplication on DESKTOP-1G7K14M with PID 13620 (E:\dataloadercloud3\server\target\classes started by Administrator in E:\dataloadercloud3)
[2020-10-23 09:09:11] -- [INFO ]: [cn.besbing.ServerApplication] -- No active profile set, falling back to default profiles: default
[2020-10-23 09:09:13] -- [INFO ]: [org.apache.coyote.http11.Http11NioProtocol] -- Initializing ProtocolHandler ["http-nio-80"]
[2020-10-23 09:09:13] -- [INFO ]: [org.apache.catalina.core.StandardService] -- Starting service [Tomcat]
[2020-10-23 09:09:13] -- [INFO ]: [org.apache.catalina.core.StandardEngine] -- Starting Servlet engine: [Apache Tomcat/9.0.38]
[2020-10-23 09:09:13] -- [INFO ]: [org.apache.catalina.core.ContainerBase.[Tomcat].[localhost].[/]] -- Initializing Spring embedded WebApplicationContext
[2020-10-23 09:09:15] -- [INFO ]: [org.apache.coyote.http11.Http11NioProtocol] -- Starting ProtocolHandler ["http-nio-80"]
[2020-10-23 09:09:15] -- [INFO ]: [cn.besbing.ServerApplication] -- Started ServerApplication in 4.517 seconds (JVM running for 5.218)
[2020-10-23 09:09:20] -- [INFO ]: [org.apache.catalina.core.ContainerBase.[Tomcat].[localhost].[/]] -- Initializing Spring DispatcherServlet 'dispatcherServlet'
[2020-10-23 09:09:27] -- [INFO ]: [com.alibaba.druid.pool.DruidDataSource] -- {dataSource-1} inited
[2020-10-23 09:14:30] -- [INFO ]: [cn.besbing.ServerApplication] -- Starting ServerApplication on DESKTOP-1G7K14M with PID 13468 (E:\dataloadercloud3\server\target\classes started by Administrator in E:\dataloadercloud3)
[2020-10-23 09:14:30] -- [INFO ]: [cn.besbing.ServerApplication] -- No active profile set, falling back to default profiles: default
[2020-10-23 09:14:32] -- [INFO ]: [org.apache.coyote.http11.Http11NioProtocol] -- Initializing ProtocolHandler ["http-nio-80"]
[2020-10-23 09:14:32] -- [INFO ]: [org.apache.catalina.core.StandardService] -- Starting service [Tomcat]
[2020-10-23 09:14:32] -- [INFO ]: [org.apache.catalina.core.StandardEngine] -- Starting Servlet engine: [Apache Tomcat/9.0.38]
[2020-10-23 09:14:33] -- [INFO ]: [org.apache.catalina.core.ContainerBase.[Tomcat].[localhost].[/]] -- Initializing Spring embedded WebApplicationContext
[2020-10-23 09:14:34] -- [INFO ]: [org.apache.coyote.http11.Http11NioProtocol] -- Starting ProtocolHandler ["http-nio-80"]
[2020-10-23 09:14:34] -- [INFO ]: [cn.besbing.ServerApplication] -- Started ServerApplication in 4.803 seconds (JVM running for 5.575)
[2020-10-23 09:14:40] -- [INFO ]: [org.apache.catalina.core.ContainerBase.[Tomcat].[localhost].[/]] -- Initializing Spring DispatcherServlet 'dispatcherServlet'
[2020-10-23 09:14:46] -- [INFO ]: [com.alibaba.druid.pool.DruidDataSource] -- {dataSource-1} inited
[2020-10-23 09:15:20] -- [INFO ]: [cn.besbing.ServerApplication] -- Starting ServerApplication on DESKTOP-1G7K14M with PID 12020 (E:\dataloadercloud3\server\target\classes started by Administrator in E:\dataloadercloud3)
[2020-10-23 09:15:20] -- [INFO ]: [cn.besbing.ServerApplication] -- No active profile set, falling back to default profiles: default
[2020-10-23 09:15:22] -- [INFO ]: [org.apache.coyote.http11.Http11NioProtocol] -- Initializing ProtocolHandler ["http-nio-80"]
[2020-10-23 09:15:22] -- [INFO ]: [org.apache.catalina.core.StandardService] -- Starting service [Tomcat]
[2020-10-23 09:15:22] -- [INFO ]: [org.apache.catalina.core.StandardEngine] -- Starting Servlet engine: [Apache Tomcat/9.0.38]
[2020-10-23 09:15:22] -- [INFO ]: [org.apache.catalina.core.ContainerBase.[Tomcat].[localhost].[/]] -- Initializing Spring embedded WebApplicationContext
[2020-10-23 09:15:24] -- [INFO ]: [org.apache.coyote.http11.Http11NioProtocol] -- Starting ProtocolHandler ["http-nio-80"]
[2020-10-23 09:15:24] -- [INFO ]: [cn.besbing.ServerApplication] -- Started ServerApplication in 4.906 seconds (JVM running for 5.609)
[2020-10-23 09:15:45] -- [INFO ]: [org.apache.catalina.core.ContainerBase.[Tomcat].[localhost].[/]] -- Initializing Spring DispatcherServlet 'dispatcherServlet'
[2020-10-23 09:15:52] -- [INFO ]: [com.alibaba.druid.pool.DruidDataSource] -- {dataSource-1} inited
[2020-10-23 09:22:23] -- [INFO ]: [cn.besbing.ServerApplication] -- Starting ServerApplication on DESKTOP-1G7K14M with PID 12756 (E:\dataloadercloud3\server\target\classes started by Administrator in E:\dataloadercloud3)
[2020-10-23 09:22:23] -- [INFO ]: [cn.besbing.ServerApplication] -- No active profile set, falling back to default profiles: default
[2020-10-23 09:22:26] -- [INFO ]: [org.apache.coyote.http11.Http11NioProtocol] -- Initializing ProtocolHandler ["http-nio-80"]
[2020-10-23 09:22:26] -- [INFO ]: [org.apache.catalina.core.StandardService] -- Starting service [Tomcat]
[2020-10-23 09:22:26] -- [INFO ]: [org.apache.catalina.core.StandardEngine] -- Starting Servlet engine: [Apache Tomcat/9.0.38]
[2020-10-23 09:22:26] -- [INFO ]: [org.apache.catalina.core.ContainerBase.[Tomcat].[localhost].[/]] -- Initializing Spring embedded WebApplicationContext
[2020-10-23 09:22:28] -- [INFO ]: [org.apache.coyote.http11.Http11NioProtocol] -- Starting ProtocolHandler ["http-nio-80"]
[2020-10-23 09:22:28] -- [INFO ]: [cn.besbing.ServerApplication] -- Started ServerApplication in 4.854 seconds (JVM running for 5.624)
[2020-10-23 09:24:47] -- [INFO ]: [org.apache.catalina.core.ContainerBase.[Tomcat].[localhost].[/]] -- Initializing Spring DispatcherServlet 'dispatcherServlet'
[2020-10-23 09:24:59] -- [INFO ]: [com.alibaba.druid.pool.DruidDataSource] -- {dataSource-1} inited
[2020-10-23 09:26:50] -- [INFO ]: [cn.besbing.ServerApplication] -- Starting ServerApplication on DESKTOP-1G7K14M with PID 13124 (E:\dataloadercloud3\server\target\classes started by Administrator in E:\dataloadercloud3)
[2020-10-23 09:26:50] -- [INFO ]: [cn.besbing.ServerApplication] -- No active profile set, falling back to default profiles: default
[2020-10-23 09:26:53] -- [INFO ]: [org.apache.coyote.http11.Http11NioProtocol] -- Initializing ProtocolHandler ["http-nio-80"]
[2020-10-23 09:26:53] -- [INFO ]: [org.apache.catalina.core.StandardService] -- Starting service [Tomcat]
[2020-10-23 09:26:53] -- [INFO ]: [org.apache.catalina.core.StandardEngine] -- Starting Servlet engine: [Apache Tomcat/9.0.38]
[2020-10-23 09:26:53] -- [INFO ]: [org.apache.catalina.core.ContainerBase.[Tomcat].[localhost].[/]] -- Initializing Spring embedded WebApplicationContext
[2020-10-23 09:26:54] -- [INFO ]: [org.apache.coyote.http11.Http11NioProtocol] -- Starting ProtocolHandler ["http-nio-80"]
[2020-10-23 09:26:54] -- [INFO ]: [cn.besbing.ServerApplication] -- Started ServerApplication in 4.662 seconds (JVM running for 5.464)
[2020-10-23 09:26:57] -- [INFO ]: [org.apache.catalina.core.ContainerBase.[Tomcat].[localhost].[/]] -- Initializing Spring DispatcherServlet 'dispatcherServlet'
[2020-10-23 09:27:03] -- [INFO ]: [com.alibaba.druid.pool.DruidDataSource] -- {dataSource-1} inited
[2020-10-23 09:31:51] -- [INFO ]: [cn.besbing.ServerApplication] -- Starting ServerApplication on DESKTOP-1G7K14M with PID 1476 (E:\dataloadercloud3\server\target\classes started by Administrator in E:\dataloadercloud3)
[2020-10-23 09:31:51] -- [INFO ]: [cn.besbing.ServerApplication] -- No active profile set, falling back to default profiles: default
[2020-10-23 09:31:54] -- [INFO ]: [org.apache.coyote.http11.Http11NioProtocol] -- Initializing ProtocolHandler ["http-nio-80"]
[2020-10-23 09:31:54] -- [INFO ]: [org.apache.catalina.core.StandardService] -- Starting service [Tomcat]
[2020-10-23 09:31:54] -- [INFO ]: [org.apache.catalina.core.StandardEngine] -- Starting Servlet engine: [Apache Tomcat/9.0.38]
[2020-10-23 09:31:54] -- [INFO ]: [org.apache.catalina.core.ContainerBase.[Tomcat].[localhost].[/]] -- Initializing Spring embedded WebApplicationContext
[2020-10-23 09:31:56] -- [INFO ]: [org.apache.coyote.http11.Http11NioProtocol] -- Starting ProtocolHandler ["http-nio-80"]
[2020-10-23 09:31:56] -- [INFO ]: [cn.besbing.ServerApplication] -- Started ServerApplication in 4.887 seconds (JVM running for 5.757)
[2020-10-23 09:32:22] -- [INFO ]: [org.apache.catalina.core.ContainerBase.[Tomcat].[localhost].[/]] -- Initializing Spring DispatcherServlet 'dispatcherServlet'
[2020-10-23 09:32:29] -- [INFO ]: [com.alibaba.druid.pool.DruidDataSource] -- {dataSource-1} inited
[2020-10-23 09:35:36] -- [INFO ]: [cn.besbing.ServerApplication] -- Starting ServerApplication on DESKTOP-1G7K14M with PID 14008 (E:\dataloadercloud3\server\target\classes started by Administrator in E:\dataloadercloud3)
[2020-10-23 09:35:36] -- [INFO ]: [cn.besbing.ServerApplication] -- No active profile set, falling back to default profiles: default
[2020-10-23 09:35:38] -- [INFO ]: [org.apache.coyote.http11.Http11NioProtocol] -- Initializing ProtocolHandler ["http-nio-80"]
[2020-10-23 09:35:38] -- [INFO ]: [org.apache.catalina.core.StandardService] -- Starting service [Tomcat]
[2020-10-23 09:35:38] -- [INFO ]: [org.apache.catalina.core.StandardEngine] -- Starting Servlet engine: [Apache Tomcat/9.0.38]
[2020-10-23 09:35:38] -- [INFO ]: [org.apache.catalina.core.ContainerBase.[Tomcat].[localhost].[/]] -- Initializing Spring embedded WebApplicationContext
[2020-10-23 09:35:40] -- [INFO ]: [org.apache.coyote.http11.Http11NioProtocol] -- Starting ProtocolHandler ["http-nio-80"]
[2020-10-23 09:35:40] -- [INFO ]: [cn.besbing.ServerApplication] -- Started ServerApplication in 4.63 seconds (JVM running for 5.274)
[2020-10-23 09:36:07] -- [INFO ]: [org.apache.catalina.core.ContainerBase.[Tomcat].[localhost].[/]] -- Initializing Spring DispatcherServlet 'dispatcherServlet'
[2020-10-23 09:36:13] -- [INFO ]: [com.alibaba.druid.pool.DruidDataSource] -- {dataSource-1} inited
[2020-10-23 09:41:46] -- [INFO ]: [cn.besbing.ServerApplication] -- Starting ServerApplication on DESKTOP-1G7K14M with PID 14056 (E:\dataloadercloud3\server\target\classes started by Administrator in E:\dataloadercloud3)
[2020-10-23 09:41:46] -- [INFO ]: [cn.besbing.ServerApplication] -- No active profile set, falling back to default profiles: default
[2020-10-23 09:41:48] -- [INFO ]: [org.apache.coyote.http11.Http11NioProtocol] -- Initializing ProtocolHandler ["http-nio-80"]
[2020-10-23 09:41:48] -- [INFO ]: [org.apache.catalina.core.StandardService] -- Starting service [Tomcat]
[2020-10-23 09:41:48] -- [INFO ]: [org.apache.catalina.core.StandardEngine] -- Starting Servlet engine: [Apache Tomcat/9.0.38]
[2020-10-23 09:41:48] -- [INFO ]: [org.apache.catalina.core.ContainerBase.[Tomcat].[localhost].[/]] -- Initializing Spring embedded WebApplicationContext
[2020-10-23 09:41:50] -- [INFO ]: [org.apache.coyote.http11.Http11NioProtocol] -- Starting ProtocolHandler ["http-nio-80"]
[2020-10-23 09:41:50] -- [INFO ]: [cn.besbing.ServerApplication] -- Started ServerApplication in 4.837 seconds (JVM running for 5.602)
[2020-10-23 09:41:56] -- [INFO ]: [org.apache.catalina.core.ContainerBase.[Tomcat].[localhost].[/]] -- Initializing Spring DispatcherServlet 'dispatcherServlet'
[2020-10-23 09:42:18] -- [INFO ]: [com.alibaba.druid.pool.DruidDataSource] -- {dataSource-1} inited
[2020-10-23 09:45:08] -- [INFO ]: [cn.besbing.ServerApplication] -- Starting ServerApplication on DESKTOP-1G7K14M with PID 9900 (E:\dataloadercloud3\server\target\classes started by Administrator in E:\dataloadercloud3)
[2020-10-23 09:45:08] -- [INFO ]: [cn.besbing.ServerApplication] -- No active profile set, falling back to default profiles: default
[2020-10-23 09:45:11] -- [INFO ]: [org.apache.coyote.http11.Http11NioProtocol] -- Initializing ProtocolHandler ["http-nio-80"]
[2020-10-23 09:45:11] -- [INFO ]: [org.apache.catalina.core.StandardService] -- Starting service [Tomcat]
[2020-10-23 09:45:11] -- [INFO ]: [org.apache.catalina.core.StandardEngine] -- Starting Servlet engine: [Apache Tomcat/9.0.38]
[2020-10-23 09:45:11] -- [INFO ]: [org.apache.catalina.core.ContainerBase.[Tomcat].[localhost].[/]] -- Initializing Spring embedded WebApplicationContext
[2020-10-23 09:45:12] -- [INFO ]: [org.apache.coyote.http11.Http11NioProtocol] -- Starting ProtocolHandler ["http-nio-80"]
[2020-10-23 09:45:12] -- [INFO ]: [cn.besbing.ServerApplication] -- Started ServerApplication in 4.788 seconds (JVM running for 5.451)
[2020-10-23 09:45:16] -- [INFO ]: [org.apache.catalina.core.ContainerBase.[Tomcat].[localhost].[/]] -- Initializing Spring DispatcherServlet 'dispatcherServlet'
[2020-10-23 09:45:23] -- [INFO ]: [com.alibaba.druid.pool.DruidDataSource] -- {dataSource-1} inited
[2020-10-23 10:42:49] -- [INFO ]: [cn.besbing.ServerApplication] -- Starting ServerApplication on DESKTOP-1G7K14M with PID 13248 (E:\dataloadercloud3\server\target\classes started by Administrator in E:\dataloadercloud3)
[2020-10-23 10:42:49] -- [INFO ]: [cn.besbing.ServerApplication] -- No active profile set, falling back to default profiles: default
[2020-10-23 10:42:51] -- [INFO ]: [org.apache.coyote.http11.Http11NioProtocol] -- Initializing ProtocolHandler ["http-nio-80"]
[2020-10-23 10:42:51] -- [INFO ]: [org.apache.catalina.core.StandardService] -- Starting service [Tomcat]
[2020-10-23 10:42:51] -- [INFO ]: [org.apache.catalina.core.StandardEngine] -- Starting Servlet engine: [Apache Tomcat/9.0.38]
[2020-10-23 10:42:52] -- [INFO ]: [org.apache.catalina.core.ContainerBase.[Tomcat].[localhost].[/]] -- Initializing Spring embedded WebApplicationContext
[2020-10-23 10:42:53] -- [INFO ]: [org.apache.coyote.http11.Http11NioProtocol] -- Starting ProtocolHandler ["http-nio-80"]
[2020-10-23 10:42:53] -- [INFO ]: [cn.besbing.ServerApplication] -- Started ServerApplication in 4.744 seconds (JVM running for 5.539)
[2020-10-23 10:43:12] -- [INFO ]: [org.apache.catalina.core.ContainerBase.[Tomcat].[localhost].[/]] -- Initializing Spring DispatcherServlet 'dispatcherServlet'
[2020-10-23 10:43:23] -- [INFO ]: [com.alibaba.druid.pool.DruidDataSource] -- {dataSource-1} inited
[2020-10-23 10:51:30] -- [INFO ]: [cn.besbing.ServerApplication] -- Starting ServerApplication on DESKTOP-1G7K14M with PID 14196 (E:\dataloadercloud3\server\target\classes started by Administrator in E:\dataloadercloud3)
[2020-10-23 10:51:30] -- [INFO ]: [cn.besbing.ServerApplication] -- No active profile set, falling back to default profiles: default
[2020-10-23 10:51:33] -- [INFO ]: [org.apache.coyote.http11.Http11NioProtocol] -- Initializing ProtocolHandler ["http-nio-80"]
[2020-10-23 10:51:33] -- [INFO ]: [org.apache.catalina.core.StandardService] -- Starting service [Tomcat]
[2020-10-23 10:51:33] -- [INFO ]: [org.apache.catalina.core.StandardEngine] -- Starting Servlet engine: [Apache Tomcat/9.0.38]
[2020-10-23 10:51:33] -- [INFO ]: [org.apache.catalina.core.ContainerBase.[Tomcat].[localhost].[/]] -- Initializing Spring embedded WebApplicationContext
[2020-10-23 10:51:34] -- [INFO ]: [org.apache.coyote.http11.Http11NioProtocol] -- Starting ProtocolHandler ["http-nio-80"]
[2020-10-23 10:51:34] -- [INFO ]: [cn.besbing.ServerApplication] -- Started ServerApplication in 4.859 seconds (JVM running for 5.593)
[2020-10-23 10:51:42] -- [INFO ]: [org.apache.catalina.core.ContainerBase.[Tomcat].[localhost].[/]] -- Initializing Spring DispatcherServlet 'dispatcherServlet'
[2020-10-23 10:51:50] -- [INFO ]: [com.alibaba.druid.pool.DruidDataSource] -- {dataSource-1} inited
[2020-10-23 10:52:38] -- [INFO ]: [cn.besbing.ServerApplication] -- Starting ServerApplication on DESKTOP-1G7K14M with PID 10720 (E:\dataloadercloud3\server\target\classes started by Administrator in E:\dataloadercloud3)
[2020-10-23 10:52:38] -- [INFO ]: [cn.besbing.ServerApplication] -- No active profile set, falling back to default profiles: default
[2020-10-23 10:52:40] -- [INFO ]: [org.apache.coyote.http11.Http11NioProtocol] -- Initializing ProtocolHandler ["http-nio-80"]
[2020-10-23 10:52:40] -- [INFO ]: [org.apache.catalina.core.StandardService] -- Starting service [Tomcat]
[2020-10-23 10:52:40] -- [INFO ]: [org.apache.catalina.core.StandardEngine] -- Starting Servlet engine: [Apache Tomcat/9.0.38]
[2020-10-23 10:52:40] -- [INFO ]: [org.apache.catalina.core.ContainerBase.[Tomcat].[localhost].[/]] -- Initializing Spring embedded WebApplicationContext
[2020-10-23 10:52:42] -- [INFO ]: [org.apache.coyote.http11.Http11NioProtocol] -- Starting ProtocolHandler ["http-nio-80"]
[2020-10-23 10:52:42] -- [INFO ]: [cn.besbing.ServerApplication] -- Started ServerApplication in 4.854 seconds (JVM running for 5.572)
[2020-10-23 10:52:56] -- [INFO ]: [org.apache.catalina.core.ContainerBase.[Tomcat].[localhost].[/]] -- Initializing Spring DispatcherServlet 'dispatcherServlet'
[2020-10-23 10:53:04] -- [INFO ]: [com.alibaba.druid.pool.DruidDataSource] -- {dataSource-1} inited
[2020-10-23 10:53:49] -- [INFO ]: [cn.besbing.ServerApplication] -- Starting ServerApplication on DESKTOP-1G7K14M with PID 11956 (E:\dataloadercloud3\server\target\classes started by Administrator in E:\dataloadercloud3)
[2020-10-23 10:53:49] -- [INFO ]: [cn.besbing.ServerApplication] -- No active profile set, falling back to default profiles: default
[2020-10-23 10:53:51] -- [INFO ]: [org.apache.coyote.http11.Http11NioProtocol] -- Initializing ProtocolHandler ["http-nio-80"]
[2020-10-23 10:53:51] -- [INFO ]: [org.apache.catalina.core.StandardService] -- Starting service [Tomcat]
[2020-10-23 10:53:51] -- [INFO ]: [org.apache.catalina.core.StandardEngine] -- Starting Servlet engine: [Apache Tomcat/9.0.38]
[2020-10-23 10:53:51] -- [INFO ]: [org.apache.catalina.core.ContainerBase.[Tomcat].[localhost].[/]] -- Initializing Spring embedded WebApplicationContext
[2020-10-23 10:53:53] -- [INFO ]: [org.apache.coyote.http11.Http11NioProtocol] -- Starting ProtocolHandler ["http-nio-80"]
[2020-10-23 10:53:53] -- [INFO ]: [cn.besbing.ServerApplication] -- Started ServerApplication in 4.855 seconds (JVM running for 5.55)
[2020-10-23 10:54:09] -- [INFO ]: [org.apache.catalina.core.ContainerBase.[Tomcat].[localhost].[/]] -- Initializing Spring DispatcherServlet 'dispatcherServlet'
[2020-10-23 10:54:15] -- [INFO ]: [com.alibaba.druid.pool.DruidDataSource] -- {dataSource-1} inited
[2020-10-23 11:05:12] -- [INFO ]: [cn.besbing.ServerApplication] -- Starting ServerApplication on DESKTOP-1G7K14M with PID 11256 (E:\dataloadercloud3\server\target\classes started by Administrator in E:\dataloadercloud3)
[2020-10-23 11:05:12] -- [INFO ]: [cn.besbing.ServerApplication] -- No active profile set, falling back to default profiles: default
[2020-10-23 11:05:14] -- [INFO ]: [org.apache.coyote.http11.Http11NioProtocol] -- Initializing ProtocolHandler ["http-nio-80"]
[2020-10-23 11:05:14] -- [INFO ]: [org.apache.catalina.core.StandardService] -- Starting service [Tomcat]
[2020-10-23 11:05:14] -- [INFO ]: [org.apache.catalina.core.StandardEngine] -- Starting Servlet engine: [Apache Tomcat/9.0.38]
[2020-10-23 11:05:14] -- [INFO ]: [org.apache.catalina.core.ContainerBase.[Tomcat].[localhost].[/]] -- Initializing Spring embedded WebApplicationContext
[2020-10-23 11:05:15] -- [INFO ]: [org.apache.coyote.http11.Http11NioProtocol] -- Starting ProtocolHandler ["http-nio-80"]
[2020-10-23 11:05:16] -- [INFO ]: [cn.besbing.ServerApplication] -- Started ServerApplication in 4.479 seconds (JVM running for 5.134)
[2020-10-23 11:05:33] -- [INFO ]: [org.apache.catalina.core.ContainerBase.[Tomcat].[localhost].[/]] -- Initializing Spring DispatcherServlet 'dispatcherServlet'
[2020-10-23 11:05:41] -- [INFO ]: [com.alibaba.druid.pool.DruidDataSource] -- {dataSource-1} inited
[2020-10-23 11:26:51] -- [INFO ]: [cn.besbing.ServerApplication] -- Starting ServerApplication on DESKTOP-1G7K14M with PID 8520 (E:\dataloadercloud3\server\target\classes started by Administrator in E:\dataloadercloud3)
[2020-10-23 11:26:51] -- [INFO ]: [cn.besbing.ServerApplication] -- No active profile set, falling back to default profiles: default
[2020-10-23 11:26:53] -- [INFO ]: [org.apache.coyote.http11.Http11NioProtocol] -- Initializing ProtocolHandler ["http-nio-80"]
[2020-10-23 11:26:53] -- [INFO ]: [org.apache.catalina.core.StandardService] -- Starting service [Tomcat]
[2020-10-23 11:26:53] -- [INFO ]: [org.apache.catalina.core.StandardEngine] -- Starting Servlet engine: [Apache Tomcat/9.0.38]
[2020-10-23 11:26:54] -- [INFO ]: [org.apache.catalina.core.ContainerBase.[Tomcat].[localhost].[/]] -- Initializing Spring embedded WebApplicationContext
[2020-10-23 11:26:55] -- [INFO ]: [org.apache.coyote.http11.Http11NioProtocol] -- Starting ProtocolHandler ["http-nio-80"]
[2020-10-23 11:26:55] -- [INFO ]: [cn.besbing.ServerApplication] -- Started ServerApplication in 4.639 seconds (JVM running for 5.286)
[2020-10-23 11:27:03] -- [INFO ]: [org.apache.catalina.core.ContainerBase.[Tomcat].[localhost].[/]] -- Initializing Spring DispatcherServlet 'dispatcherServlet'
[2020-10-23 11:27:10] -- [INFO ]: [com.alibaba.druid.pool.DruidDataSource] -- {dataSource-1} inited
[2020-10-23 11:30:32] -- [INFO ]: [cn.besbing.ServerApplication] -- Starting ServerApplication on DESKTOP-1G7K14M with PID 15140 (E:\dataloadercloud3\server\target\classes started by Administrator in E:\dataloadercloud3)
[2020-10-23 11:30:32] -- [INFO ]: [cn.besbing.ServerApplication] -- No active profile set, falling back to default profiles: default
[2020-10-23 11:30:34] -- [INFO ]: [org.apache.coyote.http11.Http11NioProtocol] -- Initializing ProtocolHandler ["http-nio-80"]
[2020-10-23 11:30:34] -- [INFO ]: [org.apache.catalina.core.StandardService] -- Starting service [Tomcat]
[2020-10-23 11:30:34] -- [INFO ]: [org.apache.catalina.core.StandardEngine] -- Starting Servlet engine: [Apache Tomcat/9.0.38]
[2020-10-23 11:30:34] -- [INFO ]: [org.apache.catalina.core.ContainerBase.[Tomcat].[localhost].[/]] -- Initializing Spring embedded WebApplicationContext
[2020-10-23 11:30:36] -- [INFO ]: [org.apache.coyote.http11.Http11NioProtocol] -- Starting ProtocolHandler ["http-nio-80"]
[2020-10-23 11:30:36] -- [INFO ]: [cn.besbing.ServerApplication] -- Started ServerApplication in 4.558 seconds (JVM running for 5.199)
[2020-10-23 11:30:38] -- [INFO ]: [org.apache.catalina.core.ContainerBase.[Tomcat].[localhost].[/]] -- Initializing Spring DispatcherServlet 'dispatcherServlet'
[2020-10-23 11:30:44] -- [INFO ]: [com.alibaba.druid.pool.DruidDataSource] -- {dataSource-1} inited
[2020-10-23 11:34:32] -- [INFO ]: [cn.besbing.ServerApplication] -- Starting ServerApplication on DESKTOP-1G7K14M with PID 1564 (E:\dataloadercloud3\server\target\classes started by Administrator in E:\dataloadercloud3)
[2020-10-23 11:34:32] -- [INFO ]: [cn.besbing.ServerApplication] -- No active profile set, falling back to default profiles: default
[2020-10-23 11:34:34] -- [INFO ]: [org.apache.coyote.http11.Http11NioProtocol] -- Initializing ProtocolHandler ["http-nio-80"]
[2020-10-23 11:34:34] -- [INFO ]: [org.apache.catalina.core.StandardService] -- Starting service [Tomcat]
[2020-10-23 11:34:34] -- [INFO ]: [org.apache.catalina.core.StandardEngine] -- Starting Servlet engine: [Apache Tomcat/9.0.38]
[2020-10-23 11:34:35] -- [INFO ]: [org.apache.catalina.core.ContainerBase.[Tomcat].[localhost].[/]] -- Initializing Spring embedded WebApplicationContext
[2020-10-23 11:34:36] -- [INFO ]: [org.apache.coyote.http11.Http11NioProtocol] -- Starting ProtocolHandler ["http-nio-80"]
[2020-10-23 11:34:36] -- [INFO ]: [cn.besbing.ServerApplication] -- Started ServerApplication in 4.502 seconds (JVM running for 5.242)
[2020-10-23 11:34:41] -- [INFO ]: [org.apache.catalina.core.ContainerBase.[Tomcat].[localhost].[/]] -- Initializing Spring DispatcherServlet 'dispatcherServlet'
[2020-10-23 11:34:47] -- [INFO ]: [com.alibaba.druid.pool.DruidDataSource] -- {dataSource-1} inited
[2020-10-23 11:36:41] -- [INFO ]: [cn.besbing.ServerApplication] -- Starting ServerApplication on DESKTOP-1G7K14M with PID 8604 (E:\dataloadercloud3\server\target\classes started by Administrator in E:\dataloadercloud3)
[2020-10-23 11:36:41] -- [INFO ]: [cn.besbing.ServerApplication] -- No active profile set, falling back to default profiles: default
[2020-10-23 11:36:43] -- [INFO ]: [org.apache.coyote.http11.Http11NioProtocol] -- Initializing ProtocolHandler ["http-nio-80"]
[2020-10-23 11:36:43] -- [INFO ]: [org.apache.catalina.core.StandardService] -- Starting service [Tomcat]
[2020-10-23 11:36:43] -- [INFO ]: [org.apache.catalina.core.StandardEngine] -- Starting Servlet engine: [Apache Tomcat/9.0.38]
[2020-10-23 11:36:44] -- [INFO ]: [org.apache.catalina.core.ContainerBase.[Tomcat].[localhost].[/]] -- Initializing Spring embedded WebApplicationContext
[2020-10-23 11:36:45] -- [INFO ]: [org.apache.coyote.http11.Http11NioProtocol] -- Starting ProtocolHandler ["http-nio-80"]
[2020-10-23 11:36:45] -- [INFO ]: [cn.besbing.ServerApplication] -- Started ServerApplication in 4.582 seconds (JVM running for 5.213)
[2020-10-23 11:36:54] -- [INFO ]: [org.apache.catalina.core.ContainerBase.[Tomcat].[localhost].[/]] -- Initializing Spring DispatcherServlet 'dispatcherServlet'
[2020-10-23 11:37:01] -- [INFO ]: [com.alibaba.druid.pool.DruidDataSource] -- {dataSource-1} inited
[2020-10-23 11:43:36] -- [INFO ]: [cn.besbing.ServerApplication] -- Starting ServerApplication on DESKTOP-1G7K14M with PID 15056 (E:\dataloadercloud3\server\target\classes started by Administrator in E:\dataloadercloud3)
[2020-10-23 11:43:36] -- [INFO ]: [cn.besbing.ServerApplication] -- No active profile set, falling back to default profiles: default
[2020-10-23 11:43:39] -- [INFO ]: [org.apache.coyote.http11.Http11NioProtocol] -- Initializing ProtocolHandler ["http-nio-80"]
[2020-10-23 11:43:39] -- [INFO ]: [org.apache.catalina.core.StandardService] -- Starting service [Tomcat]
[2020-10-23 11:43:39] -- [INFO ]: [org.apache.catalina.core.StandardEngine] -- Starting Servlet engine: [Apache Tomcat/9.0.38]
[2020-10-23 11:43:39] -- [INFO ]: [org.apache.catalina.core.ContainerBase.[Tomcat].[localhost].[/]] -- Initializing Spring embedded WebApplicationContext
[2020-10-23 11:43:40] -- [INFO ]: [org.apache.coyote.http11.Http11NioProtocol] -- Starting ProtocolHandler ["http-nio-80"]
[2020-10-23 11:43:40] -- [INFO ]: [cn.besbing.ServerApplication] -- Started ServerApplication in 4.631 seconds (JVM running for 5.289)
[2020-10-23 11:44:07] -- [INFO ]: [org.apache.catalina.core.ContainerBase.[Tomcat].[localhost].[/]] -- Initializing Spring DispatcherServlet 'dispatcherServlet'
[2020-10-23 11:44:13] -- [INFO ]: [com.alibaba.druid.pool.DruidDataSource] -- {dataSource-1} inited
[2020-10-23 12:00:20] -- [INFO ]: [cn.besbing.ServerApplication] -- Starting ServerApplication on DESKTOP-1G7K14M with PID 14916 (E:\dataloadercloud3\server\target\classes started by Administrator in E:\dataloadercloud3)
[2020-10-23 12:00:20] -- [INFO ]: [cn.besbing.ServerApplication] -- No active profile set, falling back to default profiles: default
[2020-10-23 12:00:22] -- [INFO ]: [org.apache.coyote.http11.Http11NioProtocol] -- Initializing ProtocolHandler ["http-nio-80"]
[2020-10-23 12:00:22] -- [INFO ]: [org.apache.catalina.core.StandardService] -- Starting service [Tomcat]
[2020-10-23 12:00:22] -- [INFO ]: [org.apache.catalina.core.StandardEngine] -- Starting Servlet engine: [Apache Tomcat/9.0.38]
[2020-10-23 12:00:22] -- [INFO ]: [org.apache.catalina.core.ContainerBase.[Tomcat].[localhost].[/]] -- Initializing Spring embedded WebApplicationContext
[2020-10-23 12:00:24] -- [INFO ]: [org.apache.coyote.http11.Http11NioProtocol] -- Starting ProtocolHandler ["http-nio-80"]
[2020-10-23 12:00:24] -- [INFO ]: [cn.besbing.ServerApplication] -- Started ServerApplication in 4.554 seconds (JVM running for 5.209)
[2020-10-23 12:00:27] -- [INFO ]: [org.apache.catalina.core.ContainerBase.[Tomcat].[localhost].[/]] -- Initializing Spring DispatcherServlet 'dispatcherServlet'
[2020-10-23 12:00:33] -- [INFO ]: [com.alibaba.druid.pool.DruidDataSource] -- {dataSource-1} inited
[2020-10-23 14:47:47] -- [INFO ]: [cn.besbing.ServerApplication] -- Starting ServerApplication on DESKTOP-1G7K14M with PID 2748 (E:\dataloadercloud3\server\target\classes started by Administrator in E:\dataloadercloud3)
[2020-10-23 14:47:47] -- [INFO ]: [cn.besbing.ServerApplication] -- No active profile set, falling back to default profiles: default
[2020-10-23 14:47:50] -- [INFO ]: [org.apache.coyote.http11.Http11NioProtocol] -- Initializing ProtocolHandler ["http-nio-80"]
[2020-10-23 14:47:50] -- [INFO ]: [org.apache.catalina.core.StandardService] -- Starting service [Tomcat]
[2020-10-23 14:47:50] -- [INFO ]: [org.apache.catalina.core.StandardEngine] -- Starting Servlet engine: [Apache Tomcat/9.0.38]
[2020-10-23 14:47:50] -- [INFO ]: [org.apache.catalina.core.ContainerBase.[Tomcat].[localhost].[/]] -- Initializing Spring embedded WebApplicationContext
[2020-10-23 14:47:52] -- [INFO ]: [org.apache.coyote.http11.Http11NioProtocol] -- Starting ProtocolHandler ["http-nio-80"]
[2020-10-23 14:47:52] -- [INFO ]: [cn.besbing.ServerApplication] -- Started ServerApplication in 5.314 seconds (JVM running for 6.489)
[2020-10-23 14:47:55] -- [INFO ]: [org.apache.catalina.core.ContainerBase.[Tomcat].[localhost].[/]] -- Initializing Spring DispatcherServlet 'dispatcherServlet'
[2020-10-23 14:48:08] -- [INFO ]: [com.alibaba.druid.pool.DruidDataSource] -- {dataSource-1} inited
[2020-10-23 15:23:58] -- [INFO ]: [com.alibaba.druid.pool.DruidDataSource] -- {dataSource-0} closing ...
[2020-10-23 15:23:58] -- [INFO ]: [com.alibaba.druid.pool.DruidDataSource] -- {dataSource-0} closing ...
[2020-10-23 15:23:58] -- [INFO ]: [com.alibaba.druid.pool.DruidDataSource] -- {dataSource-1} closing ...
[2020-10-23 15:23:58] -- [INFO ]: [com.alibaba.druid.pool.DruidDataSource] -- {dataSource-1} closed
[2020-10-23 15:24:02] -- [INFO ]: [cn.besbing.ServerApplication] -- Starting ServerApplication on DESKTOP-1G7K14M with PID 12852 (E:\dataloadercloud3\server\target\classes started by Administrator in E:\dataloadercloud3)
[2020-10-23 15:24:02] -- [INFO ]: [cn.besbing.ServerApplication] -- No active profile set, falling back to default profiles: default
[2020-10-23 15:24:04] -- [INFO ]: [org.apache.coyote.http11.Http11NioProtocol] -- Initializing ProtocolHandler ["http-nio-80"]
[2020-10-23 15:24:04] -- [INFO ]: [org.apache.catalina.core.StandardService] -- Starting service [Tomcat]
[2020-10-23 15:24:04] -- [INFO ]: [org.apache.catalina.core.StandardEngine] -- Starting Servlet engine: [Apache Tomcat/9.0.38]
[2020-10-23 15:24:04] -- [INFO ]: [org.apache.catalina.core.ContainerBase.[Tomcat].[localhost].[/]] -- Initializing Spring embedded WebApplicationContext
[2020-10-23 15:24:06] -- [INFO ]: [org.apache.coyote.http11.Http11NioProtocol] -- Starting ProtocolHandler ["http-nio-80"]
[2020-10-23 15:24:06] -- [INFO ]: [cn.besbing.ServerApplication] -- Started ServerApplication in 4.493 seconds (JVM running for 5.176)
[2020-10-23 15:24:09] -- [INFO ]: [org.apache.catalina.core.ContainerBase.[Tomcat].[localhost].[/]] -- Initializing Spring DispatcherServlet 'dispatcherServlet'
[2020-10-23 15:24:17] -- [INFO ]: [com.alibaba.druid.pool.DruidDataSource] -- {dataSource-1} inited
[2020-10-23 16:31:07] -- [INFO ]: [cn.besbing.ServerApplication] -- Starting ServerApplication on DESKTOP-1G7K14M with PID 10276 (E:\dataloadercloud3\server\target\classes started by Administrator in E:\dataloadercloud3)
[2020-10-23 16:31:07] -- [INFO ]: [cn.besbing.ServerApplication] -- No active profile set, falling back to default profiles: default
[2020-10-23 16:31:10] -- [INFO ]: [org.apache.coyote.http11.Http11NioProtocol] -- Initializing ProtocolHandler ["http-nio-80"]
[2020-10-23 16:31:10] -- [INFO ]: [org.apache.catalina.core.StandardService] -- Starting service [Tomcat]
[2020-10-23 16:31:10] -- [INFO ]: [org.apache.catalina.core.StandardEngine] -- Starting Servlet engine: [Apache Tomcat/9.0.38]
[2020-10-23 16:31:10] -- [INFO ]: [org.apache.catalina.core.ContainerBase.[Tomcat].[localhost].[/]] -- Initializing Spring embedded WebApplicationContext
[2020-10-23 16:31:11] -- [INFO ]: [org.apache.coyote.http11.Http11NioProtocol] -- Starting ProtocolHandler ["http-nio-80"]
[2020-10-23 16:31:11] -- [INFO ]: [cn.besbing.ServerApplication] -- Started ServerApplication in 4.521 seconds (JVM running for 5.175)
[2020-10-23 16:31:17] -- [INFO ]: [org.apache.catalina.core.ContainerBase.[Tomcat].[localhost].[/]] -- Initializing Spring DispatcherServlet 'dispatcherServlet'
[2020-10-23 16:31:25] -- [INFO ]: [com.alibaba.druid.pool.DruidDataSource] -- {dataSource-1} inited
[2020-10-23 16:35:35] -- [INFO ]: [cn.besbing.ServerApplication] -- Starting ServerApplication on DESKTOP-1G7K14M with PID 5760 (E:\dataloadercloud3\server\target\classes started by Administrator in E:\dataloadercloud3)
[2020-10-23 16:35:35] -- [INFO ]: [cn.besbing.ServerApplication] -- No active profile set, falling back to default profiles: default
[2020-10-23 16:35:38] -- [INFO ]: [org.apache.coyote.http11.Http11NioProtocol] -- Initializing ProtocolHandler ["http-nio-80"]
[2020-10-23 16:35:38] -- [INFO ]: [org.apache.catalina.core.StandardService] -- Starting service [Tomcat]
[2020-10-23 16:35:38] -- [INFO ]: [org.apache.catalina.core.StandardEngine] -- Starting Servlet engine: [Apache Tomcat/9.0.38]
[2020-10-23 16:35:38] -- [INFO ]: [org.apache.catalina.core.ContainerBase.[Tomcat].[localhost].[/]] -- Initializing Spring embedded WebApplicationContext
[2020-10-23 16:35:39] -- [INFO ]: [org.apache.coyote.http11.Http11NioProtocol] -- Starting ProtocolHandler ["http-nio-80"]
[2020-10-23 16:35:39] -- [INFO ]: [cn.besbing.ServerApplication] -- Started ServerApplication in 4.791 seconds (JVM running for 5.661)
[2020-10-23 16:35:43] -- [INFO ]: [org.apache.catalina.core.ContainerBase.[Tomcat].[localhost].[/]] -- Initializing Spring DispatcherServlet 'dispatcherServlet'
[2020-10-23 16:35:50] -- [INFO ]: [com.alibaba.druid.pool.DruidDataSource] -- {dataSource-1} inited
[2020-10-23 16:40:05] -- [INFO ]: [cn.besbing.ServerApplication] -- Starting ServerApplication on DESKTOP-1G7K14M with PID 8696 (E:\dataloadercloud3\server\target\classes started by Administrator in E:\dataloadercloud3)
[2020-10-23 16:40:05] -- [INFO ]: [cn.besbing.ServerApplication] -- No active profile set, falling back to default profiles: default
[2020-10-23 16:40:07] -- [INFO ]: [org.apache.coyote.http11.Http11NioProtocol] -- Initializing ProtocolHandler ["http-nio-80"]
[2020-10-23 16:40:07] -- [INFO ]: [org.apache.catalina.core.StandardService] -- Starting service [Tomcat]
[2020-10-23 16:40:07] -- [INFO ]: [org.apache.catalina.core.StandardEngine] -- Starting Servlet engine: [Apache Tomcat/9.0.38]
[2020-10-23 16:40:07] -- [INFO ]: [org.apache.catalina.core.ContainerBase.[Tomcat].[localhost].[/]] -- Initializing Spring embedded WebApplicationContext
[2020-10-23 16:40:09] -- [INFO ]: [org.apache.coyote.http11.Http11NioProtocol] -- Starting ProtocolHandler ["http-nio-80"]
[2020-10-23 16:40:09] -- [INFO ]: [cn.besbing.ServerApplication] -- Started ServerApplication in 4.564 seconds (JVM running for 5.199)
[2020-10-23 16:40:18] -- [INFO ]: [org.apache.catalina.core.ContainerBase.[Tomcat].[localhost].[/]] -- Initializing Spring DispatcherServlet 'dispatcherServlet'
[2020-10-23 16:40:23] -- [INFO ]: [com.alibaba.druid.pool.DruidDataSource] -- {dataSource-1} inited
[2020-10-23 16:42:36] -- [INFO ]: [cn.besbing.ServerApplication] -- Starting ServerApplication on DESKTOP-1G7K14M with PID 13672 (E:\dataloadercloud3\server\target\classes started by Administrator in E:\dataloadercloud3)
[2020-10-23 16:42:36] -- [INFO ]: [cn.besbing.ServerApplication] -- No active profile set, falling back to default profiles: default
[2020-10-23 16:42:39] -- [INFO ]: [org.apache.coyote.http11.Http11NioProtocol] -- Initializing ProtocolHandler ["http-nio-80"]
[2020-10-23 16:42:39] -- [INFO ]: [org.apache.catalina.core.StandardService] -- Starting service [Tomcat]
[2020-10-23 16:42:39] -- [INFO ]: [org.apache.catalina.core.StandardEngine] -- Starting Servlet engine: [Apache Tomcat/9.0.38]
[2020-10-23 16:42:39] -- [INFO ]: [org.apache.catalina.core.ContainerBase.[Tomcat].[localhost].[/]] -- Initializing Spring embedded WebApplicationContext
[2020-10-23 16:42:40] -- [INFO ]: [org.apache.coyote.http11.Http11NioProtocol] -- Starting ProtocolHandler ["http-nio-80"]
[2020-10-23 16:42:40] -- [INFO ]: [cn.besbing.ServerApplication] -- Started ServerApplication in 4.511 seconds (JVM running for 5.221)
[2020-10-23 16:42:57] -- [INFO ]: [org.apache.catalina.core.ContainerBase.[Tomcat].[localhost].[/]] -- Initializing Spring DispatcherServlet 'dispatcherServlet'
[2020-10-23 16:43:04] -- [INFO ]: [com.alibaba.druid.pool.DruidDataSource] -- {dataSource-1} inited
[2020-10-23 16:45:47] -- [INFO ]: [cn.besbing.ServerApplication] -- Starting ServerApplication on DESKTOP-1G7K14M with PID 10972 (E:\dataloadercloud3\server\target\classes started by Administrator in E:\dataloadercloud3)
[2020-10-23 16:45:47] -- [INFO ]: [cn.besbing.ServerApplication] -- No active profile set, falling back to default profiles: default
[2020-10-23 16:45:49] -- [INFO ]: [org.apache.coyote.http11.Http11NioProtocol] -- Initializing ProtocolHandler ["http-nio-80"]
[2020-10-23 16:45:49] -- [INFO ]: [org.apache.catalina.core.StandardService] -- Starting service [Tomcat]
[2020-10-23 16:45:49] -- [INFO ]: [org.apache.catalina.core.StandardEngine] -- Starting Servlet engine: [Apache Tomcat/9.0.38]
[2020-10-23 16:45:49] -- [INFO ]: [org.apache.catalina.core.ContainerBase.[Tomcat].[localhost].[/]] -- Initializing Spring embedded WebApplicationContext
[2020-10-23 16:45:51] -- [INFO ]: [org.apache.coyote.http11.Http11NioProtocol] -- Starting ProtocolHandler ["http-nio-80"]
[2020-10-23 16:45:51] -- [INFO ]: [cn.besbing.ServerApplication] -- Started ServerApplication in 4.625 seconds (JVM running for 5.271)
[2020-10-23 16:45:54] -- [INFO ]: [org.apache.catalina.core.ContainerBase.[Tomcat].[localhost].[/]] -- Initializing Spring DispatcherServlet 'dispatcherServlet'
[2020-10-23 16:46:02] -- [INFO ]: [com.alibaba.druid.pool.DruidDataSource] -- {dataSource-1} inited
[2020-10-23 16:46:54] -- [INFO ]: [cn.besbing.ServerApplication] -- Starting ServerApplication on DESKTOP-1G7K14M with PID 14128 (E:\dataloadercloud3\server\target\classes started by Administrator in E:\dataloadercloud3)
[2020-10-23 16:46:54] -- [INFO ]: [cn.besbing.ServerApplication] -- No active profile set, falling back to default profiles: default
[2020-10-23 16:46:56] -- [INFO ]: [org.apache.coyote.http11.Http11NioProtocol] -- Initializing ProtocolHandler ["http-nio-80"]
[2020-10-23 16:46:56] -- [INFO ]: [org.apache.catalina.core.StandardService] -- Starting service [Tomcat]
[2020-10-23 16:46:56] -- [INFO ]: [org.apache.catalina.core.StandardEngine] -- Starting Servlet engine: [Apache Tomcat/9.0.38]
[2020-10-23 16:46:56] -- [INFO ]: [org.apache.catalina.core.ContainerBase.[Tomcat].[localhost].[/]] -- Initializing Spring embedded WebApplicationContext
[2020-10-23 16:46:58] -- [INFO ]: [org.apache.coyote.http11.Http11NioProtocol] -- Starting ProtocolHandler ["http-nio-80"]
[2020-10-23 16:46:58] -- [INFO ]: [cn.besbing.ServerApplication] -- Started ServerApplication in 4.635 seconds (JVM running for 5.277)
[2020-10-23 16:47:04] -- [INFO ]: [org.apache.catalina.core.ContainerBase.[Tomcat].[localhost].[/]] -- Initializing Spring DispatcherServlet 'dispatcherServlet'
[2020-10-23 16:47:10] -- [INFO ]: [com.alibaba.druid.pool.DruidDataSource] -- {dataSource-1} inited
[2020-10-23 16:51:34] -- [INFO ]: [cn.besbing.ServerApplication] -- Starting ServerApplication on DESKTOP-1G7K14M with PID 14872 (E:\dataloadercloud3\server\target\classes started by Administrator in E:\dataloadercloud3)
[2020-10-23 16:51:34] -- [INFO ]: [cn.besbing.ServerApplication] -- No active profile set, falling back to default profiles: default
[2020-10-23 16:51:36] -- [INFO ]: [org.apache.coyote.http11.Http11NioProtocol] -- Initializing ProtocolHandler ["http-nio-80"]
[2020-10-23 16:51:36] -- [INFO ]: [org.apache.catalina.core.StandardService] -- Starting service [Tomcat]
[2020-10-23 16:51:36] -- [INFO ]: [org.apache.catalina.core.StandardEngine] -- Starting Servlet engine: [Apache Tomcat/9.0.38]
[2020-10-23 16:51:36] -- [INFO ]: [org.apache.catalina.core.ContainerBase.[Tomcat].[localhost].[/]] -- Initializing Spring embedded WebApplicationContext
[2020-10-23 16:51:38] -- [INFO ]: [org.apache.coyote.http11.Http11NioProtocol] -- Starting ProtocolHandler ["http-nio-80"]
[2020-10-23 16:51:38] -- [INFO ]: [cn.besbing.ServerApplication] -- Started ServerApplication in 4.556 seconds (JVM running for 5.218)
[2020-10-23 16:51:41] -- [INFO ]: [org.apache.catalina.core.ContainerBase.[Tomcat].[localhost].[/]] -- Initializing Spring DispatcherServlet 'dispatcherServlet'
[2020-10-23 16:51:47] -- [INFO ]: [com.alibaba.druid.pool.DruidDataSource] -- {dataSource-1} inited
[2020-10-23 18:37:06] -- [INFO ]: [cn.besbing.ServerApplication] -- Starting ServerApplication on DESKTOP-1G7K14M with PID 11432 (E:\dataloadercloud3\server\target\classes started by Administrator in E:\dataloadercloud3)
[2020-10-23 18:37:06] -- [INFO ]: [cn.besbing.ServerApplication] -- No active profile set, falling back to default profiles: default
[2020-10-23 18:37:08] -- [INFO ]: [org.apache.coyote.http11.Http11NioProtocol] -- Initializing ProtocolHandler ["http-nio-80"]
[2020-10-23 18:37:08] -- [INFO ]: [org.apache.catalina.core.StandardService] -- Starting service [Tomcat]
[2020-10-23 18:37:08] -- [INFO ]: [org.apache.catalina.core.StandardEngine] -- Starting Servlet engine: [Apache Tomcat/9.0.38]
[2020-10-23 18:37:09] -- [INFO ]: [org.apache.catalina.core.ContainerBase.[Tomcat].[localhost].[/]] -- Initializing Spring embedded WebApplicationContext
[2020-10-23 18:37:10] -- [INFO ]: [org.apache.coyote.http11.Http11NioProtocol] -- Starting ProtocolHandler ["http-nio-80"]
[2020-10-23 18:37:10] -- [INFO ]: [cn.besbing.ServerApplication] -- Started ServerApplication in 5.821 seconds (JVM running for 7.008)
[2020-10-23 18:37:14] -- [INFO ]: [org.apache.catalina.core.ContainerBase.[Tomcat].[localhost].[/]] -- Initializing Spring DispatcherServlet 'dispatcherServlet'
[2020-10-23 18:37:20] -- [INFO ]: [com.alibaba.druid.pool.DruidDataSource] -- {dataSource-1} inited
[2020-10-23 18:39:04] -- [INFO ]: [com.alibaba.druid.pool.DruidDataSource] -- {dataSource-0} closing ...
[2020-10-23 18:39:04] -- [INFO ]: [com.alibaba.druid.pool.DruidDataSource] -- {dataSource-0} closing ...
[2020-10-23 18:39:04] -- [INFO ]: [com.alibaba.druid.pool.DruidDataSource] -- {dataSource-1} closing ...
[2020-10-23 18:39:04] -- [INFO ]: [com.alibaba.druid.pool.DruidDataSource] -- {dataSource-1} closed
[2020-10-23 18:39:10] -- [INFO ]: [cn.besbing.ServerApplication] -- Starting ServerApplication on DESKTOP-1G7K14M with PID 14996 (E:\dataloadercloud3\server\target\classes started by Administrator in E:\dataloadercloud3)
[2020-10-23 18:39:10] -- [INFO ]: [cn.besbing.ServerApplication] -- No active profile set, falling back to default profiles: default
[2020-10-23 18:39:12] -- [INFO ]: [org.apache.coyote.http11.Http11NioProtocol] -- Initializing ProtocolHandler ["http-nio-80"]
[2020-10-23 18:39:12] -- [INFO ]: [org.apache.catalina.core.StandardService] -- Starting service [Tomcat]
[2020-10-23 18:39:12] -- [INFO ]: [org.apache.catalina.core.StandardEngine] -- Starting Servlet engine: [Apache Tomcat/9.0.38]
[2020-10-23 18:39:13] -- [INFO ]: [org.apache.catalina.core.ContainerBase.[Tomcat].[localhost].[/]] -- Initializing Spring embedded WebApplicationContext
[2020-10-23 18:39:14] -- [INFO ]: [org.apache.coyote.http11.Http11NioProtocol] -- Starting ProtocolHandler ["http-nio-80"]
[2020-10-23 18:39:14] -- [INFO ]: [cn.besbing.ServerApplication] -- Started ServerApplication in 4.985 seconds (JVM running for 5.772)
[2020-10-23 18:39:35] -- [INFO ]: [org.apache.catalina.core.ContainerBase.[Tomcat].[localhost].[/]] -- Initializing Spring DispatcherServlet 'dispatcherServlet'
[2020-10-23 18:39:46] -- [INFO ]: [com.alibaba.druid.pool.DruidDataSource] -- {dataSource-1} inited
[2020-10-23 18:44:14] -- [INFO ]: [cn.besbing.ServerApplication] -- Starting ServerApplication on DESKTOP-1G7K14M with PID 16204 (E:\dataloadercloud3\server\target\classes started by Administrator in E:\dataloadercloud3)
[2020-10-23 18:44:14] -- [INFO ]: [cn.besbing.ServerApplication] -- No active profile set, falling back to default profiles: default
[2020-10-23 18:44:16] -- [INFO ]: [org.apache.coyote.http11.Http11NioProtocol] -- Initializing ProtocolHandler ["http-nio-80"]
[2020-10-23 18:44:16] -- [INFO ]: [org.apache.catalina.core.StandardService] -- Starting service [Tomcat]
[2020-10-23 18:44:16] -- [INFO ]: [org.apache.catalina.core.StandardEngine] -- Starting Servlet engine: [Apache Tomcat/9.0.38]
[2020-10-23 18:44:16] -- [INFO ]: [org.apache.catalina.core.ContainerBase.[Tomcat].[localhost].[/]] -- Initializing Spring embedded WebApplicationContext
[2020-10-23 18:44:18] -- [INFO ]: [org.apache.coyote.http11.Http11NioProtocol] -- Starting ProtocolHandler ["http-nio-80"]
[2020-10-23 18:44:18] -- [INFO ]: [cn.besbing.ServerApplication] -- Started ServerApplication in 4.728 seconds (JVM running for 5.367)
[2020-10-23 18:44:22] -- [INFO ]: [org.apache.catalina.core.ContainerBase.[Tomcat].[localhost].[/]] -- Initializing Spring DispatcherServlet 'dispatcherServlet'
[2020-10-23 18:44:28] -- [INFO ]: [com.alibaba.druid.pool.DruidDataSource] -- {dataSource-1} inited
[2020-10-23 18:45:22] -- [INFO ]: [cn.besbing.ServerApplication] -- Starting ServerApplication on DESKTOP-1G7K14M with PID 16116 (E:\dataloadercloud3\server\target\classes started by Administrator in E:\dataloadercloud3)
[2020-10-23 18:45:22] -- [INFO ]: [cn.besbing.ServerApplication] -- No active profile set, falling back to default profiles: default
[2020-10-23 18:45:25] -- [INFO ]: [org.apache.coyote.http11.Http11NioProtocol] -- Initializing ProtocolHandler ["http-nio-80"]
[2020-10-23 18:45:25] -- [INFO ]: [org.apache.catalina.core.StandardService] -- Starting service [Tomcat]
[2020-10-23 18:45:25] -- [INFO ]: [org.apache.catalina.core.StandardEngine] -- Starting Servlet engine: [Apache Tomcat/9.0.38]
[2020-10-23 18:45:25] -- [INFO ]: [org.apache.catalina.core.ContainerBase.[Tomcat].[localhost].[/]] -- Initializing Spring embedded WebApplicationContext
[2020-10-23 18:45:26] -- [INFO ]: [org.apache.coyote.http11.Http11NioProtocol] -- Starting ProtocolHandler ["http-nio-80"]
[2020-10-23 18:45:26] -- [INFO ]: [cn.besbing.ServerApplication] -- Started ServerApplication in 4.765 seconds (JVM running for 5.429)
[2020-10-23 18:45:30] -- [INFO ]: [org.apache.catalina.core.ContainerBase.[Tomcat].[localhost].[/]] -- Initializing Spring DispatcherServlet 'dispatcherServlet'
[2020-10-23 18:45:37] -- [INFO ]: [com.alibaba.druid.pool.DruidDataSource] -- {dataSource-1} inited
[2020-10-23 18:47:45] -- [INFO ]: [cn.besbing.ServerApplication] -- Starting ServerApplication on DESKTOP-1G7K14M with PID 15932 (E:\dataloadercloud3\server\target\classes started by Administrator in E:\dataloadercloud3)
[2020-10-23 18:47:45] -- [INFO ]: [cn.besbing.ServerApplication] -- No active profile set, falling back to default profiles: default
[2020-10-23 18:47:47] -- [INFO ]: [org.apache.coyote.http11.Http11NioProtocol] -- Initializing ProtocolHandler ["http-nio-80"]
[2020-10-23 18:47:47] -- [INFO ]: [org.apache.catalina.core.StandardService] -- Starting service [Tomcat]
[2020-10-23 18:47:47] -- [INFO ]: [org.apache.catalina.core.StandardEngine] -- Starting Servlet engine: [Apache Tomcat/9.0.38]
[2020-10-23 18:47:47] -- [INFO ]: [org.apache.catalina.core.ContainerBase.[Tomcat].[localhost].[/]] -- Initializing Spring embedded WebApplicationContext
[2020-10-23 18:47:49] -- [INFO ]: [org.apache.coyote.http11.Http11NioProtocol] -- Starting ProtocolHandler ["http-nio-80"]
[2020-10-23 18:47:49] -- [INFO ]: [cn.besbing.ServerApplication] -- Started ServerApplication in 4.766 seconds (JVM running for 5.42)
[2020-10-23 18:47:53] -- [INFO ]: [org.apache.catalina.core.ContainerBase.[Tomcat].[localhost].[/]] -- Initializing Spring DispatcherServlet 'dispatcherServlet'
[2020-10-23 18:48:00] -- [INFO ]: [com.alibaba.druid.pool.DruidDataSource] -- {dataSource-1} inited
[2020-10-23 19:16:01] -- [INFO ]: [cn.besbing.ServerApplication] -- Starting ServerApplication on DESKTOP-1G7K14M with PID 15680 (E:\dataloadercloud3\server\target\classes started by Administrator in E:\dataloadercloud3)
[2020-10-23 19:16:01] -- [INFO ]: [cn.besbing.ServerApplication] -- No active profile set, falling back to default profiles: default
[2020-10-23 19:16:04] -- [INFO ]: [org.apache.coyote.http11.Http11NioProtocol] -- Initializing ProtocolHandler ["http-nio-80"]
[2020-10-23 19:16:04] -- [INFO ]: [org.apache.catalina.core.StandardService] -- Starting service [Tomcat]
[2020-10-23 19:16:04] -- [INFO ]: [org.apache.catalina.core.StandardEngine] -- Starting Servlet engine: [Apache Tomcat/9.0.38]
[2020-10-23 19:16:04] -- [INFO ]: [org.apache.catalina.core.ContainerBase.[Tomcat].[localhost].[/]] -- Initializing Spring embedded WebApplicationContext
[2020-10-23 19:16:06] -- [INFO ]: [org.apache.coyote.http11.Http11NioProtocol] -- Starting ProtocolHandler ["http-nio-80"]
[2020-10-23 19:16:06] -- [INFO ]: [cn.besbing.ServerApplication] -- Started ServerApplication in 4.892 seconds (JVM running for 5.576)
[2020-10-23 19:16:09] -- [INFO ]: [org.apache.catalina.core.ContainerBase.[Tomcat].[localhost].[/]] -- Initializing Spring DispatcherServlet 'dispatcherServlet'
[2020-10-23 19:16:17] -- [INFO ]: [com.alibaba.druid.pool.DruidDataSource] -- {dataSource-1} inited
[2020-10-23 19:17:08] -- [INFO ]: [cn.besbing.ServerApplication] -- Starting ServerApplication on DESKTOP-1G7K14M with PID 15588 (E:\dataloadercloud3\server\target\classes started by Administrator in E:\dataloadercloud3)
[2020-10-23 19:17:08] -- [INFO ]: [cn.besbing.ServerApplication] -- No active profile set, falling back to default profiles: default
[2020-10-23 19:17:10] -- [INFO ]: [org.apache.coyote.http11.Http11NioProtocol] -- Initializing ProtocolHandler ["http-nio-80"]
[2020-10-23 19:17:10] -- [INFO ]: [org.apache.catalina.core.StandardService] -- Starting service [Tomcat]
[2020-10-23 19:17:10] -- [INFO ]: [org.apache.catalina.core.StandardEngine] -- Starting Servlet engine: [Apache Tomcat/9.0.38]
[2020-10-23 19:17:10] -- [INFO ]: [org.apache.catalina.core.ContainerBase.[Tomcat].[localhost].[/]] -- Initializing Spring embedded WebApplicationContext
[2020-10-23 19:17:12] -- [INFO ]: [org.apache.coyote.http11.Http11NioProtocol] -- Starting ProtocolHandler ["http-nio-80"]
[2020-10-23 19:17:12] -- [INFO ]: [cn.besbing.ServerApplication] -- Started ServerApplication in 4.686 seconds (JVM running for 5.353)
[2020-10-23 19:17:15] -- [INFO ]: [org.apache.catalina.core.ContainerBase.[Tomcat].[localhost].[/]] -- Initializing Spring DispatcherServlet 'dispatcherServlet'
[2020-10-23 19:17:21] -- [INFO ]: [com.alibaba.druid.pool.DruidDataSource] -- {dataSource-1} inited
