[2020-10-28 14:05:32] -- [INFO ]: [cn.besbing.ServerApplication] -- Starting ServerApplication on DESKTOP-1G7K14M with PID 6380 (E:\dataloadercloud3\server\target\classes started by Administrator in E:\dataloadercloud3)
[2020-10-28 14:05:32] -- [INFO ]: [cn.besbing.ServerApplication] -- No active profile set, falling back to default profiles: default
[2020-10-28 14:05:35] -- [INFO ]: [org.apache.coyote.http11.Http11NioProtocol] -- Initializing ProtocolHandler ["http-nio-80"]
[2020-10-28 14:05:35] -- [INFO ]: [org.apache.catalina.core.StandardService] -- Starting service [Tomcat]
[2020-10-28 14:05:35] -- [INFO ]: [org.apache.catalina.core.StandardEngine] -- Starting Servlet engine: [Apache Tomcat/9.0.38]
[2020-10-28 14:05:35] -- [INFO ]: [org.apache.catalina.core.ContainerBase.[Tomcat].[localhost].[/]] -- Initializing Spring embedded WebApplicationContext
[2020-10-28 14:05:37] -- [INFO ]: [org.apache.coyote.http11.Http11NioProtocol] -- Starting ProtocolHandler ["http-nio-80"]
[2020-10-28 14:05:37] -- [INFO ]: [cn.besbing.ServerApplication] -- Started ServerApplication in 5.815 seconds (JVM running for 6.549)
[2020-10-28 14:05:42] -- [INFO ]: [org.apache.catalina.core.ContainerBase.[Tomcat].[localhost].[/]] -- Initializing Spring DispatcherServlet 'dispatcherServlet'
[2020-10-28 14:05:48] -- [INFO ]: [com.alibaba.druid.pool.DruidDataSource] -- {dataSource-1} inited
[2020-10-28 14:09:00] -- [INFO ]: [cn.besbing.ServerApplication] -- Starting ServerApplication on DESKTOP-1G7K14M with PID 12728 (E:\dataloadercloud3\server\target\classes started by Administrator in E:\dataloadercloud3)
[2020-10-28 14:09:00] -- [INFO ]: [cn.besbing.ServerApplication] -- No active profile set, falling back to default profiles: default
[2020-10-28 14:09:02] -- [INFO ]: [org.apache.coyote.http11.Http11NioProtocol] -- Initializing ProtocolHandler ["http-nio-80"]
[2020-10-28 14:09:02] -- [INFO ]: [org.apache.catalina.core.StandardService] -- Starting service [Tomcat]
[2020-10-28 14:09:02] -- [INFO ]: [org.apache.catalina.core.StandardEngine] -- Starting Servlet engine: [Apache Tomcat/9.0.38]
[2020-10-28 14:09:03] -- [INFO ]: [org.apache.catalina.core.ContainerBase.[Tomcat].[localhost].[/]] -- Initializing Spring embedded WebApplicationContext
[2020-10-28 14:09:04] -- [INFO ]: [org.apache.coyote.http11.Http11NioProtocol] -- Starting ProtocolHandler ["http-nio-80"]
[2020-10-28 14:09:04] -- [INFO ]: [cn.besbing.ServerApplication] -- Started ServerApplication in 5.697 seconds (JVM running for 6.509)
[2020-10-28 14:09:20] -- [INFO ]: [org.apache.catalina.core.ContainerBase.[Tomcat].[localhost].[/]] -- Initializing Spring DispatcherServlet 'dispatcherServlet'
[2020-10-28 14:09:26] -- [INFO ]: [com.alibaba.druid.pool.DruidDataSource] -- {dataSource-1} inited
[2020-10-28 14:10:21] -- [INFO ]: [cn.besbing.ServerApplication] -- Starting ServerApplication on DESKTOP-1G7K14M with PID 1792 (E:\dataloadercloud3\server\target\classes started by Administrator in E:\dataloadercloud3)
[2020-10-28 14:10:21] -- [INFO ]: [cn.besbing.ServerApplication] -- No active profile set, falling back to default profiles: default
[2020-10-28 14:10:24] -- [INFO ]: [org.apache.coyote.http11.Http11NioProtocol] -- Initializing ProtocolHandler ["http-nio-80"]
[2020-10-28 14:10:24] -- [INFO ]: [org.apache.catalina.core.StandardService] -- Starting service [Tomcat]
[2020-10-28 14:10:24] -- [INFO ]: [org.apache.catalina.core.StandardEngine] -- Starting Servlet engine: [Apache Tomcat/9.0.38]
[2020-10-28 14:10:24] -- [INFO ]: [org.apache.catalina.core.ContainerBase.[Tomcat].[localhost].[/]] -- Initializing Spring embedded WebApplicationContext
[2020-10-28 14:10:26] -- [INFO ]: [org.apache.coyote.http11.Http11NioProtocol] -- Starting ProtocolHandler ["http-nio-80"]
[2020-10-28 14:10:26] -- [INFO ]: [cn.besbing.ServerApplication] -- Started ServerApplication in 5.504 seconds (JVM running for 6.203)
[2020-10-28 14:10:32] -- [INFO ]: [org.apache.catalina.core.ContainerBase.[Tomcat].[localhost].[/]] -- Initializing Spring DispatcherServlet 'dispatcherServlet'
[2020-10-28 14:10:38] -- [INFO ]: [com.alibaba.druid.pool.DruidDataSource] -- {dataSource-1} inited
[2020-10-28 14:21:21] -- [INFO ]: [cn.besbing.ServerApplication] -- Starting ServerApplication on DESKTOP-1G7K14M with PID 12276 (E:\dataloadercloud3\server\target\classes started by Administrator in E:\dataloadercloud3)
[2020-10-28 14:21:21] -- [INFO ]: [cn.besbing.ServerApplication] -- No active profile set, falling back to default profiles: default
[2020-10-28 14:21:24] -- [INFO ]: [org.apache.coyote.http11.Http11NioProtocol] -- Initializing ProtocolHandler ["http-nio-80"]
[2020-10-28 14:21:24] -- [INFO ]: [org.apache.catalina.core.StandardService] -- Starting service [Tomcat]
[2020-10-28 14:21:24] -- [INFO ]: [org.apache.catalina.core.StandardEngine] -- Starting Servlet engine: [Apache Tomcat/9.0.38]
[2020-10-28 14:21:24] -- [INFO ]: [org.apache.catalina.core.ContainerBase.[Tomcat].[localhost].[/]] -- Initializing Spring embedded WebApplicationContext
[2020-10-28 14:21:26] -- [INFO ]: [org.apache.coyote.http11.Http11NioProtocol] -- Starting ProtocolHandler ["http-nio-80"]
[2020-10-28 14:21:26] -- [INFO ]: [cn.besbing.ServerApplication] -- Started ServerApplication in 5.568 seconds (JVM running for 6.264)
[2020-10-28 14:21:29] -- [INFO ]: [org.apache.catalina.core.ContainerBase.[Tomcat].[localhost].[/]] -- Initializing Spring DispatcherServlet 'dispatcherServlet'
[2020-10-28 14:21:35] -- [INFO ]: [com.alibaba.druid.pool.DruidDataSource] -- {dataSource-1} inited
[2020-10-28 14:29:22] -- [INFO ]: [cn.besbing.ServerApplication] -- Starting ServerApplication on DESKTOP-1G7K14M with PID 9664 (E:\dataloadercloud3\server\target\classes started by Administrator in E:\dataloadercloud3)
[2020-10-28 14:29:22] -- [INFO ]: [cn.besbing.ServerApplication] -- No active profile set, falling back to default profiles: default
[2020-10-28 14:29:25] -- [INFO ]: [org.apache.coyote.http11.Http11NioProtocol] -- Initializing ProtocolHandler ["http-nio-80"]
[2020-10-28 14:29:25] -- [INFO ]: [org.apache.catalina.core.StandardService] -- Starting service [Tomcat]
[2020-10-28 14:29:25] -- [INFO ]: [org.apache.catalina.core.StandardEngine] -- Starting Servlet engine: [Apache Tomcat/9.0.38]
[2020-10-28 14:29:25] -- [INFO ]: [org.apache.catalina.core.ContainerBase.[Tomcat].[localhost].[/]] -- Initializing Spring embedded WebApplicationContext
[2020-10-28 14:29:27] -- [INFO ]: [org.apache.coyote.http11.Http11NioProtocol] -- Starting ProtocolHandler ["http-nio-80"]
[2020-10-28 14:29:27] -- [INFO ]: [cn.besbing.ServerApplication] -- Started ServerApplication in 5.156 seconds (JVM running for 5.836)
[2020-10-28 14:30:38] -- [INFO ]: [org.apache.catalina.core.ContainerBase.[Tomcat].[localhost].[/]] -- Initializing Spring DispatcherServlet 'dispatcherServlet'
[2020-10-28 14:57:41] -- [INFO ]: [cn.besbing.ServerApplication] -- Starting ServerApplication on DESKTOP-1G7K14M with PID 8320 (E:\dataloadercloud3\server\target\classes started by Administrator in E:\dataloadercloud3)
[2020-10-28 14:57:41] -- [INFO ]: [cn.besbing.ServerApplication] -- No active profile set, falling back to default profiles: default
[2020-10-28 14:57:44] -- [INFO ]: [org.apache.coyote.http11.Http11NioProtocol] -- Initializing ProtocolHandler ["http-nio-80"]
[2020-10-28 14:57:44] -- [INFO ]: [org.apache.catalina.core.StandardService] -- Starting service [Tomcat]
[2020-10-28 14:57:44] -- [INFO ]: [org.apache.catalina.core.StandardEngine] -- Starting Servlet engine: [Apache Tomcat/9.0.38]
[2020-10-28 14:57:44] -- [INFO ]: [org.apache.catalina.core.ContainerBase.[Tomcat].[localhost].[/]] -- Initializing Spring embedded WebApplicationContext
[2020-10-28 14:57:45] -- [INFO ]: [org.apache.coyote.http11.Http11NioProtocol] -- Starting ProtocolHandler ["http-nio-80"]
[2020-10-28 14:57:45] -- [INFO ]: [cn.besbing.ServerApplication] -- Started ServerApplication in 5.207 seconds (JVM running for 5.924)
[2020-10-28 14:58:56] -- [INFO ]: [cn.besbing.ServerApplication] -- Starting ServerApplication on DESKTOP-1G7K14M with PID 12784 (E:\dataloadercloud3\server\target\classes started by Administrator in E:\dataloadercloud3)
[2020-10-28 14:58:56] -- [INFO ]: [cn.besbing.ServerApplication] -- No active profile set, falling back to default profiles: default
[2020-10-28 14:58:59] -- [INFO ]: [org.apache.coyote.http11.Http11NioProtocol] -- Initializing ProtocolHandler ["http-nio-80"]
[2020-10-28 14:58:59] -- [INFO ]: [org.apache.catalina.core.StandardService] -- Starting service [Tomcat]
[2020-10-28 14:58:59] -- [INFO ]: [org.apache.catalina.core.StandardEngine] -- Starting Servlet engine: [Apache Tomcat/9.0.38]
[2020-10-28 14:58:59] -- [INFO ]: [org.apache.catalina.core.ContainerBase.[Tomcat].[localhost].[/]] -- Initializing Spring embedded WebApplicationContext
[2020-10-28 14:59:01] -- [INFO ]: [org.apache.coyote.http11.Http11NioProtocol] -- Starting ProtocolHandler ["http-nio-80"]
[2020-10-28 14:59:01] -- [INFO ]: [cn.besbing.ServerApplication] -- Started ServerApplication in 6.787 seconds (JVM running for 7.989)
[2020-10-28 14:59:21] -- [INFO ]: [cn.besbing.ServerApplication] -- Starting ServerApplication on DESKTOP-1G7K14M with PID 6204 (E:\dataloadercloud3\server\target\classes started by Administrator in E:\dataloadercloud3)
[2020-10-28 14:59:21] -- [INFO ]: [cn.besbing.ServerApplication] -- No active profile set, falling back to default profiles: default
[2020-10-28 14:59:24] -- [INFO ]: [org.apache.coyote.http11.Http11NioProtocol] -- Initializing ProtocolHandler ["http-nio-80"]
[2020-10-28 14:59:24] -- [INFO ]: [org.apache.catalina.core.StandardService] -- Starting service [Tomcat]
[2020-10-28 14:59:24] -- [INFO ]: [org.apache.catalina.core.StandardEngine] -- Starting Servlet engine: [Apache Tomcat/9.0.38]
[2020-10-28 14:59:24] -- [INFO ]: [org.apache.catalina.core.ContainerBase.[Tomcat].[localhost].[/]] -- Initializing Spring embedded WebApplicationContext
[2020-10-28 14:59:26] -- [INFO ]: [org.apache.coyote.http11.Http11NioProtocol] -- Starting ProtocolHandler ["http-nio-80"]
[2020-10-28 14:59:26] -- [INFO ]: [cn.besbing.ServerApplication] -- Started ServerApplication in 5.104 seconds (JVM running for 5.793)
[2020-10-28 14:59:29] -- [INFO ]: [org.apache.catalina.core.ContainerBase.[Tomcat].[localhost].[/]] -- Initializing Spring DispatcherServlet 'dispatcherServlet'
[2020-10-28 14:59:36] -- [INFO ]: [com.alibaba.druid.pool.DruidDataSource] -- {dataSource-1} inited
[2020-10-28 15:01:22] -- [INFO ]: [cn.besbing.ServerApplication] -- Starting ServerApplication on DESKTOP-1G7K14M with PID 12988 (E:\dataloadercloud3\server\target\classes started by Administrator in E:\dataloadercloud3)
[2020-10-28 15:01:22] -- [INFO ]: [cn.besbing.ServerApplication] -- No active profile set, falling back to default profiles: default
[2020-10-28 15:01:24] -- [INFO ]: [org.apache.coyote.http11.Http11NioProtocol] -- Initializing ProtocolHandler ["http-nio-80"]
[2020-10-28 15:01:24] -- [INFO ]: [org.apache.catalina.core.StandardService] -- Starting service [Tomcat]
[2020-10-28 15:01:24] -- [INFO ]: [org.apache.catalina.core.StandardEngine] -- Starting Servlet engine: [Apache Tomcat/9.0.38]
[2020-10-28 15:01:24] -- [INFO ]: [org.apache.catalina.core.ContainerBase.[Tomcat].[localhost].[/]] -- Initializing Spring embedded WebApplicationContext
[2020-10-28 15:01:26] -- [INFO ]: [org.apache.coyote.http11.Http11NioProtocol] -- Starting ProtocolHandler ["http-nio-80"]
[2020-10-28 15:01:26] -- [INFO ]: [cn.besbing.ServerApplication] -- Started ServerApplication in 4.899 seconds (JVM running for 5.601)
[2020-10-28 15:01:36] -- [INFO ]: [cn.besbing.ServerApplication] -- Starting ServerApplication on DESKTOP-1G7K14M with PID 5896 (E:\dataloadercloud3\server\target\classes started by Administrator in E:\dataloadercloud3)
[2020-10-28 15:01:36] -- [INFO ]: [cn.besbing.ServerApplication] -- No active profile set, falling back to default profiles: default
[2020-10-28 15:01:39] -- [INFO ]: [org.apache.coyote.http11.Http11NioProtocol] -- Initializing ProtocolHandler ["http-nio-80"]
[2020-10-28 15:01:39] -- [INFO ]: [org.apache.catalina.core.StandardService] -- Starting service [Tomcat]
[2020-10-28 15:01:39] -- [INFO ]: [org.apache.catalina.core.StandardEngine] -- Starting Servlet engine: [Apache Tomcat/9.0.38]
[2020-10-28 15:01:39] -- [INFO ]: [org.apache.catalina.core.ContainerBase.[Tomcat].[localhost].[/]] -- Initializing Spring embedded WebApplicationContext
[2020-10-28 15:01:41] -- [INFO ]: [org.apache.coyote.http11.Http11NioProtocol] -- Starting ProtocolHandler ["http-nio-80"]
[2020-10-28 15:01:41] -- [INFO ]: [cn.besbing.ServerApplication] -- Started ServerApplication in 5.919 seconds (JVM running for 7.429)
[2020-10-28 15:01:43] -- [INFO ]: [org.apache.catalina.core.ContainerBase.[Tomcat].[localhost].[/]] -- Initializing Spring DispatcherServlet 'dispatcherServlet'
[2020-10-28 15:01:49] -- [INFO ]: [com.alibaba.druid.pool.DruidDataSource] -- {dataSource-1} inited
[2020-10-28 15:04:02] -- [INFO ]: [com.alibaba.druid.pool.DruidDataSource] -- {dataSource-0} closing ...
[2020-10-28 15:04:02] -- [INFO ]: [com.alibaba.druid.pool.DruidDataSource] -- {dataSource-0} closing ...
[2020-10-28 15:04:02] -- [INFO ]: [com.alibaba.druid.pool.DruidDataSource] -- {dataSource-1} closing ...
[2020-10-28 15:04:02] -- [INFO ]: [com.alibaba.druid.pool.DruidDataSource] -- {dataSource-1} closed
[2020-10-28 15:04:05] -- [INFO ]: [cn.besbing.ServerApplication] -- Starting ServerApplication on DESKTOP-1G7K14M with PID 5032 (E:\dataloadercloud3\server\target\classes started by Administrator in E:\dataloadercloud3)
[2020-10-28 15:04:05] -- [INFO ]: [cn.besbing.ServerApplication] -- No active profile set, falling back to default profiles: default
[2020-10-28 15:04:08] -- [INFO ]: [org.apache.coyote.http11.Http11NioProtocol] -- Initializing ProtocolHandler ["http-nio-80"]
[2020-10-28 15:04:08] -- [INFO ]: [org.apache.catalina.core.StandardService] -- Starting service [Tomcat]
[2020-10-28 15:04:08] -- [INFO ]: [org.apache.catalina.core.StandardEngine] -- Starting Servlet engine: [Apache Tomcat/9.0.38]
[2020-10-28 15:04:08] -- [INFO ]: [org.apache.catalina.core.ContainerBase.[Tomcat].[localhost].[/]] -- Initializing Spring embedded WebApplicationContext
[2020-10-28 15:04:10] -- [INFO ]: [org.apache.coyote.http11.Http11NioProtocol] -- Starting ProtocolHandler ["http-nio-80"]
[2020-10-28 15:04:10] -- [INFO ]: [cn.besbing.ServerApplication] -- Started ServerApplication in 5.138 seconds (JVM running for 5.958)
[2020-10-28 15:04:13] -- [INFO ]: [org.apache.catalina.core.ContainerBase.[Tomcat].[localhost].[/]] -- Initializing Spring DispatcherServlet 'dispatcherServlet'
[2020-10-28 15:04:20] -- [INFO ]: [com.alibaba.druid.pool.DruidDataSource] -- {dataSource-1} inited
[2020-10-28 15:30:59] -- [INFO ]: [cn.besbing.ServerApplication] -- Starting ServerApplication on DESKTOP-1G7K14M with PID 9912 (E:\dataloadercloud3\server\target\classes started by Administrator in E:\dataloadercloud3)
[2020-10-28 15:30:59] -- [INFO ]: [cn.besbing.ServerApplication] -- No active profile set, falling back to default profiles: default
[2020-10-28 15:31:02] -- [INFO ]: [org.apache.coyote.http11.Http11NioProtocol] -- Initializing ProtocolHandler ["http-nio-80"]
[2020-10-28 15:31:02] -- [INFO ]: [org.apache.catalina.core.StandardService] -- Starting service [Tomcat]
[2020-10-28 15:31:02] -- [INFO ]: [org.apache.catalina.core.StandardEngine] -- Starting Servlet engine: [Apache Tomcat/9.0.38]
[2020-10-28 15:31:02] -- [INFO ]: [org.apache.catalina.core.ContainerBase.[Tomcat].[localhost].[/]] -- Initializing Spring embedded WebApplicationContext
[2020-10-28 15:31:04] -- [INFO ]: [org.apache.coyote.http11.Http11NioProtocol] -- Starting ProtocolHandler ["http-nio-80"]
[2020-10-28 15:31:04] -- [INFO ]: [cn.besbing.ServerApplication] -- Started ServerApplication in 5.684 seconds (JVM running for 6.652)
[2020-10-28 15:33:07] -- [INFO ]: [org.apache.catalina.core.ContainerBase.[Tomcat].[localhost].[/]] -- Initializing Spring DispatcherServlet 'dispatcherServlet'
[2020-10-28 15:33:15] -- [INFO ]: [com.alibaba.druid.pool.DruidDataSource] -- {dataSource-1} inited
[2020-10-28 16:46:18] -- [INFO ]: [com.alibaba.druid.pool.DruidDataSource] -- {dataSource-0} closing ...
[2020-10-28 16:46:18] -- [INFO ]: [com.alibaba.druid.pool.DruidDataSource] -- {dataSource-0} closing ...
[2020-10-28 16:46:18] -- [INFO ]: [com.alibaba.druid.pool.DruidDataSource] -- {dataSource-1} closing ...
[2020-10-28 16:46:18] -- [INFO ]: [com.alibaba.druid.pool.DruidDataSource] -- {dataSource-1} closed
[2020-10-28 16:46:24] -- [INFO ]: [cn.besbing.ServerApplication] -- Starting ServerApplication on DESKTOP-1G7K14M with PID 11724 (E:\dataloadercloud3\server\target\classes started by Administrator in E:\dataloadercloud3)
[2020-10-28 16:46:24] -- [INFO ]: [cn.besbing.ServerApplication] -- No active profile set, falling back to default profiles: default
[2020-10-28 16:46:27] -- [INFO ]: [org.apache.coyote.http11.Http11NioProtocol] -- Initializing ProtocolHandler ["http-nio-80"]
[2020-10-28 16:46:27] -- [INFO ]: [org.apache.catalina.core.StandardService] -- Starting service [Tomcat]
[2020-10-28 16:46:27] -- [INFO ]: [org.apache.catalina.core.StandardEngine] -- Starting Servlet engine: [Apache Tomcat/9.0.38]
[2020-10-28 16:46:27] -- [INFO ]: [org.apache.catalina.core.ContainerBase.[Tomcat].[localhost].[/]] -- Initializing Spring embedded WebApplicationContext
[2020-10-28 16:46:29] -- [INFO ]: [org.apache.coyote.http11.Http11NioProtocol] -- Starting ProtocolHandler ["http-nio-80"]
[2020-10-28 16:46:29] -- [INFO ]: [cn.besbing.ServerApplication] -- Started ServerApplication in 5.914 seconds (JVM running for 6.781)
[2020-10-28 16:46:37] -- [INFO ]: [org.apache.catalina.core.ContainerBase.[Tomcat].[localhost].[/]] -- Initializing Spring DispatcherServlet 'dispatcherServlet'
[2020-10-28 16:46:44] -- [INFO ]: [com.alibaba.druid.pool.DruidDataSource] -- {dataSource-1} inited
[2020-10-28 16:48:41] -- [INFO ]: [com.alibaba.druid.pool.DruidDataSource] -- {dataSource-0} closing ...
[2020-10-28 16:48:41] -- [INFO ]: [com.alibaba.druid.pool.DruidDataSource] -- {dataSource-0} closing ...
[2020-10-28 16:48:41] -- [INFO ]: [com.alibaba.druid.pool.DruidDataSource] -- {dataSource-1} closing ...
[2020-10-28 16:48:41] -- [INFO ]: [com.alibaba.druid.pool.DruidDataSource] -- {dataSource-1} closed
[2020-10-28 16:48:47] -- [INFO ]: [cn.besbing.ServerApplication] -- Starting ServerApplication on DESKTOP-1G7K14M with PID 10588 (E:\dataloadercloud3\server\target\classes started by Administrator in E:\dataloadercloud3)
[2020-10-28 16:48:47] -- [INFO ]: [cn.besbing.ServerApplication] -- No active profile set, falling back to default profiles: default
[2020-10-28 16:48:50] -- [INFO ]: [org.apache.coyote.http11.Http11NioProtocol] -- Initializing ProtocolHandler ["http-nio-80"]
[2020-10-28 16:48:50] -- [INFO ]: [org.apache.catalina.core.StandardService] -- Starting service [Tomcat]
[2020-10-28 16:48:50] -- [INFO ]: [org.apache.catalina.core.StandardEngine] -- Starting Servlet engine: [Apache Tomcat/9.0.38]
[2020-10-28 16:48:50] -- [INFO ]: [org.apache.catalina.core.ContainerBase.[Tomcat].[localhost].[/]] -- Initializing Spring embedded WebApplicationContext
[2020-10-28 16:48:52] -- [INFO ]: [org.apache.coyote.http11.Http11NioProtocol] -- Starting ProtocolHandler ["http-nio-80"]
[2020-10-28 16:48:52] -- [INFO ]: [cn.besbing.ServerApplication] -- Started ServerApplication in 5.542 seconds (JVM running for 6.411)
[2020-10-28 16:48:54] -- [INFO ]: [org.apache.catalina.core.ContainerBase.[Tomcat].[localhost].[/]] -- Initializing Spring DispatcherServlet 'dispatcherServlet'
[2020-10-28 16:49:00] -- [INFO ]: [com.alibaba.druid.pool.DruidDataSource] -- {dataSource-1} inited
[2020-10-28 16:52:07] -- [INFO ]: [com.alibaba.druid.pool.DruidDataSource] -- {dataSource-0} closing ...
[2020-10-28 16:52:07] -- [INFO ]: [com.alibaba.druid.pool.DruidDataSource] -- {dataSource-0} closing ...
[2020-10-28 16:52:07] -- [INFO ]: [com.alibaba.druid.pool.DruidDataSource] -- {dataSource-1} closing ...
[2020-10-28 16:52:07] -- [INFO ]: [com.alibaba.druid.pool.DruidDataSource] -- {dataSource-1} closed
[2020-10-28 16:52:13] -- [INFO ]: [cn.besbing.ServerApplication] -- Starting ServerApplication on DESKTOP-1G7K14M with PID 10880 (E:\dataloadercloud3\server\target\classes started by Administrator in E:\dataloadercloud3)
[2020-10-28 16:52:13] -- [INFO ]: [cn.besbing.ServerApplication] -- No active profile set, falling back to default profiles: default
[2020-10-28 16:52:15] -- [INFO ]: [org.apache.coyote.http11.Http11NioProtocol] -- Initializing ProtocolHandler ["http-nio-80"]
[2020-10-28 16:52:15] -- [INFO ]: [org.apache.catalina.core.StandardService] -- Starting service [Tomcat]
[2020-10-28 16:52:15] -- [INFO ]: [org.apache.catalina.core.StandardEngine] -- Starting Servlet engine: [Apache Tomcat/9.0.38]
[2020-10-28 16:52:16] -- [INFO ]: [org.apache.catalina.core.ContainerBase.[Tomcat].[localhost].[/]] -- Initializing Spring embedded WebApplicationContext
[2020-10-28 16:52:17] -- [INFO ]: [org.apache.coyote.http11.Http11NioProtocol] -- Starting ProtocolHandler ["http-nio-80"]
[2020-10-28 16:52:17] -- [INFO ]: [cn.besbing.ServerApplication] -- Started ServerApplication in 5.558 seconds (JVM running for 6.408)
[2020-10-28 16:52:21] -- [INFO ]: [org.apache.catalina.core.ContainerBase.[Tomcat].[localhost].[/]] -- Initializing Spring DispatcherServlet 'dispatcherServlet'
[2020-10-28 16:52:27] -- [INFO ]: [com.alibaba.druid.pool.DruidDataSource] -- {dataSource-1} inited
[2020-10-28 16:54:17] -- [INFO ]: [com.alibaba.druid.pool.DruidDataSource] -- {dataSource-0} closing ...
[2020-10-28 16:54:17] -- [INFO ]: [com.alibaba.druid.pool.DruidDataSource] -- {dataSource-0} closing ...
[2020-10-28 16:54:17] -- [INFO ]: [com.alibaba.druid.pool.DruidDataSource] -- {dataSource-1} closing ...
[2020-10-28 16:54:17] -- [INFO ]: [com.alibaba.druid.pool.DruidDataSource] -- {dataSource-1} closed
[2020-10-28 16:54:22] -- [INFO ]: [cn.besbing.ServerApplication] -- Starting ServerApplication on DESKTOP-1G7K14M with PID 9912 (E:\dataloadercloud3\server\target\classes started by Administrator in E:\dataloadercloud3)
[2020-10-28 16:54:22] -- [INFO ]: [cn.besbing.ServerApplication] -- No active profile set, falling back to default profiles: default
[2020-10-28 16:54:25] -- [INFO ]: [org.apache.coyote.http11.Http11NioProtocol] -- Initializing ProtocolHandler ["http-nio-80"]
[2020-10-28 16:54:25] -- [INFO ]: [org.apache.catalina.core.StandardService] -- Starting service [Tomcat]
[2020-10-28 16:54:25] -- [INFO ]: [org.apache.catalina.core.StandardEngine] -- Starting Servlet engine: [Apache Tomcat/9.0.38]
[2020-10-28 16:54:25] -- [INFO ]: [org.apache.catalina.core.ContainerBase.[Tomcat].[localhost].[/]] -- Initializing Spring embedded WebApplicationContext
[2020-10-28 16:54:26] -- [INFO ]: [org.apache.coyote.http11.Http11NioProtocol] -- Starting ProtocolHandler ["http-nio-80"]
[2020-10-28 16:54:26] -- [INFO ]: [cn.besbing.ServerApplication] -- Started ServerApplication in 5.182 seconds (JVM running for 6.234)
[2020-10-28 16:54:55] -- [INFO ]: [org.apache.catalina.core.ContainerBase.[Tomcat].[localhost].[/]] -- Initializing Spring DispatcherServlet 'dispatcherServlet'
[2020-10-28 16:55:02] -- [INFO ]: [com.alibaba.druid.pool.DruidDataSource] -- {dataSource-1} inited
[2020-10-28 16:55:46] -- [INFO ]: [cn.besbing.ServerApplication] -- Starting ServerApplication on DESKTOP-1G7K14M with PID 5408 (E:\dataloadercloud3\server\target\classes started by Administrator in E:\dataloadercloud3)
[2020-10-28 16:55:46] -- [INFO ]: [cn.besbing.ServerApplication] -- No active profile set, falling back to default profiles: default
[2020-10-28 16:55:49] -- [INFO ]: [org.apache.coyote.http11.Http11NioProtocol] -- Initializing ProtocolHandler ["http-nio-80"]
[2020-10-28 16:55:49] -- [INFO ]: [org.apache.catalina.core.StandardService] -- Starting service [Tomcat]
[2020-10-28 16:55:49] -- [INFO ]: [org.apache.catalina.core.StandardEngine] -- Starting Servlet engine: [Apache Tomcat/9.0.38]
[2020-10-28 16:55:49] -- [INFO ]: [org.apache.catalina.core.ContainerBase.[Tomcat].[localhost].[/]] -- Initializing Spring embedded WebApplicationContext
[2020-10-28 16:55:51] -- [INFO ]: [org.apache.coyote.http11.Http11NioProtocol] -- Starting ProtocolHandler ["http-nio-80"]
[2020-10-28 16:55:51] -- [INFO ]: [cn.besbing.ServerApplication] -- Started ServerApplication in 5.575 seconds (JVM running for 6.535)
[2020-10-28 16:55:54] -- [INFO ]: [org.apache.catalina.core.ContainerBase.[Tomcat].[localhost].[/]] -- Initializing Spring DispatcherServlet 'dispatcherServlet'
[2020-10-28 16:55:59] -- [INFO ]: [com.alibaba.druid.pool.DruidDataSource] -- {dataSource-1} inited
[2020-10-28 16:59:22] -- [INFO ]: [com.alibaba.druid.pool.DruidDataSource] -- {dataSource-0} closing ...
[2020-10-28 16:59:22] -- [INFO ]: [com.alibaba.druid.pool.DruidDataSource] -- {dataSource-0} closing ...
[2020-10-28 16:59:22] -- [INFO ]: [com.alibaba.druid.pool.DruidDataSource] -- {dataSource-1} closing ...
[2020-10-28 16:59:22] -- [INFO ]: [com.alibaba.druid.pool.DruidDataSource] -- {dataSource-1} closed
[2020-10-28 16:59:28] -- [INFO ]: [cn.besbing.ServerApplication] -- Starting ServerApplication on DESKTOP-1G7K14M with PID 9444 (E:\dataloadercloud3\server\target\classes started by Administrator in E:\dataloadercloud3)
[2020-10-28 16:59:28] -- [INFO ]: [cn.besbing.ServerApplication] -- No active profile set, falling back to default profiles: default
[2020-10-28 16:59:31] -- [INFO ]: [org.apache.coyote.http11.Http11NioProtocol] -- Initializing ProtocolHandler ["http-nio-80"]
[2020-10-28 16:59:31] -- [INFO ]: [org.apache.catalina.core.StandardService] -- Starting service [Tomcat]
[2020-10-28 16:59:31] -- [INFO ]: [org.apache.catalina.core.StandardEngine] -- Starting Servlet engine: [Apache Tomcat/9.0.38]
[2020-10-28 16:59:31] -- [INFO ]: [org.apache.catalina.core.ContainerBase.[Tomcat].[localhost].[/]] -- Initializing Spring embedded WebApplicationContext
[2020-10-28 16:59:33] -- [INFO ]: [org.apache.coyote.http11.Http11NioProtocol] -- Starting ProtocolHandler ["http-nio-80"]
[2020-10-28 16:59:33] -- [INFO ]: [cn.besbing.ServerApplication] -- Started ServerApplication in 5.76 seconds (JVM running for 6.782)
[2020-10-28 16:59:37] -- [INFO ]: [org.apache.catalina.core.ContainerBase.[Tomcat].[localhost].[/]] -- Initializing Spring DispatcherServlet 'dispatcherServlet'
[2020-10-28 16:59:44] -- [INFO ]: [com.alibaba.druid.pool.DruidDataSource] -- {dataSource-1} inited
[2020-10-28 17:32:53] -- [INFO ]: [com.alibaba.druid.pool.DruidDataSource] -- {dataSource-0} closing ...
[2020-10-28 17:32:53] -- [INFO ]: [com.alibaba.druid.pool.DruidDataSource] -- {dataSource-0} closing ...
[2020-10-28 17:32:53] -- [INFO ]: [com.alibaba.druid.pool.DruidDataSource] -- {dataSource-1} closing ...
[2020-10-28 17:32:53] -- [INFO ]: [com.alibaba.druid.pool.DruidDataSource] -- {dataSource-1} closed
[2020-10-28 17:32:59] -- [INFO ]: [cn.besbing.ServerApplication] -- Starting ServerApplication on DESKTOP-1G7K14M with PID 10520 (E:\dataloadercloud3\server\target\classes started by Administrator in E:\dataloadercloud3)
[2020-10-28 17:32:59] -- [INFO ]: [cn.besbing.ServerApplication] -- No active profile set, falling back to default profiles: default
[2020-10-28 17:33:02] -- [INFO ]: [org.apache.coyote.http11.Http11NioProtocol] -- Initializing ProtocolHandler ["http-nio-80"]
[2020-10-28 17:33:02] -- [INFO ]: [org.apache.catalina.core.StandardService] -- Starting service [Tomcat]
[2020-10-28 17:33:02] -- [INFO ]: [org.apache.catalina.core.StandardEngine] -- Starting Servlet engine: [Apache Tomcat/9.0.38]
[2020-10-28 17:33:02] -- [INFO ]: [org.apache.catalina.core.ContainerBase.[Tomcat].[localhost].[/]] -- Initializing Spring embedded WebApplicationContext
[2020-10-28 17:33:04] -- [INFO ]: [org.apache.coyote.http11.Http11NioProtocol] -- Starting ProtocolHandler ["http-nio-80"]
[2020-10-28 17:33:04] -- [INFO ]: [cn.besbing.ServerApplication] -- Started ServerApplication in 5.762 seconds (JVM running for 6.824)
[2020-10-28 17:33:08] -- [INFO ]: [org.apache.catalina.core.ContainerBase.[Tomcat].[localhost].[/]] -- Initializing Spring DispatcherServlet 'dispatcherServlet'
[2020-10-28 17:33:14] -- [INFO ]: [com.alibaba.druid.pool.DruidDataSource] -- {dataSource-1} inited
[2020-10-28 17:33:36] -- [INFO ]: [com.alibaba.druid.pool.DruidDataSource] -- {dataSource-0} closing ...
[2020-10-28 17:33:36] -- [INFO ]: [com.alibaba.druid.pool.DruidDataSource] -- {dataSource-0} closing ...
[2020-10-28 17:33:36] -- [INFO ]: [com.alibaba.druid.pool.DruidDataSource] -- {dataSource-1} closing ...
[2020-10-28 17:33:36] -- [INFO ]: [com.alibaba.druid.pool.DruidDataSource] -- {dataSource-1} closed
[2020-10-28 17:33:40] -- [INFO ]: [cn.besbing.ServerApplication] -- Starting ServerApplication on DESKTOP-1G7K14M with PID 3468 (E:\dataloadercloud3\server\target\classes started by Administrator in E:\dataloadercloud3)
[2020-10-28 17:33:40] -- [INFO ]: [cn.besbing.ServerApplication] -- No active profile set, falling back to default profiles: default
[2020-10-28 17:33:43] -- [INFO ]: [org.apache.coyote.http11.Http11NioProtocol] -- Initializing ProtocolHandler ["http-nio-80"]
[2020-10-28 17:33:43] -- [INFO ]: [org.apache.catalina.core.StandardService] -- Starting service [Tomcat]
[2020-10-28 17:33:43] -- [INFO ]: [org.apache.catalina.core.StandardEngine] -- Starting Servlet engine: [Apache Tomcat/9.0.38]
[2020-10-28 17:33:43] -- [INFO ]: [org.apache.catalina.core.ContainerBase.[Tomcat].[localhost].[/]] -- Initializing Spring embedded WebApplicationContext
[2020-10-28 17:33:45] -- [INFO ]: [org.apache.coyote.http11.Http11NioProtocol] -- Starting ProtocolHandler ["http-nio-80"]
[2020-10-28 17:33:45] -- [INFO ]: [cn.besbing.ServerApplication] -- Started ServerApplication in 5.719 seconds (JVM running for 6.722)
[2020-10-28 17:33:48] -- [INFO ]: [org.apache.catalina.core.ContainerBase.[Tomcat].[localhost].[/]] -- Initializing Spring DispatcherServlet 'dispatcherServlet'
[2020-10-28 17:33:54] -- [INFO ]: [com.alibaba.druid.pool.DruidDataSource] -- {dataSource-1} inited
[2020-10-28 17:35:29] -- [INFO ]: [com.alibaba.druid.pool.DruidDataSource] -- {dataSource-0} closing ...
[2020-10-28 17:35:29] -- [INFO ]: [com.alibaba.druid.pool.DruidDataSource] -- {dataSource-0} closing ...
[2020-10-28 17:35:29] -- [INFO ]: [com.alibaba.druid.pool.DruidDataSource] -- {dataSource-1} closing ...
[2020-10-28 17:35:29] -- [INFO ]: [com.alibaba.druid.pool.DruidDataSource] -- {dataSource-1} closed
[2020-10-28 17:35:35] -- [INFO ]: [cn.besbing.ServerApplication] -- Starting ServerApplication on DESKTOP-1G7K14M with PID 6116 (E:\dataloadercloud3\server\target\classes started by Administrator in E:\dataloadercloud3)
[2020-10-28 17:35:35] -- [INFO ]: [cn.besbing.ServerApplication] -- No active profile set, falling back to default profiles: default
[2020-10-28 17:35:38] -- [INFO ]: [org.apache.coyote.http11.Http11NioProtocol] -- Initializing ProtocolHandler ["http-nio-80"]
[2020-10-28 17:35:38] -- [INFO ]: [org.apache.catalina.core.StandardService] -- Starting service [Tomcat]
[2020-10-28 17:35:38] -- [INFO ]: [org.apache.catalina.core.StandardEngine] -- Starting Servlet engine: [Apache Tomcat/9.0.38]
[2020-10-28 17:35:38] -- [INFO ]: [org.apache.catalina.core.ContainerBase.[Tomcat].[localhost].[/]] -- Initializing Spring embedded WebApplicationContext
[2020-10-28 17:35:40] -- [INFO ]: [org.apache.coyote.http11.Http11NioProtocol] -- Starting ProtocolHandler ["http-nio-80"]
[2020-10-28 17:35:40] -- [INFO ]: [cn.besbing.ServerApplication] -- Started ServerApplication in 5.587 seconds (JVM running for 6.54)
[2020-10-28 17:35:43] -- [INFO ]: [org.apache.catalina.core.ContainerBase.[Tomcat].[localhost].[/]] -- Initializing Spring DispatcherServlet 'dispatcherServlet'
[2020-10-28 17:35:52] -- [INFO ]: [com.alibaba.druid.pool.DruidDataSource] -- {dataSource-1} inited
[2020-10-28 17:41:24] -- [INFO ]: [com.alibaba.druid.pool.DruidDataSource] -- {dataSource-0} closing ...
[2020-10-28 17:41:24] -- [INFO ]: [com.alibaba.druid.pool.DruidDataSource] -- {dataSource-0} closing ...
[2020-10-28 17:41:24] -- [INFO ]: [com.alibaba.druid.pool.DruidDataSource] -- {dataSource-1} closing ...
[2020-10-28 17:41:24] -- [INFO ]: [com.alibaba.druid.pool.DruidDataSource] -- {dataSource-1} closed
[2020-10-28 17:41:30] -- [INFO ]: [cn.besbing.ServerApplication] -- Starting ServerApplication on DESKTOP-1G7K14M with PID 10348 (E:\dataloadercloud3\server\target\classes started by Administrator in E:\dataloadercloud3)
[2020-10-28 17:41:30] -- [INFO ]: [cn.besbing.ServerApplication] -- No active profile set, falling back to default profiles: default
[2020-10-28 17:41:33] -- [INFO ]: [org.apache.coyote.http11.Http11NioProtocol] -- Initializing ProtocolHandler ["http-nio-80"]
[2020-10-28 17:41:33] -- [INFO ]: [org.apache.catalina.core.StandardService] -- Starting service [Tomcat]
[2020-10-28 17:41:33] -- [INFO ]: [org.apache.catalina.core.StandardEngine] -- Starting Servlet engine: [Apache Tomcat/9.0.38]
[2020-10-28 17:41:33] -- [INFO ]: [org.apache.catalina.core.ContainerBase.[Tomcat].[localhost].[/]] -- Initializing Spring embedded WebApplicationContext
[2020-10-28 17:41:35] -- [INFO ]: [org.apache.coyote.http11.Http11NioProtocol] -- Starting ProtocolHandler ["http-nio-80"]
[2020-10-28 17:41:35] -- [INFO ]: [cn.besbing.ServerApplication] -- Started ServerApplication in 5.242 seconds (JVM running for 6.203)
[2020-10-28 17:41:40] -- [INFO ]: [org.apache.catalina.core.ContainerBase.[Tomcat].[localhost].[/]] -- Initializing Spring DispatcherServlet 'dispatcherServlet'
[2020-10-28 17:41:46] -- [INFO ]: [com.alibaba.druid.pool.DruidDataSource] -- {dataSource-1} inited
[2020-10-28 17:44:13] -- [INFO ]: [cn.besbing.ServerApplication] -- Starting ServerApplication on DESKTOP-1G7K14M with PID 9744 (E:\dataloadercloud3\server\target\classes started by Administrator in E:\dataloadercloud3)
[2020-10-28 17:44:13] -- [INFO ]: [cn.besbing.ServerApplication] -- No active profile set, falling back to default profiles: default
[2020-10-28 17:44:16] -- [INFO ]: [org.apache.coyote.http11.Http11NioProtocol] -- Initializing ProtocolHandler ["http-nio-80"]
[2020-10-28 17:44:16] -- [INFO ]: [org.apache.catalina.core.StandardService] -- Starting service [Tomcat]
[2020-10-28 17:44:16] -- [INFO ]: [org.apache.catalina.core.StandardEngine] -- Starting Servlet engine: [Apache Tomcat/9.0.38]
[2020-10-28 17:44:16] -- [INFO ]: [org.apache.catalina.core.ContainerBase.[Tomcat].[localhost].[/]] -- Initializing Spring embedded WebApplicationContext
[2020-10-28 17:44:18] -- [INFO ]: [org.apache.coyote.http11.Http11NioProtocol] -- Starting ProtocolHandler ["http-nio-80"]
[2020-10-28 17:44:18] -- [INFO ]: [cn.besbing.ServerApplication] -- Started ServerApplication in 5.211 seconds (JVM running for 5.956)
[2020-10-28 17:44:27] -- [INFO ]: [org.apache.catalina.core.ContainerBase.[Tomcat].[localhost].[/]] -- Initializing Spring DispatcherServlet 'dispatcherServlet'
[2020-10-28 17:44:36] -- [INFO ]: [com.alibaba.druid.pool.DruidDataSource] -- {dataSource-1} inited
