[2020-10-27 06:06:51] -- [INFO ]: [org.apache.catalina.core.ContainerBase.[Tomcat].[localhost].[/]] -- Initializing Spring DispatcherServlet 'dispatcherServlet'
[2020-10-27 10:31:40] -- [INFO ]: [com.alibaba.druid.pool.DruidDataSource] -- {dataSource-0} closing ...
[2020-10-27 10:31:40] -- [INFO ]: [com.alibaba.druid.pool.DruidDataSource] -- {dataSource-0} closing ...
[2020-10-27 10:31:40] -- [INFO ]: [com.alibaba.druid.pool.DruidDataSource] -- {dataSource-0} closing ...
[2020-10-27 10:31:52] -- [INFO ]: [cn.besbing.ServerApplication] -- Starting ServerApplication on DESKTOP-1G7K14M with PID 9224 (E:\dataloadercloud3\server\target\classes started by Administrator in E:\dataloadercloud3)
[2020-10-27 10:31:52] -- [INFO ]: [cn.besbing.ServerApplication] -- No active profile set, falling back to default profiles: default
[2020-10-27 10:31:56] -- [INFO ]: [org.apache.coyote.http11.Http11NioProtocol] -- Initializing ProtocolHandler ["http-nio-80"]
[2020-10-27 10:31:56] -- [INFO ]: [org.apache.catalina.core.StandardService] -- Starting service [Tomcat]
[2020-10-27 10:31:56] -- [INFO ]: [org.apache.catalina.core.StandardEngine] -- Starting Servlet engine: [Apache Tomcat/9.0.38]
[2020-10-27 10:31:56] -- [INFO ]: [org.apache.catalina.core.ContainerBase.[Tomcat].[localhost].[/]] -- Initializing Spring embedded WebApplicationContext
[2020-10-27 10:31:58] -- [INFO ]: [org.apache.coyote.http11.Http11NioProtocol] -- Starting ProtocolHandler ["http-nio-80"]
[2020-10-27 10:31:58] -- [INFO ]: [cn.besbing.ServerApplication] -- Started ServerApplication in 6.736 seconds (JVM running for 7.999)
[2020-10-27 10:32:03] -- [INFO ]: [org.apache.catalina.core.ContainerBase.[Tomcat].[localhost].[/]] -- Initializing Spring DispatcherServlet 'dispatcherServlet'
[2020-10-27 10:32:10] -- [INFO ]: [com.alibaba.druid.pool.DruidDataSource] -- {dataSource-1} inited
[2020-10-27 10:36:32] -- [INFO ]: [com.alibaba.druid.pool.DruidDataSource] -- {dataSource-0} closing ...
[2020-10-27 10:36:32] -- [INFO ]: [com.alibaba.druid.pool.DruidDataSource] -- {dataSource-0} closing ...
[2020-10-27 10:36:32] -- [INFO ]: [com.alibaba.druid.pool.DruidDataSource] -- {dataSource-1} closing ...
[2020-10-27 10:36:32] -- [INFO ]: [com.alibaba.druid.pool.DruidDataSource] -- {dataSource-1} closed
[2020-10-27 10:36:35] -- [INFO ]: [cn.besbing.ServerApplication] -- Starting ServerApplication on DESKTOP-1G7K14M with PID 8396 (E:\dataloadercloud3\server\target\classes started by Administrator in E:\dataloadercloud3)
[2020-10-27 10:36:35] -- [INFO ]: [cn.besbing.ServerApplication] -- No active profile set, falling back to default profiles: default
[2020-10-27 10:36:38] -- [INFO ]: [org.apache.coyote.http11.Http11NioProtocol] -- Initializing ProtocolHandler ["http-nio-80"]
[2020-10-27 10:36:38] -- [INFO ]: [org.apache.catalina.core.StandardService] -- Starting service [Tomcat]
[2020-10-27 10:36:38] -- [INFO ]: [org.apache.catalina.core.StandardEngine] -- Starting Servlet engine: [Apache Tomcat/9.0.38]
[2020-10-27 10:36:38] -- [INFO ]: [org.apache.catalina.core.ContainerBase.[Tomcat].[localhost].[/]] -- Initializing Spring embedded WebApplicationContext
[2020-10-27 10:36:40] -- [INFO ]: [org.apache.coyote.http11.Http11NioProtocol] -- Starting ProtocolHandler ["http-nio-80"]
[2020-10-27 10:36:40] -- [INFO ]: [cn.besbing.ServerApplication] -- Started ServerApplication in 4.846 seconds (JVM running for 5.599)
[2020-10-27 10:37:07] -- [INFO ]: [org.apache.catalina.core.ContainerBase.[Tomcat].[localhost].[/]] -- Initializing Spring DispatcherServlet 'dispatcherServlet'
[2020-10-27 10:37:13] -- [INFO ]: [com.alibaba.druid.pool.DruidDataSource] -- {dataSource-1} inited
[2020-10-27 11:01:47] -- [INFO ]: [cn.besbing.ServerApplication] -- Starting ServerApplication on DESKTOP-1G7K14M with PID 7736 (E:\dataloadercloud3\server\target\classes started by Administrator in E:\dataloadercloud3)
[2020-10-27 11:01:47] -- [INFO ]: [cn.besbing.ServerApplication] -- No active profile set, falling back to default profiles: default
[2020-10-27 11:01:50] -- [INFO ]: [org.apache.coyote.http11.Http11NioProtocol] -- Initializing ProtocolHandler ["http-nio-80"]
[2020-10-27 11:01:50] -- [INFO ]: [org.apache.catalina.core.StandardService] -- Starting service [Tomcat]
[2020-10-27 11:01:50] -- [INFO ]: [org.apache.catalina.core.StandardEngine] -- Starting Servlet engine: [Apache Tomcat/9.0.38]
[2020-10-27 11:01:50] -- [INFO ]: [org.apache.catalina.core.ContainerBase.[Tomcat].[localhost].[/]] -- Initializing Spring embedded WebApplicationContext
[2020-10-27 11:01:51] -- [INFO ]: [org.apache.coyote.http11.Http11NioProtocol] -- Starting ProtocolHandler ["http-nio-80"]
[2020-10-27 11:01:51] -- [INFO ]: [cn.besbing.ServerApplication] -- Started ServerApplication in 5.743 seconds (JVM running for 6.736)
[2020-10-27 11:02:54] -- [INFO ]: [org.apache.catalina.core.ContainerBase.[Tomcat].[localhost].[/]] -- Initializing Spring DispatcherServlet 'dispatcherServlet'
[2020-10-27 11:03:01] -- [INFO ]: [com.alibaba.druid.pool.DruidDataSource] -- {dataSource-1} inited
[2020-10-27 11:17:19] -- [INFO ]: [com.alibaba.druid.pool.DruidDataSource] -- {dataSource-0} closing ...
[2020-10-27 11:17:19] -- [INFO ]: [com.alibaba.druid.pool.DruidDataSource] -- {dataSource-0} closing ...
[2020-10-27 11:17:19] -- [INFO ]: [com.alibaba.druid.pool.DruidDataSource] -- {dataSource-1} closing ...
[2020-10-27 11:17:19] -- [INFO ]: [com.alibaba.druid.pool.DruidDataSource] -- {dataSource-1} closed
[2020-10-27 11:17:24] -- [INFO ]: [cn.besbing.ServerApplication] -- Starting ServerApplication on DESKTOP-1G7K14M with PID 8388 (E:\dataloadercloud3\server\target\classes started by Administrator in E:\dataloadercloud3)
[2020-10-27 11:17:24] -- [INFO ]: [cn.besbing.ServerApplication] -- No active profile set, falling back to default profiles: default
[2020-10-27 11:17:26] -- [INFO ]: [org.apache.coyote.http11.Http11NioProtocol] -- Initializing ProtocolHandler ["http-nio-80"]
[2020-10-27 11:17:26] -- [INFO ]: [org.apache.catalina.core.StandardService] -- Starting service [Tomcat]
[2020-10-27 11:17:26] -- [INFO ]: [org.apache.catalina.core.StandardEngine] -- Starting Servlet engine: [Apache Tomcat/9.0.38]
[2020-10-27 11:17:26] -- [INFO ]: [org.apache.catalina.core.ContainerBase.[Tomcat].[localhost].[/]] -- Initializing Spring embedded WebApplicationContext
[2020-10-27 11:17:28] -- [INFO ]: [org.apache.coyote.http11.Http11NioProtocol] -- Starting ProtocolHandler ["http-nio-80"]
[2020-10-27 11:17:28] -- [INFO ]: [cn.besbing.ServerApplication] -- Started ServerApplication in 4.833 seconds (JVM running for 5.502)
[2020-10-27 11:17:32] -- [INFO ]: [org.apache.catalina.core.ContainerBase.[Tomcat].[localhost].[/]] -- Initializing Spring DispatcherServlet 'dispatcherServlet'
[2020-10-27 11:17:42] -- [INFO ]: [com.alibaba.druid.pool.DruidDataSource] -- {dataSource-1} inited
[2020-10-27 11:38:01] -- [INFO ]: [cn.besbing.ServerApplication] -- Starting ServerApplication on DESKTOP-1G7K14M with PID 5780 (E:\dataloadercloud3\server\target\classes started by Administrator in E:\dataloadercloud3)
[2020-10-27 11:38:01] -- [INFO ]: [cn.besbing.ServerApplication] -- No active profile set, falling back to default profiles: default
[2020-10-27 11:38:03] -- [INFO ]: [org.apache.coyote.http11.Http11NioProtocol] -- Initializing ProtocolHandler ["http-nio-80"]
[2020-10-27 11:38:03] -- [INFO ]: [org.apache.catalina.core.StandardService] -- Starting service [Tomcat]
[2020-10-27 11:38:03] -- [INFO ]: [org.apache.catalina.core.StandardEngine] -- Starting Servlet engine: [Apache Tomcat/9.0.38]
[2020-10-27 11:38:03] -- [INFO ]: [org.apache.catalina.core.ContainerBase.[Tomcat].[localhost].[/]] -- Initializing Spring embedded WebApplicationContext
[2020-10-27 11:38:05] -- [INFO ]: [org.apache.coyote.http11.Http11NioProtocol] -- Starting ProtocolHandler ["http-nio-80"]
[2020-10-27 11:38:05] -- [INFO ]: [cn.besbing.ServerApplication] -- Started ServerApplication in 4.785 seconds (JVM running for 5.443)
[2020-10-27 11:38:10] -- [INFO ]: [org.apache.catalina.core.ContainerBase.[Tomcat].[localhost].[/]] -- Initializing Spring DispatcherServlet 'dispatcherServlet'
[2020-10-27 11:38:16] -- [INFO ]: [com.alibaba.druid.pool.DruidDataSource] -- {dataSource-1} inited
[2020-10-27 11:41:23] -- [INFO ]: [cn.besbing.ServerApplication] -- Starting ServerApplication on DESKTOP-1G7K14M with PID 8328 (E:\dataloadercloud3\server\target\classes started by Administrator in E:\dataloadercloud3)
[2020-10-27 11:41:23] -- [INFO ]: [cn.besbing.ServerApplication] -- No active profile set, falling back to default profiles: default
[2020-10-27 11:41:26] -- [INFO ]: [org.apache.coyote.http11.Http11NioProtocol] -- Initializing ProtocolHandler ["http-nio-80"]
[2020-10-27 11:41:26] -- [INFO ]: [org.apache.catalina.core.StandardService] -- Starting service [Tomcat]
[2020-10-27 11:41:26] -- [INFO ]: [org.apache.catalina.core.StandardEngine] -- Starting Servlet engine: [Apache Tomcat/9.0.38]
[2020-10-27 11:41:26] -- [INFO ]: [org.apache.catalina.core.ContainerBase.[Tomcat].[localhost].[/]] -- Initializing Spring embedded WebApplicationContext
[2020-10-27 11:41:27] -- [INFO ]: [org.apache.coyote.http11.Http11NioProtocol] -- Starting ProtocolHandler ["http-nio-80"]
[2020-10-27 11:41:27] -- [INFO ]: [cn.besbing.ServerApplication] -- Started ServerApplication in 4.88 seconds (JVM running for 5.531)
[2020-10-27 11:41:40] -- [INFO ]: [cn.besbing.ServerApplication] -- Starting ServerApplication on DESKTOP-1G7K14M with PID 10100 (E:\dataloadercloud3\server\target\classes started by Administrator in E:\dataloadercloud3)
[2020-10-27 11:41:40] -- [INFO ]: [cn.besbing.ServerApplication] -- No active profile set, falling back to default profiles: default
[2020-10-27 11:41:42] -- [INFO ]: [org.apache.coyote.http11.Http11NioProtocol] -- Initializing ProtocolHandler ["http-nio-80"]
[2020-10-27 11:41:42] -- [INFO ]: [org.apache.catalina.core.StandardService] -- Starting service [Tomcat]
[2020-10-27 11:41:42] -- [INFO ]: [org.apache.catalina.core.StandardEngine] -- Starting Servlet engine: [Apache Tomcat/9.0.38]
[2020-10-27 11:41:42] -- [INFO ]: [org.apache.catalina.core.ContainerBase.[Tomcat].[localhost].[/]] -- Initializing Spring embedded WebApplicationContext
[2020-10-27 11:41:44] -- [INFO ]: [org.apache.coyote.http11.Http11NioProtocol] -- Starting ProtocolHandler ["http-nio-80"]
[2020-10-27 11:41:44] -- [INFO ]: [cn.besbing.ServerApplication] -- Started ServerApplication in 4.865 seconds (JVM running for 5.515)
[2020-10-27 11:41:51] -- [INFO ]: [org.apache.catalina.core.ContainerBase.[Tomcat].[localhost].[/]] -- Initializing Spring DispatcherServlet 'dispatcherServlet'
[2020-10-27 11:41:57] -- [INFO ]: [com.alibaba.druid.pool.DruidDataSource] -- {dataSource-1} inited
[2020-10-27 11:42:28] -- [INFO ]: [cn.besbing.ServerApplication] -- Starting ServerApplication on DESKTOP-1G7K14M with PID 6304 (E:\dataloadercloud3\server\target\classes started by Administrator in E:\dataloadercloud3)
[2020-10-27 11:42:28] -- [INFO ]: [cn.besbing.ServerApplication] -- No active profile set, falling back to default profiles: default
[2020-10-27 11:42:30] -- [INFO ]: [org.apache.coyote.http11.Http11NioProtocol] -- Initializing ProtocolHandler ["http-nio-80"]
[2020-10-27 11:42:30] -- [INFO ]: [org.apache.catalina.core.StandardService] -- Starting service [Tomcat]
[2020-10-27 11:42:30] -- [INFO ]: [org.apache.catalina.core.StandardEngine] -- Starting Servlet engine: [Apache Tomcat/9.0.38]
[2020-10-27 11:42:30] -- [INFO ]: [org.apache.catalina.core.ContainerBase.[Tomcat].[localhost].[/]] -- Initializing Spring embedded WebApplicationContext
[2020-10-27 11:42:32] -- [INFO ]: [org.apache.coyote.http11.Http11NioProtocol] -- Starting ProtocolHandler ["http-nio-80"]
[2020-10-27 11:42:32] -- [INFO ]: [cn.besbing.ServerApplication] -- Started ServerApplication in 4.819 seconds (JVM running for 5.459)
[2020-10-27 11:43:00] -- [INFO ]: [org.apache.catalina.core.ContainerBase.[Tomcat].[localhost].[/]] -- Initializing Spring DispatcherServlet 'dispatcherServlet'
[2020-10-27 11:43:06] -- [INFO ]: [com.alibaba.druid.pool.DruidDataSource] -- {dataSource-1} inited
[2020-10-27 11:47:05] -- [INFO ]: [cn.besbing.ServerApplication] -- Starting ServerApplication on DESKTOP-1G7K14M with PID 11128 (E:\dataloadercloud3\server\target\classes started by Administrator in E:\dataloadercloud3)
[2020-10-27 11:47:05] -- [INFO ]: [cn.besbing.ServerApplication] -- No active profile set, falling back to default profiles: default
[2020-10-27 11:47:08] -- [INFO ]: [org.apache.coyote.http11.Http11NioProtocol] -- Initializing ProtocolHandler ["http-nio-80"]
[2020-10-27 11:47:08] -- [INFO ]: [org.apache.catalina.core.StandardService] -- Starting service [Tomcat]
[2020-10-27 11:47:08] -- [INFO ]: [org.apache.catalina.core.StandardEngine] -- Starting Servlet engine: [Apache Tomcat/9.0.38]
[2020-10-27 11:47:08] -- [INFO ]: [org.apache.catalina.core.ContainerBase.[Tomcat].[localhost].[/]] -- Initializing Spring embedded WebApplicationContext
[2020-10-27 11:47:09] -- [INFO ]: [org.apache.coyote.http11.Http11NioProtocol] -- Starting ProtocolHandler ["http-nio-80"]
[2020-10-27 11:47:09] -- [INFO ]: [cn.besbing.ServerApplication] -- Started ServerApplication in 4.83 seconds (JVM running for 5.524)
[2020-10-27 11:47:11] -- [INFO ]: [org.apache.catalina.core.ContainerBase.[Tomcat].[localhost].[/]] -- Initializing Spring DispatcherServlet 'dispatcherServlet'
[2020-10-27 11:47:20] -- [INFO ]: [com.alibaba.druid.pool.DruidDataSource] -- {dataSource-1} inited
[2020-10-27 11:51:28] -- [INFO ]: [cn.besbing.ServerApplication] -- Starting ServerApplication on DESKTOP-1G7K14M with PID 10208 (E:\dataloadercloud3\server\target\classes started by Administrator in E:\dataloadercloud3)
[2020-10-27 11:51:28] -- [INFO ]: [cn.besbing.ServerApplication] -- No active profile set, falling back to default profiles: default
[2020-10-27 11:51:30] -- [INFO ]: [org.apache.coyote.http11.Http11NioProtocol] -- Initializing ProtocolHandler ["http-nio-80"]
[2020-10-27 11:51:30] -- [INFO ]: [org.apache.catalina.core.StandardService] -- Starting service [Tomcat]
[2020-10-27 11:51:30] -- [INFO ]: [org.apache.catalina.core.StandardEngine] -- Starting Servlet engine: [Apache Tomcat/9.0.38]
[2020-10-27 11:51:30] -- [INFO ]: [org.apache.catalina.core.ContainerBase.[Tomcat].[localhost].[/]] -- Initializing Spring embedded WebApplicationContext
[2020-10-27 11:51:32] -- [INFO ]: [org.apache.coyote.http11.Http11NioProtocol] -- Starting ProtocolHandler ["http-nio-80"]
[2020-10-27 11:51:32] -- [INFO ]: [cn.besbing.ServerApplication] -- Started ServerApplication in 4.831 seconds (JVM running for 5.487)
[2020-10-27 11:51:37] -- [INFO ]: [org.apache.catalina.core.ContainerBase.[Tomcat].[localhost].[/]] -- Initializing Spring DispatcherServlet 'dispatcherServlet'
[2020-10-27 11:51:44] -- [INFO ]: [com.alibaba.druid.pool.DruidDataSource] -- {dataSource-1} inited
[2020-10-27 11:52:32] -- [INFO ]: [cn.besbing.ServerApplication] -- Starting ServerApplication on DESKTOP-1G7K14M with PID 11256 (E:\dataloadercloud3\server\target\classes started by Administrator in E:\dataloadercloud3)
[2020-10-27 11:52:32] -- [INFO ]: [cn.besbing.ServerApplication] -- No active profile set, falling back to default profiles: default
[2020-10-27 11:52:35] -- [INFO ]: [org.apache.coyote.http11.Http11NioProtocol] -- Initializing ProtocolHandler ["http-nio-80"]
[2020-10-27 11:52:35] -- [INFO ]: [org.apache.catalina.core.StandardService] -- Starting service [Tomcat]
[2020-10-27 11:52:35] -- [INFO ]: [org.apache.catalina.core.StandardEngine] -- Starting Servlet engine: [Apache Tomcat/9.0.38]
[2020-10-27 11:52:35] -- [INFO ]: [org.apache.catalina.core.ContainerBase.[Tomcat].[localhost].[/]] -- Initializing Spring embedded WebApplicationContext
[2020-10-27 11:52:36] -- [INFO ]: [org.apache.coyote.http11.Http11NioProtocol] -- Starting ProtocolHandler ["http-nio-80"]
[2020-10-27 11:52:36] -- [INFO ]: [cn.besbing.ServerApplication] -- Started ServerApplication in 4.966 seconds (JVM running for 5.639)
[2020-10-27 11:52:43] -- [INFO ]: [cn.besbing.ServerApplication] -- Starting ServerApplication on DESKTOP-1G7K14M with PID 5916 (E:\dataloadercloud3\server\target\classes started by Administrator in E:\dataloadercloud3)
[2020-10-27 11:52:43] -- [INFO ]: [cn.besbing.ServerApplication] -- No active profile set, falling back to default profiles: default
[2020-10-27 11:52:46] -- [INFO ]: [org.apache.coyote.http11.Http11NioProtocol] -- Initializing ProtocolHandler ["http-nio-80"]
[2020-10-27 11:52:46] -- [INFO ]: [org.apache.catalina.core.StandardService] -- Starting service [Tomcat]
[2020-10-27 11:52:46] -- [INFO ]: [org.apache.catalina.core.StandardEngine] -- Starting Servlet engine: [Apache Tomcat/9.0.38]
[2020-10-27 11:52:46] -- [INFO ]: [org.apache.catalina.core.ContainerBase.[Tomcat].[localhost].[/]] -- Initializing Spring embedded WebApplicationContext
[2020-10-27 11:52:47] -- [INFO ]: [org.apache.coyote.http11.Http11NioProtocol] -- Starting ProtocolHandler ["http-nio-80"]
[2020-10-27 11:52:47] -- [INFO ]: [cn.besbing.ServerApplication] -- Started ServerApplication in 4.886 seconds (JVM running for 5.539)
[2020-10-27 11:52:52] -- [INFO ]: [org.apache.catalina.core.ContainerBase.[Tomcat].[localhost].[/]] -- Initializing Spring DispatcherServlet 'dispatcherServlet'
[2020-10-27 11:52:58] -- [INFO ]: [com.alibaba.druid.pool.DruidDataSource] -- {dataSource-1} inited
[2020-10-27 11:53:51] -- [INFO ]: [cn.besbing.ServerApplication] -- Starting ServerApplication on DESKTOP-1G7K14M with PID 836 (E:\dataloadercloud3\server\target\classes started by Administrator in E:\dataloadercloud3)
[2020-10-27 11:53:51] -- [INFO ]: [cn.besbing.ServerApplication] -- No active profile set, falling back to default profiles: default
[2020-10-27 11:53:54] -- [INFO ]: [org.apache.coyote.http11.Http11NioProtocol] -- Initializing ProtocolHandler ["http-nio-80"]
[2020-10-27 11:53:54] -- [INFO ]: [org.apache.catalina.core.StandardService] -- Starting service [Tomcat]
[2020-10-27 11:53:54] -- [INFO ]: [org.apache.catalina.core.StandardEngine] -- Starting Servlet engine: [Apache Tomcat/9.0.38]
[2020-10-27 11:53:54] -- [INFO ]: [org.apache.catalina.core.ContainerBase.[Tomcat].[localhost].[/]] -- Initializing Spring embedded WebApplicationContext
[2020-10-27 11:53:55] -- [INFO ]: [org.apache.coyote.http11.Http11NioProtocol] -- Starting ProtocolHandler ["http-nio-80"]
[2020-10-27 11:53:55] -- [INFO ]: [cn.besbing.ServerApplication] -- Started ServerApplication in 4.913 seconds (JVM running for 5.567)
[2020-10-27 11:53:59] -- [INFO ]: [org.apache.catalina.core.ContainerBase.[Tomcat].[localhost].[/]] -- Initializing Spring DispatcherServlet 'dispatcherServlet'
[2020-10-27 11:54:05] -- [INFO ]: [com.alibaba.druid.pool.DruidDataSource] -- {dataSource-1} inited
[2020-10-27 11:56:42] -- [INFO ]: [cn.besbing.ServerApplication] -- Starting ServerApplication on DESKTOP-1G7K14M with PID 10504 (E:\dataloadercloud3\server\target\classes started by Administrator in E:\dataloadercloud3)
[2020-10-27 11:56:42] -- [INFO ]: [cn.besbing.ServerApplication] -- No active profile set, falling back to default profiles: default
[2020-10-27 11:56:45] -- [INFO ]: [org.apache.coyote.http11.Http11NioProtocol] -- Initializing ProtocolHandler ["http-nio-80"]
[2020-10-27 11:56:45] -- [INFO ]: [org.apache.catalina.core.StandardService] -- Starting service [Tomcat]
[2020-10-27 11:56:45] -- [INFO ]: [org.apache.catalina.core.StandardEngine] -- Starting Servlet engine: [Apache Tomcat/9.0.38]
[2020-10-27 11:56:45] -- [INFO ]: [org.apache.catalina.core.ContainerBase.[Tomcat].[localhost].[/]] -- Initializing Spring embedded WebApplicationContext
[2020-10-27 11:56:46] -- [INFO ]: [org.apache.coyote.http11.Http11NioProtocol] -- Starting ProtocolHandler ["http-nio-80"]
[2020-10-27 11:56:46] -- [INFO ]: [cn.besbing.ServerApplication] -- Started ServerApplication in 4.692 seconds (JVM running for 5.355)
[2020-10-27 11:56:55] -- [INFO ]: [org.apache.catalina.core.ContainerBase.[Tomcat].[localhost].[/]] -- Initializing Spring DispatcherServlet 'dispatcherServlet'
[2020-10-27 11:57:01] -- [INFO ]: [com.alibaba.druid.pool.DruidDataSource] -- {dataSource-1} inited
[2020-10-27 12:10:20] -- [INFO ]: [cn.besbing.ServerApplication] -- Starting ServerApplication on DESKTOP-1G7K14M with PID 3312 (E:\dataloadercloud3\server\target\classes started by Administrator in E:\dataloadercloud3)
[2020-10-27 12:10:20] -- [INFO ]: [cn.besbing.ServerApplication] -- No active profile set, falling back to default profiles: default
[2020-10-27 12:10:23] -- [INFO ]: [org.apache.coyote.http11.Http11NioProtocol] -- Initializing ProtocolHandler ["http-nio-80"]
[2020-10-27 12:10:23] -- [INFO ]: [org.apache.catalina.core.StandardService] -- Starting service [Tomcat]
[2020-10-27 12:10:23] -- [INFO ]: [org.apache.catalina.core.StandardEngine] -- Starting Servlet engine: [Apache Tomcat/9.0.38]
[2020-10-27 12:10:23] -- [INFO ]: [org.apache.catalina.core.ContainerBase.[Tomcat].[localhost].[/]] -- Initializing Spring embedded WebApplicationContext
[2020-10-27 12:10:24] -- [INFO ]: [org.apache.coyote.http11.Http11NioProtocol] -- Starting ProtocolHandler ["http-nio-80"]
[2020-10-27 12:10:24] -- [INFO ]: [cn.besbing.ServerApplication] -- Started ServerApplication in 4.753 seconds (JVM running for 5.409)
[2020-10-27 12:10:33] -- [INFO ]: [org.apache.catalina.core.ContainerBase.[Tomcat].[localhost].[/]] -- Initializing Spring DispatcherServlet 'dispatcherServlet'
[2020-10-27 12:10:39] -- [INFO ]: [com.alibaba.druid.pool.DruidDataSource] -- {dataSource-1} inited
[2020-10-27 12:11:29] -- [INFO ]: [cn.besbing.ServerApplication] -- Starting ServerApplication on DESKTOP-1G7K14M with PID 808 (E:\dataloadercloud3\server\target\classes started by Administrator in E:\dataloadercloud3)
[2020-10-27 12:11:29] -- [INFO ]: [cn.besbing.ServerApplication] -- No active profile set, falling back to default profiles: default
[2020-10-27 12:11:31] -- [INFO ]: [org.apache.coyote.http11.Http11NioProtocol] -- Initializing ProtocolHandler ["http-nio-80"]
[2020-10-27 12:11:31] -- [INFO ]: [org.apache.catalina.core.StandardService] -- Starting service [Tomcat]
[2020-10-27 12:11:31] -- [INFO ]: [org.apache.catalina.core.StandardEngine] -- Starting Servlet engine: [Apache Tomcat/9.0.38]
[2020-10-27 12:11:31] -- [INFO ]: [org.apache.catalina.core.ContainerBase.[Tomcat].[localhost].[/]] -- Initializing Spring embedded WebApplicationContext
[2020-10-27 12:11:33] -- [INFO ]: [org.apache.coyote.http11.Http11NioProtocol] -- Starting ProtocolHandler ["http-nio-80"]
[2020-10-27 12:11:33] -- [INFO ]: [cn.besbing.ServerApplication] -- Started ServerApplication in 4.811 seconds (JVM running for 5.463)
[2020-10-27 12:11:35] -- [INFO ]: [org.apache.catalina.core.ContainerBase.[Tomcat].[localhost].[/]] -- Initializing Spring DispatcherServlet 'dispatcherServlet'
[2020-10-27 12:11:41] -- [INFO ]: [com.alibaba.druid.pool.DruidDataSource] -- {dataSource-1} inited
[2020-10-27 13:36:33] -- [INFO ]: [cn.besbing.ServerApplication] -- Starting ServerApplication on DESKTOP-1G7K14M with PID 10380 (E:\dataloadercloud3\server\target\classes started by Administrator in E:\dataloadercloud3)
[2020-10-27 13:36:33] -- [INFO ]: [cn.besbing.ServerApplication] -- No active profile set, falling back to default profiles: default
[2020-10-27 13:36:36] -- [INFO ]: [org.apache.coyote.http11.Http11NioProtocol] -- Initializing ProtocolHandler ["http-nio-80"]
[2020-10-27 13:36:36] -- [INFO ]: [org.apache.catalina.core.StandardService] -- Starting service [Tomcat]
[2020-10-27 13:36:36] -- [INFO ]: [org.apache.catalina.core.StandardEngine] -- Starting Servlet engine: [Apache Tomcat/9.0.38]
[2020-10-27 13:36:36] -- [INFO ]: [org.apache.catalina.core.ContainerBase.[Tomcat].[localhost].[/]] -- Initializing Spring embedded WebApplicationContext
[2020-10-27 13:36:37] -- [INFO ]: [org.apache.coyote.http11.Http11NioProtocol] -- Starting ProtocolHandler ["http-nio-80"]
[2020-10-27 13:36:37] -- [INFO ]: [cn.besbing.ServerApplication] -- Started ServerApplication in 4.778 seconds (JVM running for 5.428)
[2020-10-27 13:36:40] -- [INFO ]: [org.apache.catalina.core.ContainerBase.[Tomcat].[localhost].[/]] -- Initializing Spring DispatcherServlet 'dispatcherServlet'
[2020-10-27 13:36:49] -- [INFO ]: [com.alibaba.druid.pool.DruidDataSource] -- {dataSource-1} inited
[2020-10-27 13:39:43] -- [INFO ]: [cn.besbing.ServerApplication] -- Starting ServerApplication on DESKTOP-1G7K14M with PID 9568 (E:\dataloadercloud3\server\target\classes started by Administrator in E:\dataloadercloud3)
[2020-10-27 13:39:43] -- [INFO ]: [cn.besbing.ServerApplication] -- No active profile set, falling back to default profiles: default
[2020-10-27 13:39:45] -- [INFO ]: [org.apache.coyote.http11.Http11NioProtocol] -- Initializing ProtocolHandler ["http-nio-80"]
[2020-10-27 13:39:45] -- [INFO ]: [org.apache.catalina.core.StandardService] -- Starting service [Tomcat]
[2020-10-27 13:39:45] -- [INFO ]: [org.apache.catalina.core.StandardEngine] -- Starting Servlet engine: [Apache Tomcat/9.0.38]
[2020-10-27 13:39:46] -- [INFO ]: [org.apache.catalina.core.ContainerBase.[Tomcat].[localhost].[/]] -- Initializing Spring embedded WebApplicationContext
[2020-10-27 13:39:47] -- [INFO ]: [org.apache.coyote.http11.Http11NioProtocol] -- Starting ProtocolHandler ["http-nio-80"]
[2020-10-27 13:39:47] -- [INFO ]: [cn.besbing.ServerApplication] -- Started ServerApplication in 4.71 seconds (JVM running for 5.484)
[2020-10-27 13:39:53] -- [INFO ]: [org.apache.catalina.core.ContainerBase.[Tomcat].[localhost].[/]] -- Initializing Spring DispatcherServlet 'dispatcherServlet'
[2020-10-27 13:40:02] -- [INFO ]: [com.alibaba.druid.pool.DruidDataSource] -- {dataSource-1} inited
[2020-10-27 14:04:24] -- [INFO ]: [cn.besbing.ServerApplication] -- Starting ServerApplication on DESKTOP-1G7K14M with PID 8644 (E:\dataloadercloud3\server\target\classes started by Administrator in E:\dataloadercloud3)
[2020-10-27 14:04:24] -- [INFO ]: [cn.besbing.ServerApplication] -- No active profile set, falling back to default profiles: default
[2020-10-27 14:04:27] -- [INFO ]: [org.apache.coyote.http11.Http11NioProtocol] -- Initializing ProtocolHandler ["http-nio-80"]
[2020-10-27 14:04:27] -- [INFO ]: [org.apache.catalina.core.StandardService] -- Starting service [Tomcat]
[2020-10-27 14:04:27] -- [INFO ]: [org.apache.catalina.core.StandardEngine] -- Starting Servlet engine: [Apache Tomcat/9.0.38]
[2020-10-27 14:04:27] -- [INFO ]: [org.apache.catalina.core.ContainerBase.[Tomcat].[localhost].[/]] -- Initializing Spring embedded WebApplicationContext
[2020-10-27 14:04:28] -- [INFO ]: [org.apache.coyote.http11.Http11NioProtocol] -- Starting ProtocolHandler ["http-nio-80"]
[2020-10-27 14:04:28] -- [INFO ]: [cn.besbing.ServerApplication] -- Started ServerApplication in 4.773 seconds (JVM running for 5.449)
[2020-10-27 14:04:33] -- [INFO ]: [org.apache.catalina.core.ContainerBase.[Tomcat].[localhost].[/]] -- Initializing Spring DispatcherServlet 'dispatcherServlet'
[2020-10-27 14:04:41] -- [INFO ]: [com.alibaba.druid.pool.DruidDataSource] -- {dataSource-1} inited
[2020-10-27 14:45:45] -- [INFO ]: [cn.besbing.ServerApplication] -- Starting ServerApplication on DESKTOP-1G7K14M with PID 10376 (E:\dataloadercloud3\server\target\classes started by Administrator in E:\dataloadercloud3)
[2020-10-27 14:45:45] -- [INFO ]: [cn.besbing.ServerApplication] -- No active profile set, falling back to default profiles: default
[2020-10-27 14:45:48] -- [INFO ]: [org.apache.coyote.http11.Http11NioProtocol] -- Initializing ProtocolHandler ["http-nio-80"]
[2020-10-27 14:45:48] -- [INFO ]: [org.apache.catalina.core.StandardService] -- Starting service [Tomcat]
[2020-10-27 14:45:48] -- [INFO ]: [org.apache.catalina.core.StandardEngine] -- Starting Servlet engine: [Apache Tomcat/9.0.38]
[2020-10-27 14:45:48] -- [INFO ]: [org.apache.catalina.core.ContainerBase.[Tomcat].[localhost].[/]] -- Initializing Spring embedded WebApplicationContext
[2020-10-27 14:45:49] -- [INFO ]: [org.apache.coyote.http11.Http11NioProtocol] -- Starting ProtocolHandler ["http-nio-80"]
[2020-10-27 14:45:49] -- [INFO ]: [cn.besbing.ServerApplication] -- Started ServerApplication in 4.917 seconds (JVM running for 5.6)
[2020-10-27 14:46:23] -- [INFO ]: [org.apache.catalina.core.ContainerBase.[Tomcat].[localhost].[/]] -- Initializing Spring DispatcherServlet 'dispatcherServlet'
[2020-10-27 14:46:30] -- [INFO ]: [com.alibaba.druid.pool.DruidDataSource] -- {dataSource-1} inited
[2020-10-27 14:49:51] -- [INFO ]: [cn.besbing.ServerApplication] -- Starting ServerApplication on DESKTOP-1G7K14M with PID 10168 (E:\dataloadercloud3\server\target\classes started by Administrator in E:\dataloadercloud3)
[2020-10-27 14:49:51] -- [INFO ]: [cn.besbing.ServerApplication] -- No active profile set, falling back to default profiles: default
[2020-10-27 14:49:54] -- [INFO ]: [org.apache.coyote.http11.Http11NioProtocol] -- Initializing ProtocolHandler ["http-nio-80"]
[2020-10-27 14:49:54] -- [INFO ]: [org.apache.catalina.core.StandardService] -- Starting service [Tomcat]
[2020-10-27 14:49:54] -- [INFO ]: [org.apache.catalina.core.StandardEngine] -- Starting Servlet engine: [Apache Tomcat/9.0.38]
[2020-10-27 14:49:54] -- [INFO ]: [org.apache.catalina.core.ContainerBase.[Tomcat].[localhost].[/]] -- Initializing Spring embedded WebApplicationContext
[2020-10-27 14:49:56] -- [INFO ]: [org.apache.coyote.http11.Http11NioProtocol] -- Starting ProtocolHandler ["http-nio-80"]
[2020-10-27 14:49:56] -- [INFO ]: [cn.besbing.ServerApplication] -- Started ServerApplication in 6.775 seconds (JVM running for 8.064)
[2020-10-27 14:49:59] -- [INFO ]: [org.apache.catalina.core.ContainerBase.[Tomcat].[localhost].[/]] -- Initializing Spring DispatcherServlet 'dispatcherServlet'
[2020-10-27 14:50:09] -- [INFO ]: [com.alibaba.druid.pool.DruidDataSource] -- {dataSource-1} inited
[2020-10-27 14:53:52] -- [INFO ]: [com.alibaba.druid.pool.DruidDataSource] -- {dataSource-0} closing ...
[2020-10-27 14:53:52] -- [INFO ]: [com.alibaba.druid.pool.DruidDataSource] -- {dataSource-0} closing ...
[2020-10-27 14:53:52] -- [INFO ]: [com.alibaba.druid.pool.DruidDataSource] -- {dataSource-1} closing ...
[2020-10-27 14:53:52] -- [INFO ]: [com.alibaba.druid.pool.DruidDataSource] -- {dataSource-1} closed
[2020-10-27 14:53:59] -- [INFO ]: [cn.besbing.ServerApplication] -- Starting ServerApplication on DESKTOP-1G7K14M with PID 8580 (E:\dataloadercloud3\server\target\classes started by Administrator in E:\dataloadercloud3)
[2020-10-27 14:53:59] -- [INFO ]: [cn.besbing.ServerApplication] -- No active profile set, falling back to default profiles: default
[2020-10-27 14:54:01] -- [INFO ]: [org.apache.coyote.http11.Http11NioProtocol] -- Initializing ProtocolHandler ["http-nio-80"]
[2020-10-27 14:54:01] -- [INFO ]: [org.apache.catalina.core.StandardService] -- Starting service [Tomcat]
[2020-10-27 14:54:01] -- [INFO ]: [org.apache.catalina.core.StandardEngine] -- Starting Servlet engine: [Apache Tomcat/9.0.38]
[2020-10-27 14:54:01] -- [INFO ]: [org.apache.catalina.core.ContainerBase.[Tomcat].[localhost].[/]] -- Initializing Spring embedded WebApplicationContext
[2020-10-27 14:54:03] -- [INFO ]: [org.apache.coyote.http11.Http11NioProtocol] -- Starting ProtocolHandler ["http-nio-80"]
[2020-10-27 14:54:03] -- [INFO ]: [cn.besbing.ServerApplication] -- Started ServerApplication in 4.94 seconds (JVM running for 5.591)
[2020-10-27 14:54:18] -- [INFO ]: [org.apache.catalina.core.ContainerBase.[Tomcat].[localhost].[/]] -- Initializing Spring DispatcherServlet 'dispatcherServlet'
[2020-10-27 14:54:25] -- [INFO ]: [com.alibaba.druid.pool.DruidDataSource] -- {dataSource-1} inited
[2020-10-27 14:55:18] -- [INFO ]: [cn.besbing.ServerApplication] -- Starting ServerApplication on DESKTOP-1G7K14M with PID 9132 (E:\dataloadercloud3\server\target\classes started by Administrator in E:\dataloadercloud3)
[2020-10-27 14:55:18] -- [INFO ]: [cn.besbing.ServerApplication] -- No active profile set, falling back to default profiles: default
[2020-10-27 14:55:21] -- [INFO ]: [org.apache.coyote.http11.Http11NioProtocol] -- Initializing ProtocolHandler ["http-nio-80"]
[2020-10-27 14:55:21] -- [INFO ]: [org.apache.catalina.core.StandardService] -- Starting service [Tomcat]
[2020-10-27 14:55:21] -- [INFO ]: [org.apache.catalina.core.StandardEngine] -- Starting Servlet engine: [Apache Tomcat/9.0.38]
[2020-10-27 14:55:21] -- [INFO ]: [org.apache.catalina.core.ContainerBase.[Tomcat].[localhost].[/]] -- Initializing Spring embedded WebApplicationContext
[2020-10-27 14:55:23] -- [INFO ]: [org.apache.coyote.http11.Http11NioProtocol] -- Starting ProtocolHandler ["http-nio-80"]
[2020-10-27 14:55:23] -- [INFO ]: [cn.besbing.ServerApplication] -- Started ServerApplication in 5.267 seconds (JVM running for 5.919)
[2020-10-27 14:55:56] -- [INFO ]: [cn.besbing.ServerApplication] -- Starting ServerApplication on DESKTOP-1G7K14M with PID 9924 (E:\dataloadercloud3\server\target\classes started by Administrator in E:\dataloadercloud3)
[2020-10-27 14:55:56] -- [INFO ]: [cn.besbing.ServerApplication] -- No active profile set, falling back to default profiles: default
[2020-10-27 14:55:58] -- [INFO ]: [org.apache.coyote.http11.Http11NioProtocol] -- Initializing ProtocolHandler ["http-nio-80"]
[2020-10-27 14:55:58] -- [INFO ]: [org.apache.catalina.core.StandardService] -- Starting service [Tomcat]
[2020-10-27 14:55:58] -- [INFO ]: [org.apache.catalina.core.StandardEngine] -- Starting Servlet engine: [Apache Tomcat/9.0.38]
[2020-10-27 14:55:58] -- [INFO ]: [org.apache.catalina.core.ContainerBase.[Tomcat].[localhost].[/]] -- Initializing Spring embedded WebApplicationContext
[2020-10-27 14:56:00] -- [INFO ]: [org.apache.coyote.http11.Http11NioProtocol] -- Starting ProtocolHandler ["http-nio-80"]
[2020-10-27 14:56:00] -- [INFO ]: [cn.besbing.ServerApplication] -- Started ServerApplication in 4.855 seconds (JVM running for 5.541)
[2020-10-27 14:56:03] -- [INFO ]: [org.apache.catalina.core.ContainerBase.[Tomcat].[localhost].[/]] -- Initializing Spring DispatcherServlet 'dispatcherServlet'
[2020-10-27 14:56:09] -- [INFO ]: [com.alibaba.druid.pool.DruidDataSource] -- {dataSource-1} inited
[2020-10-27 14:56:52] -- [INFO ]: [cn.besbing.ServerApplication] -- Starting ServerApplication on DESKTOP-1G7K14M with PID 7920 (E:\dataloadercloud3\server\target\classes started by Administrator in E:\dataloadercloud3)
[2020-10-27 14:56:52] -- [INFO ]: [cn.besbing.ServerApplication] -- No active profile set, falling back to default profiles: default
[2020-10-27 14:56:54] -- [INFO ]: [org.apache.coyote.http11.Http11NioProtocol] -- Initializing ProtocolHandler ["http-nio-80"]
[2020-10-27 14:56:54] -- [INFO ]: [org.apache.catalina.core.StandardService] -- Starting service [Tomcat]
[2020-10-27 14:56:54] -- [INFO ]: [org.apache.catalina.core.StandardEngine] -- Starting Servlet engine: [Apache Tomcat/9.0.38]
[2020-10-27 14:56:55] -- [INFO ]: [org.apache.catalina.core.ContainerBase.[Tomcat].[localhost].[/]] -- Initializing Spring embedded WebApplicationContext
[2020-10-27 14:56:56] -- [INFO ]: [org.apache.coyote.http11.Http11NioProtocol] -- Starting ProtocolHandler ["http-nio-80"]
[2020-10-27 14:56:56] -- [INFO ]: [cn.besbing.ServerApplication] -- Started ServerApplication in 5.109 seconds (JVM running for 5.753)
[2020-10-27 14:56:59] -- [INFO ]: [org.apache.catalina.core.ContainerBase.[Tomcat].[localhost].[/]] -- Initializing Spring DispatcherServlet 'dispatcherServlet'
[2020-10-27 14:57:05] -- [INFO ]: [com.alibaba.druid.pool.DruidDataSource] -- {dataSource-1} inited
[2020-10-27 14:57:52] -- [INFO ]: [cn.besbing.ServerApplication] -- Starting ServerApplication on DESKTOP-1G7K14M with PID 7584 (E:\dataloadercloud3\server\target\classes started by Administrator in E:\dataloadercloud3)
[2020-10-27 14:57:52] -- [INFO ]: [cn.besbing.ServerApplication] -- No active profile set, falling back to default profiles: default
[2020-10-27 14:57:54] -- [INFO ]: [org.apache.coyote.http11.Http11NioProtocol] -- Initializing ProtocolHandler ["http-nio-80"]
[2020-10-27 14:57:54] -- [INFO ]: [org.apache.catalina.core.StandardService] -- Starting service [Tomcat]
[2020-10-27 14:57:54] -- [INFO ]: [org.apache.catalina.core.StandardEngine] -- Starting Servlet engine: [Apache Tomcat/9.0.38]
[2020-10-27 14:57:54] -- [INFO ]: [org.apache.catalina.core.ContainerBase.[Tomcat].[localhost].[/]] -- Initializing Spring embedded WebApplicationContext
[2020-10-27 14:57:56] -- [INFO ]: [org.apache.coyote.http11.Http11NioProtocol] -- Starting ProtocolHandler ["http-nio-80"]
[2020-10-27 14:57:56] -- [INFO ]: [cn.besbing.ServerApplication] -- Started ServerApplication in 4.93 seconds (JVM running for 5.62)
[2020-10-27 14:58:02] -- [INFO ]: [org.apache.catalina.core.ContainerBase.[Tomcat].[localhost].[/]] -- Initializing Spring DispatcherServlet 'dispatcherServlet'
[2020-10-27 14:58:08] -- [INFO ]: [com.alibaba.druid.pool.DruidDataSource] -- {dataSource-1} inited
[2020-10-27 15:02:03] -- [INFO ]: [cn.besbing.ServerApplication] -- Starting ServerApplication on DESKTOP-1G7K14M with PID 9780 (E:\dataloadercloud3\server\target\classes started by Administrator in E:\dataloadercloud3)
[2020-10-27 15:02:03] -- [INFO ]: [cn.besbing.ServerApplication] -- No active profile set, falling back to default profiles: default
[2020-10-27 15:02:06] -- [INFO ]: [org.apache.coyote.http11.Http11NioProtocol] -- Initializing ProtocolHandler ["http-nio-80"]
[2020-10-27 15:02:06] -- [INFO ]: [org.apache.catalina.core.StandardService] -- Starting service [Tomcat]
[2020-10-27 15:02:06] -- [INFO ]: [org.apache.catalina.core.StandardEngine] -- Starting Servlet engine: [Apache Tomcat/9.0.38]
[2020-10-27 15:02:06] -- [INFO ]: [org.apache.catalina.core.ContainerBase.[Tomcat].[localhost].[/]] -- Initializing Spring embedded WebApplicationContext
[2020-10-27 15:02:08] -- [INFO ]: [org.apache.coyote.http11.Http11NioProtocol] -- Starting ProtocolHandler ["http-nio-80"]
[2020-10-27 15:02:08] -- [INFO ]: [cn.besbing.ServerApplication] -- Started ServerApplication in 5.64 seconds (JVM running for 6.585)
[2020-10-27 15:02:12] -- [INFO ]: [org.apache.catalina.core.ContainerBase.[Tomcat].[localhost].[/]] -- Initializing Spring DispatcherServlet 'dispatcherServlet'
[2020-10-27 15:02:19] -- [INFO ]: [com.alibaba.druid.pool.DruidDataSource] -- {dataSource-1} inited
[2020-10-27 15:03:51] -- [INFO ]: [com.alibaba.druid.pool.DruidDataSource] -- {dataSource-0} closing ...
[2020-10-27 15:03:51] -- [INFO ]: [com.alibaba.druid.pool.DruidDataSource] -- {dataSource-0} closing ...
[2020-10-27 15:03:51] -- [INFO ]: [com.alibaba.druid.pool.DruidDataSource] -- {dataSource-1} closing ...
[2020-10-27 15:03:51] -- [INFO ]: [com.alibaba.druid.pool.DruidDataSource] -- {dataSource-1} closed
[2020-10-27 15:03:57] -- [INFO ]: [cn.besbing.ServerApplication] -- Starting ServerApplication on DESKTOP-1G7K14M with PID 11116 (E:\dataloadercloud3\server\target\classes started by Administrator in E:\dataloadercloud3)
[2020-10-27 15:03:57] -- [INFO ]: [cn.besbing.ServerApplication] -- No active profile set, falling back to default profiles: default
[2020-10-27 15:04:00] -- [INFO ]: [org.apache.coyote.http11.Http11NioProtocol] -- Initializing ProtocolHandler ["http-nio-80"]
[2020-10-27 15:04:00] -- [INFO ]: [org.apache.catalina.core.StandardService] -- Starting service [Tomcat]
[2020-10-27 15:04:00] -- [INFO ]: [org.apache.catalina.core.StandardEngine] -- Starting Servlet engine: [Apache Tomcat/9.0.38]
[2020-10-27 15:04:00] -- [INFO ]: [org.apache.catalina.core.ContainerBase.[Tomcat].[localhost].[/]] -- Initializing Spring embedded WebApplicationContext
[2020-10-27 15:04:01] -- [INFO ]: [org.apache.coyote.http11.Http11NioProtocol] -- Starting ProtocolHandler ["http-nio-80"]
[2020-10-27 15:04:02] -- [INFO ]: [cn.besbing.ServerApplication] -- Started ServerApplication in 5.572 seconds (JVM running for 6.539)
[2020-10-27 15:04:04] -- [INFO ]: [org.apache.catalina.core.ContainerBase.[Tomcat].[localhost].[/]] -- Initializing Spring DispatcherServlet 'dispatcherServlet'
[2020-10-27 15:04:11] -- [INFO ]: [com.alibaba.druid.pool.DruidDataSource] -- {dataSource-1} inited
[2020-10-27 15:05:43] -- [INFO ]: [com.alibaba.druid.pool.DruidDataSource] -- {dataSource-0} closing ...
[2020-10-27 15:05:43] -- [INFO ]: [com.alibaba.druid.pool.DruidDataSource] -- {dataSource-0} closing ...
[2020-10-27 15:05:43] -- [INFO ]: [com.alibaba.druid.pool.DruidDataSource] -- {dataSource-1} closing ...
[2020-10-27 15:05:43] -- [INFO ]: [com.alibaba.druid.pool.DruidDataSource] -- {dataSource-1} closed
[2020-10-27 15:05:53] -- [INFO ]: [cn.besbing.ServerApplication] -- Starting ServerApplication on DESKTOP-1G7K14M with PID 9504 (E:\dataloadercloud3\server\target\classes started by Administrator in E:\dataloadercloud3)
[2020-10-27 15:05:53] -- [INFO ]: [cn.besbing.ServerApplication] -- No active profile set, falling back to default profiles: default
[2020-10-27 15:05:56] -- [INFO ]: [org.apache.coyote.http11.Http11NioProtocol] -- Initializing ProtocolHandler ["http-nio-80"]
[2020-10-27 15:05:56] -- [INFO ]: [org.apache.catalina.core.StandardService] -- Starting service [Tomcat]
[2020-10-27 15:05:56] -- [INFO ]: [org.apache.catalina.core.StandardEngine] -- Starting Servlet engine: [Apache Tomcat/9.0.38]
[2020-10-27 15:05:56] -- [INFO ]: [cn.besbing.ServerApplication] -- Starting ServerApplication on DESKTOP-1G7K14M with PID 10428 (E:\dataloadercloud3\server\target\classes started by Administrator in E:\dataloadercloud3)
[2020-10-27 15:05:56] -- [INFO ]: [cn.besbing.ServerApplication] -- No active profile set, falling back to default profiles: default
[2020-10-27 15:05:56] -- [INFO ]: [org.apache.catalina.core.ContainerBase.[Tomcat].[localhost].[/]] -- Initializing Spring embedded WebApplicationContext
[2020-10-27 15:05:58] -- [INFO ]: [org.apache.coyote.http11.Http11NioProtocol] -- Starting ProtocolHandler ["http-nio-80"]
[2020-10-27 15:05:58] -- [INFO ]: [cn.besbing.ServerApplication] -- Started ServerApplication in 6.284 seconds (JVM running for 7.146)
[2020-10-27 15:06:01] -- [INFO ]: [org.apache.coyote.http11.Http11NioProtocol] -- Initializing ProtocolHandler ["http-nio-80"]
[2020-10-27 15:06:01] -- [INFO ]: [org.apache.catalina.core.StandardService] -- Starting service [Tomcat]
[2020-10-27 15:06:01] -- [INFO ]: [org.apache.catalina.core.StandardEngine] -- Starting Servlet engine: [Apache Tomcat/9.0.38]
[2020-10-27 15:06:01] -- [INFO ]: [org.apache.catalina.core.ContainerBase.[Tomcat].[localhost].[/]] -- Initializing Spring embedded WebApplicationContext
[2020-10-27 15:06:04] -- [INFO ]: [org.apache.coyote.http11.Http11NioProtocol] -- Starting ProtocolHandler ["http-nio-80"]
[2020-10-27 15:06:04] -- [INFO ]: [com.alibaba.druid.pool.DruidDataSource] -- {dataSource-0} closing ...
[2020-10-27 15:06:04] -- [INFO ]: [com.alibaba.druid.pool.DruidDataSource] -- {dataSource-0} closing ...
[2020-10-27 15:06:04] -- [INFO ]: [com.alibaba.druid.pool.DruidDataSource] -- {dataSource-0} closing ...
[2020-10-27 15:06:04] -- [INFO ]: [org.apache.coyote.http11.Http11NioProtocol] -- Pausing ProtocolHandler ["http-nio-80"]
[2020-10-27 15:06:04] -- [INFO ]: [org.apache.catalina.core.StandardService] -- Stopping service [Tomcat]
[2020-10-27 15:06:04] -- [INFO ]: [org.apache.coyote.http11.Http11NioProtocol] -- Stopping ProtocolHandler ["http-nio-80"]
[2020-10-27 15:06:04] -- [INFO ]: [org.apache.coyote.http11.Http11NioProtocol] -- Destroying ProtocolHandler ["http-nio-80"]
[2020-10-27 15:06:14] -- [INFO ]: [cn.besbing.ServerApplication] -- Starting ServerApplication on DESKTOP-1G7K14M with PID 10408 (E:\dataloadercloud3\server\target\classes started by Administrator in E:\dataloadercloud3)
[2020-10-27 15:06:14] -- [INFO ]: [cn.besbing.ServerApplication] -- No active profile set, falling back to default profiles: default
[2020-10-27 15:06:18] -- [INFO ]: [org.apache.coyote.http11.Http11NioProtocol] -- Initializing ProtocolHandler ["http-nio-80"]
[2020-10-27 15:06:18] -- [INFO ]: [org.apache.catalina.core.StandardService] -- Starting service [Tomcat]
[2020-10-27 15:06:18] -- [INFO ]: [org.apache.catalina.core.StandardEngine] -- Starting Servlet engine: [Apache Tomcat/9.0.38]
[2020-10-27 15:06:18] -- [INFO ]: [org.apache.catalina.core.ContainerBase.[Tomcat].[localhost].[/]] -- Initializing Spring embedded WebApplicationContext
[2020-10-27 15:06:20] -- [INFO ]: [org.apache.coyote.http11.Http11NioProtocol] -- Starting ProtocolHandler ["http-nio-80"]
[2020-10-27 15:06:20] -- [INFO ]: [cn.besbing.ServerApplication] -- Started ServerApplication in 6.364 seconds (JVM running for 9.188)
[2020-10-27 15:06:23] -- [INFO ]: [org.apache.catalina.core.ContainerBase.[Tomcat].[localhost].[/]] -- Initializing Spring DispatcherServlet 'dispatcherServlet'
[2020-10-27 15:06:30] -- [INFO ]: [com.alibaba.druid.pool.DruidDataSource] -- {dataSource-1} inited
[2020-10-27 15:08:03] -- [INFO ]: [com.alibaba.druid.pool.DruidDataSource] -- {dataSource-0} closing ...
[2020-10-27 15:08:03] -- [INFO ]: [com.alibaba.druid.pool.DruidDataSource] -- {dataSource-0} closing ...
[2020-10-27 15:08:03] -- [INFO ]: [com.alibaba.druid.pool.DruidDataSource] -- {dataSource-1} closing ...
[2020-10-27 15:08:03] -- [INFO ]: [com.alibaba.druid.pool.DruidDataSource] -- {dataSource-1} closed
[2020-10-27 15:08:09] -- [INFO ]: [cn.besbing.ServerApplication] -- Starting ServerApplication on DESKTOP-1G7K14M with PID 1464 (E:\dataloadercloud3\server\target\classes started by Administrator in E:\dataloadercloud3)
[2020-10-27 15:08:09] -- [INFO ]: [cn.besbing.ServerApplication] -- No active profile set, falling back to default profiles: default
[2020-10-27 15:08:12] -- [INFO ]: [org.apache.coyote.http11.Http11NioProtocol] -- Initializing ProtocolHandler ["http-nio-80"]
[2020-10-27 15:08:12] -- [INFO ]: [org.apache.catalina.core.StandardService] -- Starting service [Tomcat]
[2020-10-27 15:08:12] -- [INFO ]: [org.apache.catalina.core.StandardEngine] -- Starting Servlet engine: [Apache Tomcat/9.0.38]
[2020-10-27 15:08:12] -- [INFO ]: [org.apache.catalina.core.ContainerBase.[Tomcat].[localhost].[/]] -- Initializing Spring embedded WebApplicationContext
[2020-10-27 15:08:14] -- [INFO ]: [org.apache.coyote.http11.Http11NioProtocol] -- Starting ProtocolHandler ["http-nio-80"]
[2020-10-27 15:08:14] -- [INFO ]: [cn.besbing.ServerApplication] -- Started ServerApplication in 6.214 seconds (JVM running for 8.322)
[2020-10-27 15:09:46] -- [INFO ]: [org.apache.catalina.core.ContainerBase.[Tomcat].[localhost].[/]] -- Initializing Spring DispatcherServlet 'dispatcherServlet'
[2020-10-27 15:10:00] -- [INFO ]: [com.alibaba.druid.pool.DruidDataSource] -- {dataSource-1} inited
[2020-10-27 15:11:32] -- [INFO ]: [com.alibaba.druid.pool.DruidDataSource] -- {dataSource-0} closing ...
[2020-10-27 15:11:32] -- [INFO ]: [com.alibaba.druid.pool.DruidDataSource] -- {dataSource-0} closing ...
[2020-10-27 15:11:32] -- [INFO ]: [com.alibaba.druid.pool.DruidDataSource] -- {dataSource-1} closing ...
[2020-10-27 15:11:32] -- [INFO ]: [com.alibaba.druid.pool.DruidDataSource] -- {dataSource-1} closed
[2020-10-27 15:11:39] -- [INFO ]: [cn.besbing.ServerApplication] -- Starting ServerApplication on DESKTOP-1G7K14M with PID 7776 (E:\dataloadercloud3\server\target\classes started by Administrator in E:\dataloadercloud3)
[2020-10-27 15:11:39] -- [INFO ]: [cn.besbing.ServerApplication] -- No active profile set, falling back to default profiles: default
[2020-10-27 15:11:41] -- [INFO ]: [com.alibaba.druid.pool.DruidDataSource] -- {dataSource-0} closing ...
[2020-10-27 15:12:46] -- [INFO ]: [cn.besbing.ServerApplication] -- Starting ServerApplication on DESKTOP-1G7K14M with PID 232 (E:\dataloadercloud3\server\target\classes started by Administrator in E:\dataloadercloud3)
[2020-10-27 15:12:46] -- [INFO ]: [cn.besbing.ServerApplication] -- No active profile set, falling back to default profiles: default
[2020-10-27 15:12:49] -- [INFO ]: [org.apache.coyote.http11.Http11NioProtocol] -- Initializing ProtocolHandler ["http-nio-80"]
[2020-10-27 15:12:49] -- [INFO ]: [org.apache.catalina.core.StandardService] -- Starting service [Tomcat]
[2020-10-27 15:12:49] -- [INFO ]: [org.apache.catalina.core.StandardEngine] -- Starting Servlet engine: [Apache Tomcat/9.0.38]
[2020-10-27 15:12:49] -- [INFO ]: [org.apache.catalina.core.ContainerBase.[Tomcat].[localhost].[/]] -- Initializing Spring embedded WebApplicationContext
[2020-10-27 15:12:51] -- [INFO ]: [org.apache.coyote.http11.Http11NioProtocol] -- Starting ProtocolHandler ["http-nio-80"]
[2020-10-27 15:12:51] -- [INFO ]: [cn.besbing.ServerApplication] -- Started ServerApplication in 5.585 seconds (JVM running for 6.651)
[2020-10-27 15:12:57] -- [INFO ]: [org.apache.catalina.core.ContainerBase.[Tomcat].[localhost].[/]] -- Initializing Spring DispatcherServlet 'dispatcherServlet'
[2020-10-27 15:13:04] -- [INFO ]: [com.alibaba.druid.pool.DruidDataSource] -- {dataSource-1} inited
[2020-10-27 15:14:27] -- [INFO ]: [com.alibaba.druid.pool.DruidDataSource] -- {dataSource-0} closing ...
[2020-10-27 15:14:27] -- [INFO ]: [com.alibaba.druid.pool.DruidDataSource] -- {dataSource-0} closing ...
[2020-10-27 15:14:27] -- [INFO ]: [com.alibaba.druid.pool.DruidDataSource] -- {dataSource-1} closing ...
[2020-10-27 15:14:27] -- [INFO ]: [com.alibaba.druid.pool.DruidDataSource] -- {dataSource-1} closed
[2020-10-27 15:14:35] -- [INFO ]: [cn.besbing.ServerApplication] -- Starting ServerApplication on DESKTOP-1G7K14M with PID 11064 (E:\dataloadercloud3\server\target\classes started by Administrator in E:\dataloadercloud3)
[2020-10-27 15:14:35] -- [INFO ]: [cn.besbing.ServerApplication] -- No active profile set, falling back to default profiles: default
[2020-10-27 15:14:38] -- [INFO ]: [org.apache.coyote.http11.Http11NioProtocol] -- Initializing ProtocolHandler ["http-nio-80"]
[2020-10-27 15:14:38] -- [INFO ]: [org.apache.catalina.core.StandardService] -- Starting service [Tomcat]
[2020-10-27 15:14:38] -- [INFO ]: [org.apache.catalina.core.StandardEngine] -- Starting Servlet engine: [Apache Tomcat/9.0.38]
[2020-10-27 15:14:38] -- [INFO ]: [org.apache.catalina.core.ContainerBase.[Tomcat].[localhost].[/]] -- Initializing Spring embedded WebApplicationContext
[2020-10-27 15:14:40] -- [INFO ]: [org.apache.coyote.http11.Http11NioProtocol] -- Starting ProtocolHandler ["http-nio-80"]
[2020-10-27 15:14:40] -- [INFO ]: [cn.besbing.ServerApplication] -- Started ServerApplication in 5.543 seconds (JVM running for 7.291)
[2020-10-27 15:43:14] -- [INFO ]: [org.apache.catalina.core.ContainerBase.[Tomcat].[localhost].[/]] -- Initializing Spring DispatcherServlet 'dispatcherServlet'
[2020-10-27 15:43:44] -- [INFO ]: [com.alibaba.druid.pool.DruidDataSource] -- {dataSource-1} inited
[2020-10-27 16:49:34] -- [INFO ]: [cn.besbing.ServerApplication] -- Starting ServerApplication on DESKTOP-1G7K14M with PID 3652 (E:\dataloadercloud3\server\target\classes started by Administrator in E:\dataloadercloud3)
[2020-10-27 16:49:34] -- [INFO ]: [cn.besbing.ServerApplication] -- No active profile set, falling back to default profiles: default
[2020-10-27 16:49:37] -- [INFO ]: [org.apache.coyote.http11.Http11NioProtocol] -- Initializing ProtocolHandler ["http-nio-80"]
[2020-10-27 16:49:37] -- [INFO ]: [org.apache.catalina.core.StandardService] -- Starting service [Tomcat]
[2020-10-27 16:49:37] -- [INFO ]: [org.apache.catalina.core.StandardEngine] -- Starting Servlet engine: [Apache Tomcat/9.0.38]
[2020-10-27 16:49:37] -- [INFO ]: [org.apache.catalina.core.ContainerBase.[Tomcat].[localhost].[/]] -- Initializing Spring embedded WebApplicationContext
[2020-10-27 16:49:38] -- [INFO ]: [org.apache.coyote.http11.Http11NioProtocol] -- Starting ProtocolHandler ["http-nio-80"]
[2020-10-27 16:49:39] -- [INFO ]: [cn.besbing.ServerApplication] -- Started ServerApplication in 5.095 seconds (JVM running for 5.826)
[2020-10-27 16:49:42] -- [INFO ]: [org.apache.catalina.core.ContainerBase.[Tomcat].[localhost].[/]] -- Initializing Spring DispatcherServlet 'dispatcherServlet'
[2020-10-27 16:49:48] -- [INFO ]: [com.alibaba.druid.pool.DruidDataSource] -- {dataSource-1} inited
[2020-10-27 16:51:54] -- [INFO ]: [cn.besbing.ServerApplication] -- Starting ServerApplication on DESKTOP-1G7K14M with PID 2128 (E:\dataloadercloud3\server\target\classes started by Administrator in E:\dataloadercloud3)
[2020-10-27 16:51:54] -- [INFO ]: [cn.besbing.ServerApplication] -- No active profile set, falling back to default profiles: default
[2020-10-27 16:51:57] -- [INFO ]: [org.apache.coyote.http11.Http11NioProtocol] -- Initializing ProtocolHandler ["http-nio-80"]
[2020-10-27 16:51:57] -- [INFO ]: [org.apache.catalina.core.StandardService] -- Starting service [Tomcat]
[2020-10-27 16:51:57] -- [INFO ]: [org.apache.catalina.core.StandardEngine] -- Starting Servlet engine: [Apache Tomcat/9.0.38]
[2020-10-27 16:51:57] -- [INFO ]: [org.apache.catalina.core.ContainerBase.[Tomcat].[localhost].[/]] -- Initializing Spring embedded WebApplicationContext
[2020-10-27 16:51:59] -- [INFO ]: [org.apache.coyote.http11.Http11NioProtocol] -- Starting ProtocolHandler ["http-nio-80"]
[2020-10-27 16:51:59] -- [INFO ]: [cn.besbing.ServerApplication] -- Started ServerApplication in 5.033 seconds (JVM running for 5.719)
[2020-10-27 16:52:09] -- [INFO ]: [cn.besbing.ServerApplication] -- Starting ServerApplication on DESKTOP-1G7K14M with PID 11128 (E:\dataloadercloud3\server\target\classes started by Administrator in E:\dataloadercloud3)
[2020-10-27 16:52:09] -- [INFO ]: [cn.besbing.ServerApplication] -- No active profile set, falling back to default profiles: default
[2020-10-27 16:52:12] -- [INFO ]: [org.apache.coyote.http11.Http11NioProtocol] -- Initializing ProtocolHandler ["http-nio-80"]
[2020-10-27 16:52:12] -- [INFO ]: [org.apache.catalina.core.StandardService] -- Starting service [Tomcat]
[2020-10-27 16:52:12] -- [INFO ]: [org.apache.catalina.core.StandardEngine] -- Starting Servlet engine: [Apache Tomcat/9.0.38]
[2020-10-27 16:52:12] -- [INFO ]: [org.apache.catalina.core.ContainerBase.[Tomcat].[localhost].[/]] -- Initializing Spring embedded WebApplicationContext
[2020-10-27 16:52:14] -- [INFO ]: [org.apache.coyote.http11.Http11NioProtocol] -- Starting ProtocolHandler ["http-nio-80"]
[2020-10-27 16:52:14] -- [INFO ]: [cn.besbing.ServerApplication] -- Started ServerApplication in 4.972 seconds (JVM running for 5.608)
[2020-10-27 16:52:18] -- [INFO ]: [org.apache.catalina.core.ContainerBase.[Tomcat].[localhost].[/]] -- Initializing Spring DispatcherServlet 'dispatcherServlet'
[2020-10-27 16:52:26] -- [INFO ]: [com.alibaba.druid.pool.DruidDataSource] -- {dataSource-1} inited
[2020-10-27 17:23:41] -- [INFO ]: [cn.besbing.ServerApplication] -- Starting ServerApplication on DESKTOP-1G7K14M with PID 10332 (E:\dataloadercloud3\server\target\classes started by Administrator in E:\dataloadercloud3)
[2020-10-27 17:23:41] -- [INFO ]: [cn.besbing.ServerApplication] -- No active profile set, falling back to default profiles: default
[2020-10-27 17:23:44] -- [INFO ]: [org.apache.coyote.http11.Http11NioProtocol] -- Initializing ProtocolHandler ["http-nio-80"]
[2020-10-27 17:23:44] -- [INFO ]: [org.apache.catalina.core.StandardService] -- Starting service [Tomcat]
[2020-10-27 17:23:44] -- [INFO ]: [org.apache.catalina.core.StandardEngine] -- Starting Servlet engine: [Apache Tomcat/9.0.38]
[2020-10-27 17:23:44] -- [INFO ]: [org.apache.catalina.core.ContainerBase.[Tomcat].[localhost].[/]] -- Initializing Spring embedded WebApplicationContext
[2020-10-27 17:23:46] -- [INFO ]: [org.apache.coyote.http11.Http11NioProtocol] -- Starting ProtocolHandler ["http-nio-80"]
[2020-10-27 17:23:46] -- [INFO ]: [cn.besbing.ServerApplication] -- Started ServerApplication in 4.86 seconds (JVM running for 5.529)
[2020-10-27 17:23:50] -- [INFO ]: [org.apache.catalina.core.ContainerBase.[Tomcat].[localhost].[/]] -- Initializing Spring DispatcherServlet 'dispatcherServlet'
[2020-10-27 17:23:57] -- [INFO ]: [com.alibaba.druid.pool.DruidDataSource] -- {dataSource-1} inited
[2020-10-27 17:24:52] -- [INFO ]: [cn.besbing.ServerApplication] -- Starting ServerApplication on DESKTOP-1G7K14M with PID 6368 (E:\dataloadercloud3\server\target\classes started by Administrator in E:\dataloadercloud3)
[2020-10-27 17:24:52] -- [INFO ]: [cn.besbing.ServerApplication] -- No active profile set, falling back to default profiles: default
[2020-10-27 17:24:55] -- [INFO ]: [org.apache.coyote.http11.Http11NioProtocol] -- Initializing ProtocolHandler ["http-nio-80"]
[2020-10-27 17:24:55] -- [INFO ]: [org.apache.catalina.core.StandardService] -- Starting service [Tomcat]
[2020-10-27 17:24:55] -- [INFO ]: [org.apache.catalina.core.StandardEngine] -- Starting Servlet engine: [Apache Tomcat/9.0.38]
[2020-10-27 17:24:55] -- [INFO ]: [org.apache.catalina.core.ContainerBase.[Tomcat].[localhost].[/]] -- Initializing Spring embedded WebApplicationContext
[2020-10-27 17:24:57] -- [INFO ]: [org.apache.coyote.http11.Http11NioProtocol] -- Starting ProtocolHandler ["http-nio-80"]
[2020-10-27 17:24:57] -- [INFO ]: [cn.besbing.ServerApplication] -- Started ServerApplication in 4.924 seconds (JVM running for 5.573)
[2020-10-27 17:24:59] -- [INFO ]: [org.apache.catalina.core.ContainerBase.[Tomcat].[localhost].[/]] -- Initializing Spring DispatcherServlet 'dispatcherServlet'
[2020-10-27 17:25:06] -- [INFO ]: [com.alibaba.druid.pool.DruidDataSource] -- {dataSource-1} inited
[2020-10-27 17:26:28] -- [INFO ]: [cn.besbing.ServerApplication] -- Starting ServerApplication on DESKTOP-1G7K14M with PID 11164 (E:\dataloadercloud3\server\target\classes started by Administrator in E:\dataloadercloud3)
[2020-10-27 17:26:28] -- [INFO ]: [cn.besbing.ServerApplication] -- No active profile set, falling back to default profiles: default
[2020-10-27 17:26:31] -- [INFO ]: [org.apache.coyote.http11.Http11NioProtocol] -- Initializing ProtocolHandler ["http-nio-80"]
[2020-10-27 17:26:31] -- [INFO ]: [org.apache.catalina.core.StandardService] -- Starting service [Tomcat]
[2020-10-27 17:26:31] -- [INFO ]: [org.apache.catalina.core.StandardEngine] -- Starting Servlet engine: [Apache Tomcat/9.0.38]
[2020-10-27 17:26:31] -- [INFO ]: [org.apache.catalina.core.ContainerBase.[Tomcat].[localhost].[/]] -- Initializing Spring embedded WebApplicationContext
[2020-10-27 17:26:33] -- [INFO ]: [org.apache.coyote.http11.Http11NioProtocol] -- Starting ProtocolHandler ["http-nio-80"]
[2020-10-27 17:26:33] -- [INFO ]: [cn.besbing.ServerApplication] -- Started ServerApplication in 5.339 seconds (JVM running for 5.989)
[2020-10-27 17:26:37] -- [INFO ]: [org.apache.catalina.core.ContainerBase.[Tomcat].[localhost].[/]] -- Initializing Spring DispatcherServlet 'dispatcherServlet'
[2020-10-27 17:26:48] -- [INFO ]: [com.alibaba.druid.pool.DruidDataSource] -- {dataSource-1} inited
[2020-10-27 17:27:22] -- [INFO ]: [cn.besbing.ServerApplication] -- Starting ServerApplication on DESKTOP-1G7K14M with PID 9568 (E:\dataloadercloud3\server\target\classes started by Administrator in E:\dataloadercloud3)
[2020-10-27 17:27:22] -- [INFO ]: [cn.besbing.ServerApplication] -- No active profile set, falling back to default profiles: default
[2020-10-27 17:27:24] -- [INFO ]: [org.apache.coyote.http11.Http11NioProtocol] -- Initializing ProtocolHandler ["http-nio-80"]
[2020-10-27 17:27:24] -- [INFO ]: [org.apache.catalina.core.StandardService] -- Starting service [Tomcat]
[2020-10-27 17:27:24] -- [INFO ]: [org.apache.catalina.core.StandardEngine] -- Starting Servlet engine: [Apache Tomcat/9.0.38]
[2020-10-27 17:27:24] -- [INFO ]: [org.apache.catalina.core.ContainerBase.[Tomcat].[localhost].[/]] -- Initializing Spring embedded WebApplicationContext
[2020-10-27 17:27:26] -- [INFO ]: [org.apache.coyote.http11.Http11NioProtocol] -- Starting ProtocolHandler ["http-nio-80"]
[2020-10-27 17:27:26] -- [INFO ]: [cn.besbing.ServerApplication] -- Started ServerApplication in 4.85 seconds (JVM running for 5.5)
[2020-10-27 17:27:36] -- [INFO ]: [org.apache.catalina.core.ContainerBase.[Tomcat].[localhost].[/]] -- Initializing Spring DispatcherServlet 'dispatcherServlet'
[2020-10-27 17:27:42] -- [INFO ]: [com.alibaba.druid.pool.DruidDataSource] -- {dataSource-1} inited
[2020-10-27 17:28:23] -- [INFO ]: [cn.besbing.ServerApplication] -- Starting ServerApplication on DESKTOP-1G7K14M with PID 11140 (E:\dataloadercloud3\server\target\classes started by Administrator in E:\dataloadercloud3)
[2020-10-27 17:28:23] -- [INFO ]: [cn.besbing.ServerApplication] -- No active profile set, falling back to default profiles: default
[2020-10-27 17:28:25] -- [INFO ]: [org.apache.coyote.http11.Http11NioProtocol] -- Initializing ProtocolHandler ["http-nio-80"]
[2020-10-27 17:28:25] -- [INFO ]: [org.apache.catalina.core.StandardService] -- Starting service [Tomcat]
[2020-10-27 17:28:25] -- [INFO ]: [org.apache.catalina.core.StandardEngine] -- Starting Servlet engine: [Apache Tomcat/9.0.38]
[2020-10-27 17:28:26] -- [INFO ]: [org.apache.catalina.core.ContainerBase.[Tomcat].[localhost].[/]] -- Initializing Spring embedded WebApplicationContext
[2020-10-27 17:28:27] -- [INFO ]: [org.apache.coyote.http11.Http11NioProtocol] -- Starting ProtocolHandler ["http-nio-80"]
[2020-10-27 17:28:27] -- [INFO ]: [cn.besbing.ServerApplication] -- Started ServerApplication in 4.951 seconds (JVM running for 5.604)
[2020-10-27 17:28:31] -- [INFO ]: [org.apache.catalina.core.ContainerBase.[Tomcat].[localhost].[/]] -- Initializing Spring DispatcherServlet 'dispatcherServlet'
[2020-10-27 17:28:39] -- [INFO ]: [com.alibaba.druid.pool.DruidDataSource] -- {dataSource-1} inited
[2020-10-27 17:30:05] -- [INFO ]: [cn.besbing.ServerApplication] -- Starting ServerApplication on DESKTOP-1G7K14M with PID 8612 (E:\dataloadercloud3\server\target\classes started by Administrator in E:\dataloadercloud3)
[2020-10-27 17:30:05] -- [INFO ]: [cn.besbing.ServerApplication] -- No active profile set, falling back to default profiles: default
[2020-10-27 17:30:07] -- [INFO ]: [org.apache.coyote.http11.Http11NioProtocol] -- Initializing ProtocolHandler ["http-nio-80"]
[2020-10-27 17:30:07] -- [INFO ]: [org.apache.catalina.core.StandardService] -- Starting service [Tomcat]
[2020-10-27 17:30:07] -- [INFO ]: [org.apache.catalina.core.StandardEngine] -- Starting Servlet engine: [Apache Tomcat/9.0.38]
[2020-10-27 17:30:08] -- [INFO ]: [org.apache.catalina.core.ContainerBase.[Tomcat].[localhost].[/]] -- Initializing Spring embedded WebApplicationContext
[2020-10-27 17:30:09] -- [INFO ]: [org.apache.coyote.http11.Http11NioProtocol] -- Starting ProtocolHandler ["http-nio-80"]
[2020-10-27 17:30:09] -- [INFO ]: [cn.besbing.ServerApplication] -- Started ServerApplication in 5.032 seconds (JVM running for 5.677)
[2020-10-27 17:31:52] -- [INFO ]: [org.apache.catalina.core.ContainerBase.[Tomcat].[localhost].[/]] -- Initializing Spring DispatcherServlet 'dispatcherServlet'
[2020-10-27 17:33:56] -- [INFO ]: [cn.besbing.ServerApplication] -- Starting ServerApplication on DESKTOP-1G7K14M with PID 10200 (E:\dataloadercloud3\server\target\classes started by Administrator in E:\dataloadercloud3)
[2020-10-27 17:33:56] -- [INFO ]: [cn.besbing.ServerApplication] -- No active profile set, falling back to default profiles: default
[2020-10-27 17:33:59] -- [INFO ]: [org.apache.coyote.http11.Http11NioProtocol] -- Initializing ProtocolHandler ["http-nio-80"]
[2020-10-27 17:33:59] -- [INFO ]: [org.apache.catalina.core.StandardService] -- Starting service [Tomcat]
[2020-10-27 17:33:59] -- [INFO ]: [org.apache.catalina.core.StandardEngine] -- Starting Servlet engine: [Apache Tomcat/9.0.38]
[2020-10-27 17:33:59] -- [INFO ]: [org.apache.catalina.core.ContainerBase.[Tomcat].[localhost].[/]] -- Initializing Spring embedded WebApplicationContext
[2020-10-27 17:34:00] -- [INFO ]: [org.apache.coyote.http11.Http11NioProtocol] -- Starting ProtocolHandler ["http-nio-80"]
[2020-10-27 17:34:01] -- [INFO ]: [cn.besbing.ServerApplication] -- Started ServerApplication in 5.112 seconds (JVM running for 5.791)
[2020-10-27 17:34:04] -- [INFO ]: [org.apache.catalina.core.ContainerBase.[Tomcat].[localhost].[/]] -- Initializing Spring DispatcherServlet 'dispatcherServlet'
[2020-10-27 17:34:11] -- [INFO ]: [com.alibaba.druid.pool.DruidDataSource] -- {dataSource-1} inited
[2020-10-27 17:34:59] -- [INFO ]: [cn.besbing.ServerApplication] -- Starting ServerApplication on DESKTOP-1G7K14M with PID 7656 (E:\dataloadercloud3\server\target\classes started by Administrator in E:\dataloadercloud3)
[2020-10-27 17:34:59] -- [INFO ]: [cn.besbing.ServerApplication] -- No active profile set, falling back to default profiles: default
[2020-10-27 17:35:01] -- [INFO ]: [org.apache.coyote.http11.Http11NioProtocol] -- Initializing ProtocolHandler ["http-nio-80"]
[2020-10-27 17:35:01] -- [INFO ]: [org.apache.catalina.core.StandardService] -- Starting service [Tomcat]
[2020-10-27 17:35:01] -- [INFO ]: [org.apache.catalina.core.StandardEngine] -- Starting Servlet engine: [Apache Tomcat/9.0.38]
[2020-10-27 17:35:02] -- [INFO ]: [org.apache.catalina.core.ContainerBase.[Tomcat].[localhost].[/]] -- Initializing Spring embedded WebApplicationContext
[2020-10-27 17:35:03] -- [INFO ]: [org.apache.coyote.http11.Http11NioProtocol] -- Starting ProtocolHandler ["http-nio-80"]
[2020-10-27 17:35:03] -- [INFO ]: [cn.besbing.ServerApplication] -- Started ServerApplication in 5.035 seconds (JVM running for 5.752)
[2020-10-27 17:35:05] -- [INFO ]: [org.apache.catalina.core.ContainerBase.[Tomcat].[localhost].[/]] -- Initializing Spring DispatcherServlet 'dispatcherServlet'
[2020-10-27 17:35:14] -- [INFO ]: [com.alibaba.druid.pool.DruidDataSource] -- {dataSource-1} inited
